<?xml version="1.0"?>
<!DOCTYPE coverage SYSTEM "http://cobertura.sourceforge.net/xml/coverage-04.dtd">

<coverage line-rate="0.9423631123919308" branch-rate="0.9117647058823529" lines-covered="327" lines-valid="347" branches-covered="93" branches-valid="102" complexity="1.9615384615384615" version="1.9.4.1" timestamp="1364503433245">
	<sources>
		<source>--source</source>
		<source>/Users/ryanjbaxter/git-repos/opensocial/explorer/java/gadget-spec-server/src/main/java</source>
	</sources>
	<packages>
		<package name="org.opensocial.explorer.specserver" line-rate="0.9619565217391305" branch-rate="0.9629629629629629" complexity="1.9210526315789473">
			<classes>
				<class name="org.opensocial.explorer.specserver.DefaultGadgetRegistry" filename="org/opensocial/explorer/specserver/DefaultGadgetRegistry.java" line-rate="0.9662921348314607" branch-rate="0.9230769230769231" complexity="2.4166666666666665">
					<methods>
						<method name="&lt;clinit&gt;" signature="()V" line-rate="1.0" branch-rate="1.0">
							<lines>
								<line number="54" hits="1" branch="false"/>
								<line number="55" hits="1" branch="false"/>
								<line number="57" hits="1" branch="false"/>
							</lines>
						</method>
						<method name="&lt;init&gt;" signature="(Lorg/opensocial/explorer/specserver/api/GadgetSpecFactory;Ljava/lang/String;)V" line-rate="1.0" branch-rate="1.0">
							<lines>
								<line number="71" hits="1" branch="false"/>
								<line number="72" hits="1" branch="false"/>
							</lines>
						</method>
						<method name="&lt;init&gt;" signature="(Lorg/opensocial/explorer/specserver/api/GadgetSpecFactory;Ljava/lang/String;Ljava/util/List;)V" line-rate="1.0" branch-rate="1.0">
							<lines>
								<line number="81" hits="10" branch="false"/>
								<line number="82" hits="10" branch="false"/>
								<line number="83" hits="10" branch="false"/>
								<line number="84" hits="10" branch="false"/>
								<line number="85" hits="10" branch="false"/>
								<line number="86" hits="10" branch="false"/>
								<line number="87" hits="10" branch="true" condition-coverage="100% (2/2)">
									<conditions>
										<condition number="0" type="jump" coverage="100%"/>
									</conditions>
								</line>
								<line number="89" hits="10" branch="false"/>
								<line number="90" hits="10" branch="false"/>
							</lines>
						</method>
						<method name="&lt;init&gt;" signature="(Lorg/opensocial/explorer/specserver/api/GadgetSpecFactory;Ljava/lang/String;[Ljava/lang/String;)V" line-rate="1.0" branch-rate="0.5">
							<lines>
								<line number="76" hits="9" branch="true" condition-coverage="50% (1/2)">
									<conditions>
										<condition number="0" type="jump" coverage="50%"/>
									</conditions>
								</line>
								<line number="77" hits="9" branch="false"/>
							</lines>
						</method>
						<method name="addToSpecTree" signature="(Lorg/opensocial/explorer/specserver/api/GadgetSpec;)V" line-rate="1.0" branch-rate="1.0">
							<lines>
								<line number="145" hits="21" branch="false"/>
								<line number="146" hits="21" branch="false"/>
								<line number="147" hits="21" branch="false"/>
								<line number="148" hits="21" branch="false"/>
								<line number="149" hits="75" branch="true" condition-coverage="100% (2/2)">
									<conditions>
										<condition number="0" type="jump" coverage="100%"/>
									</conditions>
								</line>
								<line number="150" hits="54" branch="false"/>
								<line number="151" hits="54" branch="true" condition-coverage="100% (2/2)">
									<conditions>
										<condition number="0" type="jump" coverage="100%"/>
									</conditions>
								</line>
								<line number="153" hits="21" branch="false"/>
								<line number="154" hits="21" branch="false"/>
								<line number="155" hits="21" branch="false"/>
								<line number="156" hits="33" branch="false"/>
								<line number="157" hits="33" branch="true" condition-coverage="100% (2/2)">
									<conditions>
										<condition number="0" type="jump" coverage="100%"/>
									</conditions>
								</line>
								<line number="158" hits="18" branch="false"/>
								<line number="159" hits="18" branch="false"/>
								<line number="160" hits="18" branch="false"/>
								<line number="161" hits="18" branch="false"/>
								<line number="162" hits="15" branch="false"/>
								<line number="166" hits="21" branch="false"/>
							</lines>
						</method>
						<method name="buildNewPathJSON" signature="(Ljava/lang/String;)Lorg/apache/wink/json4j/JSONObject;" line-rate="1.0" branch-rate="1.0">
							<lines>
								<line number="199" hits="18" branch="false"/>
								<line number="200" hits="18" branch="false"/>
								<line number="201" hits="18" branch="false"/>
								<line number="203" hits="18" branch="false"/>
								<line number="204" hits="18" branch="false"/>
								<line number="205" hits="18" branch="false"/>
								<line number="206" hits="18" branch="false"/>
								<line number="208" hits="18" branch="false"/>
							</lines>
						</method>
						<method name="buildNodeJSON" signature="(Lorg/opensocial/explorer/specserver/api/GadgetSpec;)Lorg/apache/wink/json4j/JSONObject;" line-rate="1.0" branch-rate="1.0">
							<lines>
								<line number="188" hits="21" branch="false"/>
								<line number="189" hits="21" branch="false"/>
								<line number="190" hits="21" branch="false"/>
								<line number="191" hits="21" branch="false"/>
								<line number="192" hits="21" branch="false"/>
							</lines>
						</method>
						<method name="getDefaultGadget" signature="()Lorg/opensocial/explorer/specserver/api/GadgetSpec;" line-rate="1.0" branch-rate="1.0">
							<lines>
								<line number="212" hits="17" branch="false"/>
							</lines>
						</method>
						<method name="getGadgetSpec" signature="(Ljava/lang/String;)Lorg/opensocial/explorer/specserver/api/GadgetSpec;" line-rate="0.0" branch-rate="1.0">
							<lines>
								<line number="216" hits="0" branch="false"/>
							</lines>
						</method>
						<method name="getNode" signature="(Lorg/apache/wink/json4j/JSONArray;Ljava/lang/String;)Lorg/apache/wink/json4j/JSONArray;" line-rate="1.0" branch-rate="0.8333333333333334">
							<lines>
								<line number="169" hits="54" branch="false"/>
								<line number="172" hits="69" branch="true" condition-coverage="100% (2/2)">
									<conditions>
										<condition number="0" type="jump" coverage="100%"/>
									</conditions>
								</line>
								<line number="173" hits="51" branch="false"/>
								<line number="174" hits="51" branch="true" condition-coverage="50% (1/2)">
									<conditions>
										<condition number="0" type="jump" coverage="50%"/>
									</conditions>
								</line>
								<line number="175" hits="51" branch="false"/>
								<line number="176" hits="51" branch="true" condition-coverage="100% (2/2)">
									<conditions>
										<condition number="0" type="jump" coverage="100%"/>
									</conditions>
								</line>
								<line number="177" hits="36" branch="false"/>
								<line number="181" hits="18" branch="false"/>
							</lines>
						</method>
						<method name="getSpecRegistryContents" signature="()Ljava/lang/Iterable;" line-rate="1.0" branch-rate="1.0">
							<lines>
								<line number="122" hits="10" branch="false"/>
								<line number="123" hits="10" branch="false"/>
								<line number="125" hits="10" branch="true" condition-coverage="100% (2/2)">
									<conditions>
										<condition number="0" type="jump" coverage="100%"/>
									</conditions>
								</line>
								<line number="126" hits="1" branch="false"/>
								<line number="127" hits="1" branch="false"/>
								<line number="128" hits="3" branch="true" condition-coverage="100% (2/2)">
									<conditions>
										<condition number="0" type="jump" coverage="100%"/>
									</conditions>
								</line>
								<line number="130" hits="2" branch="false"/>
								<line number="131" hits="1" branch="false"/>
								<line number="132" hits="1" branch="false"/>
								<line number="133" hits="1" branch="false"/>
								<line number="134" hits="1" branch="false"/>
								<line number="135" hits="1" branch="false"/>
								<line number="137" hits="1" branch="false"/>
								<line number="138" hits="1" branch="false"/>
								<line number="139" hits="1" branch="false"/>
								<line number="141" hits="9" branch="false"/>
							</lines>
						</method>
						<method name="getSpecTree" signature="()Lorg/apache/wink/json4j/JSONArray;" line-rate="1.0" branch-rate="1.0">
							<lines>
								<line number="118" hits="10" branch="false"/>
							</lines>
						</method>
						<method name="loadSpecs" signature="()V" line-rate="0.8666666666666667" branch-rate="1.0">
							<lines>
								<line number="93" hits="10" branch="false"/>
								<line number="99" hits="10" branch="true" condition-coverage="100% (2/2)">
									<conditions>
										<condition number="0" type="jump" coverage="100%"/>
									</conditions>
								</line>
								<line number="100" hits="22" branch="false"/>
								<line number="101" hits="22" branch="true" condition-coverage="100% (2/2)">
									<conditions>
										<condition number="0" type="jump" coverage="100%"/>
									</conditions>
								</line>
								<line number="102" hits="1" branch="false"/>
								<line number="103" hits="1" branch="false"/>
								<line number="105" hits="21" branch="false"/>
								<line number="106" hits="21" branch="true" condition-coverage="100% (2/2)">
									<conditions>
										<condition number="0" type="jump" coverage="100%"/>
									</conditions>
								</line>
								<line number="107" hits="9" branch="false"/>
								<line number="109" hits="21" branch="false"/>
								<line number="110" hits="21" branch="false"/>
								<line number="111" hits="0" branch="false"/>
								<line number="112" hits="0" branch="false"/>
								<line number="113" hits="10" branch="false"/>
								<line number="115" hits="10" branch="false"/>
							</lines>
						</method>
					</methods>
					<lines>
						<line number="54" hits="1" branch="false"/>
						<line number="55" hits="1" branch="false"/>
						<line number="57" hits="1" branch="false"/>
						<line number="71" hits="1" branch="false"/>
						<line number="72" hits="1" branch="false"/>
						<line number="76" hits="9" branch="true" condition-coverage="50% (1/2)">
							<conditions>
								<condition number="0" type="jump" coverage="50%"/>
							</conditions>
						</line>
						<line number="77" hits="9" branch="false"/>
						<line number="81" hits="10" branch="false"/>
						<line number="82" hits="10" branch="false"/>
						<line number="83" hits="10" branch="false"/>
						<line number="84" hits="10" branch="false"/>
						<line number="85" hits="10" branch="false"/>
						<line number="86" hits="10" branch="false"/>
						<line number="87" hits="10" branch="true" condition-coverage="100% (2/2)">
							<conditions>
								<condition number="0" type="jump" coverage="100%"/>
							</conditions>
						</line>
						<line number="89" hits="10" branch="false"/>
						<line number="90" hits="10" branch="false"/>
						<line number="93" hits="10" branch="false"/>
						<line number="99" hits="10" branch="true" condition-coverage="100% (2/2)">
							<conditions>
								<condition number="0" type="jump" coverage="100%"/>
							</conditions>
						</line>
						<line number="100" hits="22" branch="false"/>
						<line number="101" hits="22" branch="true" condition-coverage="100% (2/2)">
							<conditions>
								<condition number="0" type="jump" coverage="100%"/>
							</conditions>
						</line>
						<line number="102" hits="1" branch="false"/>
						<line number="103" hits="1" branch="false"/>
						<line number="105" hits="21" branch="false"/>
						<line number="106" hits="21" branch="true" condition-coverage="100% (2/2)">
							<conditions>
								<condition number="0" type="jump" coverage="100%"/>
							</conditions>
						</line>
						<line number="107" hits="9" branch="false"/>
						<line number="109" hits="21" branch="false"/>
						<line number="110" hits="21" branch="false"/>
						<line number="111" hits="0" branch="false"/>
						<line number="112" hits="0" branch="false"/>
						<line number="113" hits="10" branch="false"/>
						<line number="115" hits="10" branch="false"/>
						<line number="118" hits="10" branch="false"/>
						<line number="122" hits="10" branch="false"/>
						<line number="123" hits="10" branch="false"/>
						<line number="125" hits="10" branch="true" condition-coverage="100% (2/2)">
							<conditions>
								<condition number="0" type="jump" coverage="100%"/>
							</conditions>
						</line>
						<line number="126" hits="1" branch="false"/>
						<line number="127" hits="1" branch="false"/>
						<line number="128" hits="3" branch="true" condition-coverage="100% (2/2)">
							<conditions>
								<condition number="0" type="jump" coverage="100%"/>
							</conditions>
						</line>
						<line number="130" hits="2" branch="false"/>
						<line number="131" hits="1" branch="false"/>
						<line number="132" hits="1" branch="false"/>
						<line number="133" hits="1" branch="false"/>
						<line number="134" hits="1" branch="false"/>
						<line number="135" hits="1" branch="false"/>
						<line number="137" hits="1" branch="false"/>
						<line number="138" hits="1" branch="false"/>
						<line number="139" hits="1" branch="false"/>
						<line number="141" hits="9" branch="false"/>
						<line number="145" hits="21" branch="false"/>
						<line number="146" hits="21" branch="false"/>
						<line number="147" hits="21" branch="false"/>
						<line number="148" hits="21" branch="false"/>
						<line number="149" hits="75" branch="true" condition-coverage="100% (2/2)">
							<conditions>
								<condition number="0" type="jump" coverage="100%"/>
							</conditions>
						</line>
						<line number="150" hits="54" branch="false"/>
						<line number="151" hits="54" branch="true" condition-coverage="100% (2/2)">
							<conditions>
								<condition number="0" type="jump" coverage="100%"/>
							</conditions>
						</line>
						<line number="153" hits="21" branch="false"/>
						<line number="154" hits="21" branch="false"/>
						<line number="155" hits="21" branch="false"/>
						<line number="156" hits="33" branch="false"/>
						<line number="157" hits="33" branch="true" condition-coverage="100% (2/2)">
							<conditions>
								<condition number="0" type="jump" coverage="100%"/>
							</conditions>
						</line>
						<line number="158" hits="18" branch="false"/>
						<line number="159" hits="18" branch="false"/>
						<line number="160" hits="18" branch="false"/>
						<line number="161" hits="18" branch="false"/>
						<line number="162" hits="15" branch="false"/>
						<line number="166" hits="21" branch="false"/>
						<line number="169" hits="54" branch="false"/>
						<line number="172" hits="69" branch="true" condition-coverage="100% (2/2)">
							<conditions>
								<condition number="0" type="jump" coverage="100%"/>
							</conditions>
						</line>
						<line number="173" hits="51" branch="false"/>
						<line number="174" hits="51" branch="true" condition-coverage="50% (1/2)">
							<conditions>
								<condition number="0" type="jump" coverage="50%"/>
							</conditions>
						</line>
						<line number="175" hits="51" branch="false"/>
						<line number="176" hits="51" branch="true" condition-coverage="100% (2/2)">
							<conditions>
								<condition number="0" type="jump" coverage="100%"/>
							</conditions>
						</line>
						<line number="177" hits="36" branch="false"/>
						<line number="181" hits="18" branch="false"/>
						<line number="188" hits="21" branch="false"/>
						<line number="189" hits="21" branch="false"/>
						<line number="190" hits="21" branch="false"/>
						<line number="191" hits="21" branch="false"/>
						<line number="192" hits="21" branch="false"/>
						<line number="199" hits="18" branch="false"/>
						<line number="200" hits="18" branch="false"/>
						<line number="201" hits="18" branch="false"/>
						<line number="203" hits="18" branch="false"/>
						<line number="204" hits="18" branch="false"/>
						<line number="205" hits="18" branch="false"/>
						<line number="206" hits="18" branch="false"/>
						<line number="208" hits="18" branch="false"/>
						<line number="212" hits="17" branch="false"/>
						<line number="216" hits="0" branch="false"/>
					</lines>
				</class>
				<class name="org.opensocial.explorer.specserver.DefaultGadgetResource" filename="org/opensocial/explorer/specserver/DefaultGadgetResource.java" line-rate="0.8823529411764706" branch-rate="1.0" complexity="1.0">
					<methods>
						<method name="&lt;init&gt;" signature="(Ljava/lang/String;)V" line-rate="1.0" branch-rate="1.0">
							<lines>
								<line number="46" hits="43" branch="false"/>
								<line number="47" hits="43" branch="false"/>
								<line number="48" hits="43" branch="false"/>
								<line number="49" hits="43" branch="false"/>
								<line number="50" hits="43" branch="false"/>
							</lines>
						</method>
						<method name="&lt;init&gt;" signature="(Ljava/lang/String;Ljava/lang/String;)V" line-rate="1.0" branch-rate="1.0">
							<lines>
								<line number="41" hits="39" branch="false"/>
								<line number="42" hits="39" branch="false"/>
								<line number="43" hits="39" branch="false"/>
								<line number="44" hits="38" branch="false"/>
							</lines>
						</method>
						<method name="getContent" signature="()Ljava/lang/String;" line-rate="1.0" branch-rate="1.0">
							<lines>
								<line number="61" hits="14" branch="false"/>
							</lines>
						</method>
						<method name="getContentType" signature="()Ljava/lang/String;" line-rate="0.0" branch-rate="1.0">
							<lines>
								<line number="72" hits="0" branch="false"/>
							</lines>
						</method>
						<method name="getName" signature="()Ljava/lang/String;" line-rate="1.0" branch-rate="1.0">
							<lines>
								<line number="53" hits="9" branch="false"/>
							</lines>
						</method>
						<method name="getPath" signature="()Ljava/lang/String;" line-rate="0.0" branch-rate="1.0">
							<lines>
								<line number="57" hits="0" branch="false"/>
							</lines>
						</method>
						<method name="toJSON" signature="()Lorg/apache/wink/json4j/JSONObject;" line-rate="1.0" branch-rate="1.0">
							<lines>
								<line number="65" hits="9" branch="false"/>
								<line number="66" hits="9" branch="false"/>
								<line number="67" hits="9" branch="false"/>
								<line number="68" hits="9" branch="false"/>
							</lines>
						</method>
					</methods>
					<lines>
						<line number="41" hits="39" branch="false"/>
						<line number="42" hits="39" branch="false"/>
						<line number="43" hits="39" branch="false"/>
						<line number="44" hits="38" branch="false"/>
						<line number="46" hits="43" branch="false"/>
						<line number="47" hits="43" branch="false"/>
						<line number="48" hits="43" branch="false"/>
						<line number="49" hits="43" branch="false"/>
						<line number="50" hits="43" branch="false"/>
						<line number="53" hits="9" branch="false"/>
						<line number="57" hits="0" branch="false"/>
						<line number="61" hits="14" branch="false"/>
						<line number="65" hits="9" branch="false"/>
						<line number="66" hits="9" branch="false"/>
						<line number="67" hits="9" branch="false"/>
						<line number="68" hits="9" branch="false"/>
						<line number="72" hits="0" branch="false"/>
					</lines>
				</class>
				<class name="org.opensocial.explorer.specserver.DefaultGadgetSpec" filename="org/opensocial/explorer/specserver/DefaultGadgetSpec.java" line-rate="0.9701492537313433" branch-rate="1.0" complexity="2.0">
					<methods>
						<method name="&lt;init&gt;" signature="(Ljava/lang/String;)V" line-rate="1.0" branch-rate="1.0">
							<lines>
								<line number="47" hits="15" branch="false"/>
								<line number="48" hits="15" branch="false"/>
								<line number="49" hits="15" branch="false"/>
								<line number="50" hits="9" branch="false"/>
							</lines>
						</method>
						<method name="&lt;init&gt;" signature="(Lorg/opensocial/explorer/specserver/api/GadgetResource;Ljava/util/Map;Ljava/util/Map;Ljava/util/Map;)V" line-rate="1.0" branch-rate="1.0">
							<lines>
								<line number="54" hits="1" branch="false"/>
								<line number="55" hits="1" branch="false"/>
								<line number="56" hits="1" branch="false"/>
								<line number="57" hits="1" branch="false"/>
								<line number="58" hits="1" branch="false"/>
								<line number="59" hits="1" branch="false"/>
							</lines>
						</method>
						<method name="createResources" signature="(Lorg/apache/wink/json4j/JSONArray;Ljava/lang/String;)Ljava/util/Map;" line-rate="1.0" branch-rate="1.0">
							<lines>
								<line number="119" hits="12" branch="false"/>
								<line number="120" hits="12" branch="false"/>
								<line number="122" hits="36" branch="true" condition-coverage="100% (2/2)">
									<conditions>
										<condition number="0" type="jump" coverage="100%"/>
									</conditions>
								</line>
								<line number="123" hits="24" branch="false"/>
								<line number="124" hits="24" branch="false"/>
								<line number="126" hits="12" branch="false"/>
							</lines>
						</method>
						<method name="getCssResources" signature="()Ljava/util/Map;" line-rate="1.0" branch-rate="1.0">
							<lines>
								<line number="143" hits="5" branch="false"/>
							</lines>
						</method>
						<method name="getEEResource" signature="()Lorg/opensocial/explorer/specserver/api/GadgetResource;" line-rate="1.0" branch-rate="1.0">
							<lines>
								<line number="139" hits="5" branch="false"/>
							</lines>
						</method>
						<method name="getGadgetResource" signature="()Lorg/opensocial/explorer/specserver/api/GadgetResource;" line-rate="1.0" branch-rate="1.0">
							<lines>
								<line number="135" hits="6" branch="false"/>
							</lines>
						</method>
						<method name="getHtmlResources" signature="()Ljava/util/Map;" line-rate="1.0" branch-rate="1.0">
							<lines>
								<line number="147" hits="5" branch="false"/>
							</lines>
						</method>
						<method name="getId" signature="()Ljava/lang/String;" line-rate="1.0" branch-rate="1.0">
							<lines>
								<line number="186" hits="7" branch="false"/>
							</lines>
						</method>
						<method name="getJsResources" signature="()Ljava/util/Map;" line-rate="1.0" branch-rate="1.0">
							<lines>
								<line number="151" hits="5" branch="false"/>
							</lines>
						</method>
						<method name="getPathToSpec" signature="()Ljava/lang/String;" line-rate="1.0" branch-rate="1.0">
							<lines>
								<line number="110" hits="3" branch="false"/>
							</lines>
						</method>
						<method name="getTitle" signature="()Ljava/lang/String;" line-rate="1.0" branch-rate="1.0">
							<lines>
								<line number="106" hits="4" branch="false"/>
							</lines>
						</method>
						<method name="isDefault" signature="()Z" line-rate="1.0" branch-rate="1.0">
							<lines>
								<line number="114" hits="7" branch="false"/>
							</lines>
						</method>
						<method name="loadSpec" signature="(Ljava/lang/String;)V" line-rate="1.0" branch-rate="1.0">
							<lines>
								<line number="62" hits="15" branch="false"/>
								<line number="63" hits="14" branch="true" condition-coverage="100% (2/2)">
									<conditions>
										<condition number="0" type="jump" coverage="100%"/>
									</conditions>
								</line>
								<line number="64" hits="2" branch="false"/>
								<line number="69" hits="12" branch="false"/>
								<line number="70" hits="12" branch="false"/>
								<line number="71" hits="12" branch="true" condition-coverage="100% (2/2)">
									<conditions>
										<condition number="0" type="jump" coverage="100%"/>
									</conditions>
								</line>
								<line number="72" hits="1" branch="false"/>
								<line number="74" hits="11" branch="false"/>
								<line number="77" hits="10" branch="true" condition-coverage="100% (2/2)">
									<conditions>
										<condition number="0" type="jump" coverage="100%"/>
									</conditions>
								</line>
								<line number="78" hits="1" branch="false"/>
								<line number="80" hits="9" branch="false"/>
								<line number="82" hits="9" branch="true" condition-coverage="100% (2/2)">
									<conditions>
										<condition number="0" type="jump" coverage="100%"/>
									</conditions>
								</line>
								<line number="83" hits="4" branch="false"/>
								<line number="86" hits="9" branch="true" condition-coverage="100% (2/2)">
									<conditions>
										<condition number="0" type="jump" coverage="100%"/>
									</conditions>
								</line>
								<line number="87" hits="4" branch="false"/>
								<line number="90" hits="9" branch="true" condition-coverage="100% (2/2)">
									<conditions>
										<condition number="0" type="jump" coverage="100%"/>
									</conditions>
								</line>
								<line number="91" hits="4" branch="false"/>
								<line number="94" hits="9" branch="true" condition-coverage="100% (2/2)">
									<conditions>
										<condition number="0" type="jump" coverage="100%"/>
									</conditions>
								</line>
								<line number="95" hits="8" branch="false"/>
								<line number="98" hits="9" branch="true" condition-coverage="100% (2/2)">
									<conditions>
										<condition number="0" type="jump" coverage="100%"/>
									</conditions>
								</line>
								<line number="99" hits="4" branch="false"/>
								<line number="103" hits="9" branch="false"/>
							</lines>
						</method>
						<method name="mapToJSONArray" signature="(Ljava/util/Map;)Lorg/apache/wink/json4j/JSONArray;" line-rate="1.0" branch-rate="1.0">
							<lines>
								<line number="178" hits="3" branch="false"/>
								<line number="179" hits="3" branch="true" condition-coverage="100% (2/2)">
									<conditions>
										<condition number="0" type="jump" coverage="100%"/>
									</conditions>
								</line>
								<line number="180" hits="6" branch="false"/>
								<line number="181" hits="6" branch="false"/>
								<line number="182" hits="3" branch="false"/>
							</lines>
						</method>
						<method name="setDefault" signature="(Z)V" line-rate="0.0" branch-rate="1.0">
							<lines>
								<line number="155" hits="0" branch="false"/>
								<line number="156" hits="0" branch="false"/>
							</lines>
						</method>
						<method name="toJSON" signature="()Lorg/apache/wink/json4j/JSONObject;" line-rate="1.0" branch-rate="1.0">
							<lines>
								<line number="159" hits="2" branch="false"/>
								<line number="160" hits="2" branch="false"/>
								<line number="161" hits="2" branch="false"/>
								<line number="162" hits="2" branch="true" condition-coverage="100% (2/2)">
									<conditions>
										<condition number="0" type="jump" coverage="100%"/>
									</conditions>
								</line>
								<line number="163" hits="1" branch="false"/>
								<line number="165" hits="2" branch="true" condition-coverage="100% (2/2)">
									<conditions>
										<condition number="0" type="jump" coverage="100%"/>
									</conditions>
								</line>
								<line number="166" hits="1" branch="false"/>
								<line number="168" hits="2" branch="true" condition-coverage="100% (2/2)">
									<conditions>
										<condition number="0" type="jump" coverage="100%"/>
									</conditions>
								</line>
								<line number="169" hits="1" branch="false"/>
								<line number="171" hits="2" branch="true" condition-coverage="100% (2/2)">
									<conditions>
										<condition number="0" type="jump" coverage="100%"/>
									</conditions>
								</line>
								<line number="172" hits="1" branch="false"/>
								<line number="174" hits="2" branch="false"/>
							</lines>
						</method>
						<method name="toString" signature="()Ljava/lang/String;" line-rate="1.0" branch-rate="1.0">
							<lines>
								<line number="131" hits="1" branch="false"/>
							</lines>
						</method>
					</methods>
					<lines>
						<line number="47" hits="15" branch="false"/>
						<line number="48" hits="15" branch="false"/>
						<line number="49" hits="15" branch="false"/>
						<line number="50" hits="9" branch="false"/>
						<line number="54" hits="1" branch="false"/>
						<line number="55" hits="1" branch="false"/>
						<line number="56" hits="1" branch="false"/>
						<line number="57" hits="1" branch="false"/>
						<line number="58" hits="1" branch="false"/>
						<line number="59" hits="1" branch="false"/>
						<line number="62" hits="15" branch="false"/>
						<line number="63" hits="14" branch="true" condition-coverage="100% (2/2)">
							<conditions>
								<condition number="0" type="jump" coverage="100%"/>
							</conditions>
						</line>
						<line number="64" hits="2" branch="false"/>
						<line number="69" hits="12" branch="false"/>
						<line number="70" hits="12" branch="false"/>
						<line number="71" hits="12" branch="true" condition-coverage="100% (2/2)">
							<conditions>
								<condition number="0" type="jump" coverage="100%"/>
							</conditions>
						</line>
						<line number="72" hits="1" branch="false"/>
						<line number="74" hits="11" branch="false"/>
						<line number="77" hits="10" branch="true" condition-coverage="100% (2/2)">
							<conditions>
								<condition number="0" type="jump" coverage="100%"/>
							</conditions>
						</line>
						<line number="78" hits="1" branch="false"/>
						<line number="80" hits="9" branch="false"/>
						<line number="82" hits="9" branch="true" condition-coverage="100% (2/2)">
							<conditions>
								<condition number="0" type="jump" coverage="100%"/>
							</conditions>
						</line>
						<line number="83" hits="4" branch="false"/>
						<line number="86" hits="9" branch="true" condition-coverage="100% (2/2)">
							<conditions>
								<condition number="0" type="jump" coverage="100%"/>
							</conditions>
						</line>
						<line number="87" hits="4" branch="false"/>
						<line number="90" hits="9" branch="true" condition-coverage="100% (2/2)">
							<conditions>
								<condition number="0" type="jump" coverage="100%"/>
							</conditions>
						</line>
						<line number="91" hits="4" branch="false"/>
						<line number="94" hits="9" branch="true" condition-coverage="100% (2/2)">
							<conditions>
								<condition number="0" type="jump" coverage="100%"/>
							</conditions>
						</line>
						<line number="95" hits="8" branch="false"/>
						<line number="98" hits="9" branch="true" condition-coverage="100% (2/2)">
							<conditions>
								<condition number="0" type="jump" coverage="100%"/>
							</conditions>
						</line>
						<line number="99" hits="4" branch="false"/>
						<line number="103" hits="9" branch="false"/>
						<line number="106" hits="4" branch="false"/>
						<line number="110" hits="3" branch="false"/>
						<line number="114" hits="7" branch="false"/>
						<line number="119" hits="12" branch="false"/>
						<line number="120" hits="12" branch="false"/>
						<line number="122" hits="36" branch="true" condition-coverage="100% (2/2)">
							<conditions>
								<condition number="0" type="jump" coverage="100%"/>
							</conditions>
						</line>
						<line number="123" hits="24" branch="false"/>
						<line number="124" hits="24" branch="false"/>
						<line number="126" hits="12" branch="false"/>
						<line number="131" hits="1" branch="false"/>
						<line number="135" hits="6" branch="false"/>
						<line number="139" hits="5" branch="false"/>
						<line number="143" hits="5" branch="false"/>
						<line number="147" hits="5" branch="false"/>
						<line number="151" hits="5" branch="false"/>
						<line number="155" hits="0" branch="false"/>
						<line number="156" hits="0" branch="false"/>
						<line number="159" hits="2" branch="false"/>
						<line number="160" hits="2" branch="false"/>
						<line number="161" hits="2" branch="false"/>
						<line number="162" hits="2" branch="true" condition-coverage="100% (2/2)">
							<conditions>
								<condition number="0" type="jump" coverage="100%"/>
							</conditions>
						</line>
						<line number="163" hits="1" branch="false"/>
						<line number="165" hits="2" branch="true" condition-coverage="100% (2/2)">
							<conditions>
								<condition number="0" type="jump" coverage="100%"/>
							</conditions>
						</line>
						<line number="166" hits="1" branch="false"/>
						<line number="168" hits="2" branch="true" condition-coverage="100% (2/2)">
							<conditions>
								<condition number="0" type="jump" coverage="100%"/>
							</conditions>
						</line>
						<line number="169" hits="1" branch="false"/>
						<line number="171" hits="2" branch="true" condition-coverage="100% (2/2)">
							<conditions>
								<condition number="0" type="jump" coverage="100%"/>
							</conditions>
						</line>
						<line number="172" hits="1" branch="false"/>
						<line number="174" hits="2" branch="false"/>
						<line number="178" hits="3" branch="false"/>
						<line number="179" hits="3" branch="true" condition-coverage="100% (2/2)">
							<conditions>
								<condition number="0" type="jump" coverage="100%"/>
							</conditions>
						</line>
						<line number="180" hits="6" branch="false"/>
						<line number="181" hits="6" branch="false"/>
						<line number="182" hits="3" branch="false"/>
						<line number="186" hits="7" branch="false"/>
					</lines>
				</class>
				<class name="org.opensocial.explorer.specserver.DefaultGadgetSpecFactory" filename="org/opensocial/explorer/specserver/DefaultGadgetSpecFactory.java" line-rate="1.0" branch-rate="1.0" complexity="2.0">
					<methods>
						<method name="&lt;clinit&gt;" signature="()V" line-rate="1.0" branch-rate="1.0">
							<lines>
								<line number="33" hits="1" branch="false"/>
								<line number="34" hits="1" branch="false"/>
							</lines>
						</method>
						<method name="&lt;init&gt;" signature="()V" line-rate="1.0" branch-rate="1.0">
							<lines>
								<line number="31" hits="3" branch="false"/>
							</lines>
						</method>
						<method name="create" signature="(Ljava/lang/String;)Lorg/opensocial/explorer/specserver/api/GadgetSpec;" line-rate="1.0" branch-rate="1.0">
							<lines>
								<line number="38" hits="5" branch="false"/>
								<line number="40" hits="5" branch="false"/>
								<line number="41" hits="2" branch="false"/>
								<line number="42" hits="2" branch="false"/>
								<line number="43" hits="3" branch="false"/>
								<line number="44" hits="5" branch="false"/>
							</lines>
						</method>
					</methods>
					<lines>
						<line number="31" hits="3" branch="false"/>
						<line number="33" hits="1" branch="false"/>
						<line number="34" hits="1" branch="false"/>
						<line number="38" hits="5" branch="false"/>
						<line number="40" hits="5" branch="false"/>
						<line number="41" hits="2" branch="false"/>
						<line number="42" hits="2" branch="false"/>
						<line number="43" hits="3" branch="false"/>
						<line number="44" hits="5" branch="false"/>
					</lines>
				</class>
				<class name="org.opensocial.explorer.specserver.GadgetSpecLoadingException" filename="org/opensocial/explorer/specserver/GadgetSpecLoadingException.java" line-rate="1.0" branch-rate="1.0" complexity="1.0">
					<methods>
						<method name="&lt;init&gt;" signature="(Ljava/lang/String;)V" line-rate="1.0" branch-rate="1.0">
							<lines>
								<line number="28" hits="2" branch="false"/>
								<line number="29" hits="2" branch="false"/>
							</lines>
						</method>
					</methods>
					<lines>
						<line number="28" hits="2" branch="false"/>
						<line number="29" hits="2" branch="false"/>
					</lines>
				</class>
			</classes>
		</package>
		<package name="org.opensocial.explorer.specserver.api" line-rate="0.9090909090909091" branch-rate="1.0" complexity="1.0">
			<classes>
				<class name="org.opensocial.explorer.specserver.api.GadgetRegistry" filename="org/opensocial/explorer/specserver/api/GadgetRegistry.java" line-rate="1.0" branch-rate="1.0" complexity="1.0">
					<methods>
					</methods>
					<lines>
					</lines>
				</class>
				<class name="org.opensocial.explorer.specserver.api.GadgetResource" filename="org/opensocial/explorer/specserver/api/GadgetResource.java" line-rate="1.0" branch-rate="1.0" complexity="1.0">
					<methods>
					</methods>
					<lines>
					</lines>
				</class>
				<class name="org.opensocial.explorer.specserver.api.GadgetResource$ContentType" filename="org/opensocial/explorer/specserver/api/GadgetResource.java" line-rate="0.9090909090909091" branch-rate="1.0" complexity="1.0">
					<methods>
						<method name="&lt;clinit&gt;" signature="()V" line-rate="1.0" branch-rate="1.0">
							<lines>
								<line number="62" hits="45" branch="false"/>
								<line number="63" hits="1" branch="false"/>
								<line number="64" hits="1" branch="false"/>
								<line number="65" hits="1" branch="false"/>
								<line number="66" hits="1" branch="false"/>
								<line number="67" hits="1" branch="false"/>
								<line number="68" hits="1" branch="false"/>
							</lines>
						</method>
						<method name="&lt;init&gt;" signature="(Ljava/lang/String;ILjava/lang/String;)V" line-rate="1.0" branch-rate="1.0">
							<lines>
								<line number="72" hits="6" branch="false"/>
								<line number="73" hits="6" branch="false"/>
								<line number="74" hits="6" branch="false"/>
							</lines>
						</method>
						<method name="toString" signature="()Ljava/lang/String;" line-rate="0.0" branch-rate="1.0">
							<lines>
								<line number="80" hits="0" branch="false"/>
							</lines>
						</method>
						<method name="valueOf" signature="(Ljava/lang/String;)Lorg/opensocial/explorer/specserver/api/GadgetResource$ContentType;" line-rate="1.0" branch-rate="1.0">
							<lines>
							</lines>
						</method>
						<method name="values" signature="()[Lorg/opensocial/explorer/specserver/api/GadgetResource$ContentType;" line-rate="1.0" branch-rate="1.0">
							<lines>
							</lines>
						</method>
					</methods>
					<lines>
						<line number="62" hits="45" branch="false"/>
						<line number="63" hits="1" branch="false"/>
						<line number="64" hits="1" branch="false"/>
						<line number="65" hits="1" branch="false"/>
						<line number="66" hits="1" branch="false"/>
						<line number="67" hits="1" branch="false"/>
						<line number="68" hits="1" branch="false"/>
						<line number="72" hits="6" branch="false"/>
						<line number="73" hits="6" branch="false"/>
						<line number="74" hits="6" branch="false"/>
						<line number="80" hits="0" branch="false"/>
					</lines>
				</class>
				<class name="org.opensocial.explorer.specserver.api.GadgetSpec" filename="org/opensocial/explorer/specserver/api/GadgetSpec.java" line-rate="1.0" branch-rate="1.0" complexity="1.0">
					<methods>
					</methods>
					<lines>
					</lines>
				</class>
				<class name="org.opensocial.explorer.specserver.api.GadgetSpecFactory" filename="org/opensocial/explorer/specserver/api/GadgetSpecFactory.java" line-rate="1.0" branch-rate="1.0" complexity="1.0">
					<methods>
					</methods>
					<lines>
					</lines>
				</class>
				<class name="org.opensocial.explorer.specserver.api.JSONSerializable" filename="org/opensocial/explorer/specserver/api/JSONSerializable.java" line-rate="1.0" branch-rate="1.0" complexity="1.0">
					<methods>
					</methods>
					<lines>
					</lines>
				</class>
				<class name="org.opensocial.explorer.specserver.api.OnDiskResource" filename="org/opensocial/explorer/specserver/api/OnDiskResource.java" line-rate="1.0" branch-rate="1.0" complexity="1.0">
					<methods>
					</methods>
					<lines>
					</lines>
				</class>
			</classes>
		</package>
		<package name="org.opensocial.explorer.specserver.servlet" line-rate="0.9426229508196722" branch-rate="0.8636363636363636" complexity="4.777777777777778">
			<classes>
				<class name="org.opensocial.explorer.specserver.servlet.ExplorerInjectedServlet" filename="org/opensocial/explorer/specserver/servlet/ExplorerInjectedServlet.java" line-rate="0.9285714285714286" branch-rate="0.75" complexity="2.0">
					<methods>
						<method name="&lt;clinit&gt;" signature="()V" line-rate="1.0" branch-rate="1.0">
							<lines>
								<line number="38" hits="1" branch="false"/>
							</lines>
						</method>
						<method name="&lt;init&gt;" signature="()V" line-rate="1.0" branch-rate="1.0">
							<lines>
								<line number="41" hits="12" branch="false"/>
								<line number="42" hits="12" branch="false"/>
							</lines>
						</method>
						<method name="getPaths" signature="(Ljavax/servlet/http/HttpServletRequest;)[Ljava/lang/String;" line-rate="0.8" branch-rate="0.5">
							<lines>
								<line number="55" hits="8" branch="false"/>
								<line number="56" hits="8" branch="true" condition-coverage="50% (1/2)">
									<conditions>
										<condition number="0" type="jump" coverage="50%"/>
									</conditions>
								</line>
								<line number="57" hits="0" branch="false"/>
								<line number="59" hits="8" branch="false"/>
								<line number="60" hits="8" branch="false"/>
							</lines>
						</method>
						<method name="getRequestBody" signature="(Ljavax/servlet/http/HttpServletRequest;)Ljava/lang/String;" line-rate="1.0" branch-rate="1.0">
							<lines>
								<line number="45" hits="2" branch="false"/>
								<line number="46" hits="2" branch="false"/>
								<line number="47" hits="2" branch="false"/>
								<line number="48" hits="4" branch="true" condition-coverage="100% (2/2)">
									<conditions>
										<condition number="0" type="jump" coverage="100%"/>
									</conditions>
								</line>
								<line number="49" hits="2" branch="false"/>
								<line number="51" hits="2" branch="false"/>
							</lines>
						</method>
					</methods>
					<lines>
						<line number="38" hits="1" branch="false"/>
						<line number="41" hits="12" branch="false"/>
						<line number="42" hits="12" branch="false"/>
						<line number="45" hits="2" branch="false"/>
						<line number="46" hits="2" branch="false"/>
						<line number="47" hits="2" branch="false"/>
						<line number="48" hits="4" branch="true" condition-coverage="100% (2/2)">
							<conditions>
								<condition number="0" type="jump" coverage="100%"/>
							</conditions>
						</line>
						<line number="49" hits="2" branch="false"/>
						<line number="51" hits="2" branch="false"/>
						<line number="55" hits="8" branch="false"/>
						<line number="56" hits="8" branch="true" condition-coverage="50% (1/2)">
							<conditions>
								<condition number="0" type="jump" coverage="50%"/>
							</conditions>
						</line>
						<line number="57" hits="0" branch="false"/>
						<line number="59" hits="8" branch="false"/>
						<line number="60" hits="8" branch="false"/>
					</lines>
				</class>
				<class name="org.opensocial.explorer.specserver.servlet.GadgetSpecServlet" filename="org/opensocial/explorer/specserver/servlet/GadgetSpecServlet.java" line-rate="0.9444444444444444" branch-rate="0.875" complexity="6.166666666666667">
					<methods>
						<method name="&lt;clinit&gt;" signature="()V" line-rate="1.0" branch-rate="1.0">
							<lines>
								<line number="72" hits="1" branch="false"/>
								<line number="73" hits="1" branch="false"/>
							</lines>
						</method>
						<method name="&lt;init&gt;" signature="()V" line-rate="1.0" branch-rate="1.0">
							<lines>
								<line number="70" hits="12" branch="false"/>
								<line number="75" hits="12" branch="false"/>
							</lines>
						</method>
						<method name="doGet" signature="(Ljavax/servlet/http/HttpServletRequest;Ljavax/servlet/http/HttpServletResponse;)V" line-rate="0.9142857142857143" branch-rate="0.875">
							<lines>
								<line number="86" hits="8" branch="false"/>
								<line number="89" hits="8" branch="false"/>
								<line number="90" hits="8" branch="true" condition-coverage="100% (2/2)">
									<conditions>
										<condition number="0" type="jump" coverage="100%"/>
									</conditions>
								</line>
								<line number="91" hits="1" branch="false"/>
								<line number="92" hits="1" branch="false"/>
								<line number="94" hits="7" branch="false"/>
								<line number="96" hits="7" branch="true" condition-coverage="100% (2/2)">
									<conditions>
										<condition number="0" type="jump" coverage="100%"/>
									</conditions>
								</line>
								<line number="97" hits="1" branch="false"/>
								<line number="98" hits="1" branch="false"/>
								<line number="99" hits="1" branch="false"/>
								<line number="101" hits="1" branch="false"/>
								<line number="102" hits="1" branch="false"/>
								<line number="103" hits="1" branch="false"/>
								<line number="104" hits="1" branch="false"/>
								<line number="107" hits="6" branch="true" condition-coverage="100% (2/2)">
									<conditions>
										<condition number="0" type="jump" coverage="100%"/>
									</conditions>
								</line>
								<line number="108" hits="1" branch="false"/>
								<line number="109" hits="1" branch="true" condition-coverage="50% (1/2)">
									<conditions>
										<condition number="0" type="jump" coverage="50%"/>
									</conditions>
								</line>
								<line number="110" hits="0" branch="false"/>
								<line number="112" hits="1" branch="false"/>
								<line number="114" hits="1" branch="false"/>
								<line number="120" hits="5" branch="true" condition-coverage="100% (2/2)">
									<conditions>
										<condition number="0" type="jump" coverage="100%"/>
									</conditions>
								</line>
								<line number="121" hits="1" branch="false"/>
								<line number="123" hits="4" branch="false"/>
								<line number="126" hits="5" branch="true" condition-coverage="50% (1/2)">
									<conditions>
										<condition number="0" type="jump" coverage="50%"/>
									</conditions>
								</line>
								<line number="127" hits="0" branch="false"/>
								<line number="129" hits="0" branch="false"/>
								<line number="133" hits="5" branch="true" condition-coverage="100% (2/2)">
									<conditions>
										<condition number="0" type="jump" coverage="100%"/>
									</conditions>
								</line>
								<line number="134" hits="2" branch="false"/>
								<line number="135" hits="2" branch="false"/>
								<line number="136" hits="2" branch="true" condition-coverage="100% (2/2)">
									<conditions>
										<condition number="0" type="jump" coverage="100%"/>
									</conditions>
								</line>
								<line number="137" hits="1" branch="false"/>
								<line number="140" hits="1" branch="false"/>
								<line number="142" hits="2" branch="false"/>
								<line number="144" hits="3" branch="false"/>
								<line number="146" hits="5" branch="false"/>
							</lines>
						</method>
						<method name="doPost" signature="(Ljavax/servlet/http/HttpServletRequest;Ljavax/servlet/http/HttpServletResponse;)V" line-rate="1.0" branch-rate="1.0">
							<lines>
								<line number="184" hits="3" branch="true" condition-coverage="100% (2/2)">
									<conditions>
										<condition number="0" type="jump" coverage="100%"/>
									</conditions>
								</line>
								<line number="185" hits="1" branch="false"/>
								<line number="187" hits="1" branch="false"/>
								<line number="189" hits="2" branch="false"/>
								<line number="190" hits="2" branch="false"/>
								<line number="192" hits="2" branch="false"/>
								<line number="193" hits="1" branch="false"/>
								<line number="194" hits="1" branch="false"/>
								<line number="195" hits="1" branch="false"/>
								<line number="198" hits="1" branch="false"/>
								<line number="199" hits="1" branch="false"/>
								<line number="201" hits="1" branch="false"/>
								<line number="203" hits="1" branch="false"/>
								<line number="204" hits="1" branch="false"/>
								<line number="205" hits="1" branch="false"/>
								<line number="206" hits="1" branch="false"/>
								<line number="209" hits="2" branch="true" condition-coverage="100% (2/2)">
									<conditions>
										<condition number="0" type="jump" coverage="100%"/>
									</conditions>
								</line>
								<line number="210" hits="1" branch="false"/>
								<line number="213" hits="2" branch="false"/>
							</lines>
						</method>
						<method name="findResource" signature="(Lorg/opensocial/explorer/specserver/api/GadgetSpec;Ljava/lang/String;)Lorg/opensocial/explorer/specserver/api/GadgetResource;" line-rate="1.0" branch-rate="0.875">
							<lines>
								<line number="217" hits="7" branch="false"/>
								<line number="218" hits="7" branch="true" condition-coverage="100% (2/2)">
									<conditions>
										<condition number="0" type="jump" coverage="100%"/>
									</conditions>
								</line>
								<line number="219" hits="1" branch="false"/>
								<line number="220" hits="6" branch="true" condition-coverage="100% (2/2)">
									<conditions>
										<condition number="0" type="jump" coverage="100%"/>
									</conditions>
								</line>
								<line number="221" hits="1" branch="false"/>
								<line number="222" hits="5" branch="true" condition-coverage="100% (2/2)">
									<conditions>
										<condition number="0" type="jump" coverage="100%"/>
									</conditions>
								</line>
								<line number="223" hits="3" branch="false"/>
								<line number="224" hits="2" branch="true" condition-coverage="75% (3/4)">
									<conditions>
										<condition number="0" type="jump" coverage="100%"/>
										<condition number="1" type="jump" coverage="50%"/>
									</conditions>
								</line>
								<line number="227" hits="1" branch="false"/>
								<line number="229" hits="1" branch="false"/>
								<line number="230" hits="1" branch="false"/>
								<line number="233" hits="5" branch="true" condition-coverage="100% (2/2)">
									<conditions>
										<condition number="0" type="jump" coverage="100%"/>
									</conditions>
								</line>
								<line number="235" hits="1" branch="false"/>
								<line number="238" hits="4" branch="false"/>
								<line number="240" hits="4" branch="false"/>
								<line number="241" hits="5" branch="true" condition-coverage="50% (1/2)">
									<conditions>
										<condition number="0" type="jump" coverage="50%"/>
									</conditions>
								</line>
								<line number="242" hits="5" branch="false"/>
								<line number="243" hits="5" branch="false"/>
								<line number="244" hits="5" branch="true" condition-coverage="100% (2/2)">
									<conditions>
										<condition number="0" type="jump" coverage="100%"/>
									</conditions>
								</line>
								<line number="245" hits="4" branch="false"/>
								<line number="248" hits="4" branch="false"/>
							</lines>
						</method>
						<method name="returnJSONResult" signature="(Lorg/opensocial/explorer/specserver/api/JSONSerializable;Ljavax/servlet/http/HttpServletResponse;)V" line-rate="1.0" branch-rate="1.0">
							<lines>
								<line number="252" hits="4" branch="false"/>
								<line number="253" hits="4" branch="false"/>
								<line number="255" hits="4" branch="false"/>
								<line number="256" hits="3" branch="false"/>
								<line number="257" hits="3" branch="false"/>
								<line number="259" hits="3" branch="false"/>
								<line number="260" hits="3" branch="false"/>
								<line number="261" hits="1" branch="false"/>
								<line number="262" hits="1" branch="false"/>
								<line number="263" hits="1" branch="false"/>
								<line number="265" hits="4" branch="true" condition-coverage="100% (2/2)">
									<conditions>
										<condition number="0" type="jump" coverage="100%"/>
									</conditions>
								</line>
								<line number="266" hits="3" branch="false"/>
								<line number="269" hits="4" branch="false"/>
							</lines>
						</method>
						<method name="returnResource" signature="(Lorg/opensocial/explorer/specserver/api/GadgetResource;Ljavax/servlet/http/HttpServletResponse;)V" line-rate="0.7692307692307693" branch-rate="0.5">
							<lines>
								<line number="272" hits="1" branch="false"/>
								<line number="273" hits="1" branch="false"/>
								<line number="276" hits="1" branch="false"/>
								<line number="277" hits="1" branch="false"/>
								<line number="278" hits="1" branch="false"/>
								<line number="280" hits="1" branch="false"/>
								<line number="281" hits="1" branch="false"/>
								<line number="282" hits="0" branch="false"/>
								<line number="283" hits="0" branch="false"/>
								<line number="284" hits="0" branch="false"/>
								<line number="286" hits="1" branch="true" condition-coverage="50% (1/2)">
									<conditions>
										<condition number="0" type="jump" coverage="50%"/>
									</conditions>
								</line>
								<line number="287" hits="1" branch="false"/>
								<line number="290" hits="1" branch="false"/>
							</lines>
						</method>
						<method name="setRegistry" signature="(Lorg/opensocial/explorer/specserver/api/GadgetRegistry;)V" line-rate="1.0" branch-rate="1.0">
							<lines>
								<line number="79" hits="12" branch="false"/>
								<line number="80" hits="12" branch="false"/>
								<line number="81" hits="12" branch="false"/>
							</lines>
						</method>
					</methods>
					<lines>
						<line number="70" hits="12" branch="false"/>
						<line number="72" hits="1" branch="false"/>
						<line number="73" hits="1" branch="false"/>
						<line number="75" hits="12" branch="false"/>
						<line number="79" hits="12" branch="false"/>
						<line number="80" hits="12" branch="false"/>
						<line number="81" hits="12" branch="false"/>
						<line number="86" hits="8" branch="false"/>
						<line number="89" hits="8" branch="false"/>
						<line number="90" hits="8" branch="true" condition-coverage="100% (2/2)">
							<conditions>
								<condition number="0" type="jump" coverage="100%"/>
							</conditions>
						</line>
						<line number="91" hits="1" branch="false"/>
						<line number="92" hits="1" branch="false"/>
						<line number="94" hits="7" branch="false"/>
						<line number="96" hits="7" branch="true" condition-coverage="100% (2/2)">
							<conditions>
								<condition number="0" type="jump" coverage="100%"/>
							</conditions>
						</line>
						<line number="97" hits="1" branch="false"/>
						<line number="98" hits="1" branch="false"/>
						<line number="99" hits="1" branch="false"/>
						<line number="101" hits="1" branch="false"/>
						<line number="102" hits="1" branch="false"/>
						<line number="103" hits="1" branch="false"/>
						<line number="104" hits="1" branch="false"/>
						<line number="107" hits="6" branch="true" condition-coverage="100% (2/2)">
							<conditions>
								<condition number="0" type="jump" coverage="100%"/>
							</conditions>
						</line>
						<line number="108" hits="1" branch="false"/>
						<line number="109" hits="1" branch="true" condition-coverage="50% (1/2)">
							<conditions>
								<condition number="0" type="jump" coverage="50%"/>
							</conditions>
						</line>
						<line number="110" hits="0" branch="false"/>
						<line number="112" hits="1" branch="false"/>
						<line number="114" hits="1" branch="false"/>
						<line number="120" hits="5" branch="true" condition-coverage="100% (2/2)">
							<conditions>
								<condition number="0" type="jump" coverage="100%"/>
							</conditions>
						</line>
						<line number="121" hits="1" branch="false"/>
						<line number="123" hits="4" branch="false"/>
						<line number="126" hits="5" branch="true" condition-coverage="50% (1/2)">
							<conditions>
								<condition number="0" type="jump" coverage="50%"/>
							</conditions>
						</line>
						<line number="127" hits="0" branch="false"/>
						<line number="129" hits="0" branch="false"/>
						<line number="133" hits="5" branch="true" condition-coverage="100% (2/2)">
							<conditions>
								<condition number="0" type="jump" coverage="100%"/>
							</conditions>
						</line>
						<line number="134" hits="2" branch="false"/>
						<line number="135" hits="2" branch="false"/>
						<line number="136" hits="2" branch="true" condition-coverage="100% (2/2)">
							<conditions>
								<condition number="0" type="jump" coverage="100%"/>
							</conditions>
						</line>
						<line number="137" hits="1" branch="false"/>
						<line number="140" hits="1" branch="false"/>
						<line number="142" hits="2" branch="false"/>
						<line number="144" hits="3" branch="false"/>
						<line number="146" hits="5" branch="false"/>
						<line number="184" hits="3" branch="true" condition-coverage="100% (2/2)">
							<conditions>
								<condition number="0" type="jump" coverage="100%"/>
							</conditions>
						</line>
						<line number="185" hits="1" branch="false"/>
						<line number="187" hits="1" branch="false"/>
						<line number="189" hits="2" branch="false"/>
						<line number="190" hits="2" branch="false"/>
						<line number="192" hits="2" branch="false"/>
						<line number="193" hits="1" branch="false"/>
						<line number="194" hits="1" branch="false"/>
						<line number="195" hits="1" branch="false"/>
						<line number="198" hits="1" branch="false"/>
						<line number="199" hits="1" branch="false"/>
						<line number="201" hits="1" branch="false"/>
						<line number="203" hits="1" branch="false"/>
						<line number="204" hits="1" branch="false"/>
						<line number="205" hits="1" branch="false"/>
						<line number="206" hits="1" branch="false"/>
						<line number="209" hits="2" branch="true" condition-coverage="100% (2/2)">
							<conditions>
								<condition number="0" type="jump" coverage="100%"/>
							</conditions>
						</line>
						<line number="210" hits="1" branch="false"/>
						<line number="213" hits="2" branch="false"/>
						<line number="217" hits="7" branch="false"/>
						<line number="218" hits="7" branch="true" condition-coverage="100% (2/2)">
							<conditions>
								<condition number="0" type="jump" coverage="100%"/>
							</conditions>
						</line>
						<line number="219" hits="1" branch="false"/>
						<line number="220" hits="6" branch="true" condition-coverage="100% (2/2)">
							<conditions>
								<condition number="0" type="jump" coverage="100%"/>
							</conditions>
						</line>
						<line number="221" hits="1" branch="false"/>
						<line number="222" hits="5" branch="true" condition-coverage="100% (2/2)">
							<conditions>
								<condition number="0" type="jump" coverage="100%"/>
							</conditions>
						</line>
						<line number="223" hits="3" branch="false"/>
						<line number="224" hits="2" branch="true" condition-coverage="75% (3/4)">
							<conditions>
								<condition number="0" type="jump" coverage="100%"/>
								<condition number="1" type="jump" coverage="50%"/>
							</conditions>
						</line>
						<line number="227" hits="1" branch="false"/>
						<line number="229" hits="1" branch="false"/>
						<line number="230" hits="1" branch="false"/>
						<line number="233" hits="5" branch="true" condition-coverage="100% (2/2)">
							<conditions>
								<condition number="0" type="jump" coverage="100%"/>
							</conditions>
						</line>
						<line number="235" hits="1" branch="false"/>
						<line number="238" hits="4" branch="false"/>
						<line number="240" hits="4" branch="false"/>
						<line number="241" hits="5" branch="true" condition-coverage="50% (1/2)">
							<conditions>
								<condition number="0" type="jump" coverage="50%"/>
							</conditions>
						</line>
						<line number="242" hits="5" branch="false"/>
						<line number="243" hits="5" branch="false"/>
						<line number="244" hits="5" branch="true" condition-coverage="100% (2/2)">
							<conditions>
								<condition number="0" type="jump" coverage="100%"/>
							</conditions>
						</line>
						<line number="245" hits="4" branch="false"/>
						<line number="248" hits="4" branch="false"/>
						<line number="252" hits="4" branch="false"/>
						<line number="253" hits="4" branch="false"/>
						<line number="255" hits="4" branch="false"/>
						<line number="256" hits="3" branch="false"/>
						<line number="257" hits="3" branch="false"/>
						<line number="259" hits="3" branch="false"/>
						<line number="260" hits="3" branch="false"/>
						<line number="261" hits="1" branch="false"/>
						<line number="262" hits="1" branch="false"/>
						<line number="263" hits="1" branch="false"/>
						<line number="265" hits="4" branch="true" condition-coverage="100% (2/2)">
							<conditions>
								<condition number="0" type="jump" coverage="100%"/>
							</conditions>
						</line>
						<line number="266" hits="3" branch="false"/>
						<line number="269" hits="4" branch="false"/>
						<line number="272" hits="1" branch="false"/>
						<line number="273" hits="1" branch="false"/>
						<line number="276" hits="1" branch="false"/>
						<line number="277" hits="1" branch="false"/>
						<line number="278" hits="1" branch="false"/>
						<line number="280" hits="1" branch="false"/>
						<line number="281" hits="1" branch="false"/>
						<line number="282" hits="0" branch="false"/>
						<line number="283" hits="0" branch="false"/>
						<line number="284" hits="0" branch="false"/>
						<line number="286" hits="1" branch="true" condition-coverage="50% (1/2)">
							<conditions>
								<condition number="0" type="jump" coverage="50%"/>
							</conditions>
						</line>
						<line number="287" hits="1" branch="false"/>
						<line number="290" hits="1" branch="false"/>
					</lines>
				</class>
			</classes>
		</package>
		<package name="org.opensocial.explorer.specserver.temp" line-rate="0.8333333333333334" branch-rate="0.75" complexity="1.6">
			<classes>
				<class name="org.opensocial.explorer.specserver.temp.TempGadgetResource" filename="org/opensocial/explorer/specserver/temp/TempGadgetResource.java" line-rate="0.9333333333333333" branch-rate="0.75" complexity="1.75">
					<methods>
						<method name="&lt;init&gt;" signature="(Ljava/lang/String;Ljava/lang/String;)V" line-rate="1.0" branch-rate="1.0">
							<lines>
								<line number="43" hits="4" branch="false"/>
								<line number="44" hits="4" branch="false"/>
								<line number="45" hits="4" branch="false"/>
							</lines>
						</method>
						<method name="getPath" signature="()Ljava/lang/String;" line-rate="0.0" branch-rate="1.0">
							<lines>
								<line number="76" hits="0" branch="false"/>
							</lines>
						</method>
						<method name="parse" signature="(Lorg/apache/wink/json4j/JSONArray;)Ljava/util/Map;" line-rate="1.0" branch-rate="0.75">
							<lines>
								<line number="54" hits="3" branch="false"/>
								<line number="55" hits="3" branch="false"/>
								<line number="58" hits="6" branch="true" condition-coverage="100% (2/2)">
									<conditions>
										<condition number="0" type="jump" coverage="100%"/>
									</conditions>
								</line>
								<line number="59" hits="3" branch="false"/>
								<line number="60" hits="3" branch="true" condition-coverage="50% (1/2)">
									<conditions>
										<condition number="0" type="jump" coverage="50%"/>
									</conditions>
								</line>
								<line number="61" hits="3" branch="false"/>
								<line number="62" hits="3" branch="false"/>
								<line number="65" hits="3" branch="false"/>
							</lines>
						</method>
						<method name="parse" signature="(Lorg/apache/wink/json4j/JSONObject;)Lorg/opensocial/explorer/specserver/api/GadgetResource;" line-rate="1.0" branch-rate="1.0">
							<lines>
								<line number="48" hits="4" branch="false"/>
								<line number="49" hits="4" branch="false"/>
								<line number="50" hits="4" branch="false"/>
							</lines>
						</method>
					</methods>
					<lines>
						<line number="43" hits="4" branch="false"/>
						<line number="44" hits="4" branch="false"/>
						<line number="45" hits="4" branch="false"/>
						<line number="48" hits="4" branch="false"/>
						<line number="49" hits="4" branch="false"/>
						<line number="50" hits="4" branch="false"/>
						<line number="54" hits="3" branch="false"/>
						<line number="55" hits="3" branch="false"/>
						<line number="58" hits="6" branch="true" condition-coverage="100% (2/2)">
							<conditions>
								<condition number="0" type="jump" coverage="100%"/>
							</conditions>
						</line>
						<line number="59" hits="3" branch="false"/>
						<line number="60" hits="3" branch="true" condition-coverage="50% (1/2)">
							<conditions>
								<condition number="0" type="jump" coverage="50%"/>
							</conditions>
						</line>
						<line number="61" hits="3" branch="false"/>
						<line number="62" hits="3" branch="false"/>
						<line number="65" hits="3" branch="false"/>
						<line number="76" hits="0" branch="false"/>
					</lines>
				</class>
				<class name="org.opensocial.explorer.specserver.temp.TempGadgetSpec" filename="org/opensocial/explorer/specserver/temp/TempGadgetSpec.java" line-rate="0.7333333333333333" branch-rate="1.0" complexity="1.5">
					<methods>
						<method name="&lt;init&gt;" signature="(Lorg/opensocial/explorer/specserver/api/GadgetResource;Ljava/util/Map;Ljava/util/Map;Ljava/util/Map;)V" line-rate="1.0" branch-rate="1.0">
							<lines>
								<line number="44" hits="1" branch="false"/>
								<line number="45" hits="1" branch="false"/>
							</lines>
						</method>
						<method name="getPathToSpec" signature="()Ljava/lang/String;" line-rate="0.0" branch-rate="1.0">
							<lines>
								<line number="76" hits="0" branch="false"/>
							</lines>
						</method>
						<method name="getTitle" signature="()Ljava/lang/String;" line-rate="0.0" branch-rate="1.0">
							<lines>
								<line number="69" hits="0" branch="false"/>
							</lines>
						</method>
						<method name="isDefault" signature="()Z" line-rate="0.0" branch-rate="1.0">
							<lines>
								<line number="80" hits="0" branch="false"/>
							</lines>
						</method>
						<method name="parse" signature="(Lorg/apache/wink/json4j/JSONObject;)Lorg/opensocial/explorer/specserver/api/GadgetSpec;" line-rate="1.0" branch-rate="1.0">
							<lines>
								<line number="50" hits="1" branch="false"/>
								<line number="51" hits="1" branch="false"/>
								<line number="53" hits="1" branch="false"/>
								<line number="54" hits="1" branch="false"/>
								<line number="56" hits="1" branch="false"/>
								<line number="57" hits="1" branch="false"/>
								<line number="59" hits="1" branch="false"/>
								<line number="60" hits="1" branch="false"/>
								<line number="62" hits="1" branch="false"/>
							</lines>
						</method>
						<method name="setDefault" signature="(Z)V" line-rate="0.0" branch-rate="1.0">
							<lines>
								<line number="87" hits="0" branch="false"/>
							</lines>
						</method>
					</methods>
					<lines>
						<line number="44" hits="1" branch="false"/>
						<line number="45" hits="1" branch="false"/>
						<line number="50" hits="1" branch="false"/>
						<line number="51" hits="1" branch="false"/>
						<line number="53" hits="1" branch="false"/>
						<line number="54" hits="1" branch="false"/>
						<line number="56" hits="1" branch="false"/>
						<line number="57" hits="1" branch="false"/>
						<line number="59" hits="1" branch="false"/>
						<line number="60" hits="1" branch="false"/>
						<line number="62" hits="1" branch="false"/>
						<line number="69" hits="0" branch="false"/>
						<line number="76" hits="0" branch="false"/>
						<line number="80" hits="0" branch="false"/>
						<line number="87" hits="0" branch="false"/>
					</lines>
				</class>
			</classes>
		</package>
	</packages>
</coverage>
