<?xml version="1.0"?>
<!DOCTYPE coverage SYSTEM "http://cobertura.sourceforge.net/xml/coverage-04.dtd">

<coverage line-rate="0.875" branch-rate="0.8454545454545455" lines-covered="322" lines-valid="368" branches-covered="93" branches-valid="110" complexity="1.9876543209876543" version="1.9.4.1" timestamp="1384360298338">
	<sources>
		<source>--source</source>
		<source>/Users/ryanjbaxter/git-repos/opensocial/explorer/java/gadget-spec-server/src/main/java</source>
	</sources>
	<packages>
		<package name="org.opensocial.explorer.specserver" line-rate="0.9548022598870056" branch-rate="0.9807692307692307" complexity="1.894736842105263">
			<classes>
				<class name="org.opensocial.explorer.specserver.DefaultGadgetRegistry" filename="org/opensocial/explorer/specserver/DefaultGadgetRegistry.java" line-rate="0.9506172839506173" branch-rate="0.9583333333333334" complexity="2.3333333333333335">
					<methods>
						<method name="&lt;clinit&gt;" signature="()V" line-rate="1.0" branch-rate="1.0">
							<lines>
								<line number="57" hits="1" branch="false"/>
								<line number="58" hits="1" branch="false"/>
								<line number="60" hits="1" branch="false"/>
							</lines>
						</method>
						<method name="&lt;init&gt;" signature="(Lorg/opensocial/explorer/specserver/api/GadgetSpecFactory;Ljava/lang/String;)V" line-rate="1.0" branch-rate="1.0">
							<lines>
								<line number="74" hits="4" branch="false"/>
								<line number="75" hits="4" branch="false"/>
							</lines>
						</method>
						<method name="&lt;init&gt;" signature="(Lorg/opensocial/explorer/specserver/api/GadgetSpecFactory;Ljava/lang/String;Ljava/util/List;)V" line-rate="1.0" branch-rate="1.0">
							<lines>
								<line number="84" hits="16" branch="false"/>
								<line number="85" hits="16" branch="false"/>
								<line number="86" hits="16" branch="false"/>
								<line number="87" hits="16" branch="false"/>
								<line number="88" hits="16" branch="false"/>
								<line number="89" hits="16" branch="false"/>
								<line number="90" hits="16" branch="true" condition-coverage="100% (2/2)">
									<conditions>
										<condition number="0" type="jump" coverage="100%"/>
									</conditions>
								</line>
								<line number="92" hits="16" branch="false"/>
								<line number="93" hits="16" branch="false"/>
							</lines>
						</method>
						<method name="&lt;init&gt;" signature="(Lorg/opensocial/explorer/specserver/api/GadgetSpecFactory;Ljava/lang/String;[Ljava/lang/String;)V" line-rate="1.0" branch-rate="0.5">
							<lines>
								<line number="79" hits="12" branch="true" condition-coverage="50% (1/2)">
									<conditions>
										<condition number="0" type="jump" coverage="50%"/>
									</conditions>
								</line>
								<line number="80" hits="12" branch="false"/>
							</lines>
						</method>
						<method name="addToTree" signature="(Lorg/opensocial/explorer/specserver/api/GadgetSpec;Lorg/apache/wink/json4j/JSONArray;)V" line-rate="1.0" branch-rate="1.0">
							<lines>
								<line number="147" hits="29" branch="false"/>
								<line number="148" hits="29" branch="false"/>
								<line number="149" hits="29" branch="false"/>
								<line number="150" hits="29" branch="false"/>
								<line number="151" hits="29" branch="false"/>
								<line number="152" hits="29" branch="false"/>
								<line number="153" hits="29" branch="false"/>
							</lines>
						</method>
						<method name="getDefaultGadget" signature="()Lorg/opensocial/explorer/specserver/api/GadgetSpec;" line-rate="0.0" branch-rate="1.0">
							<lines>
								<line number="197" hits="0" branch="false"/>
							</lines>
						</method>
						<method name="getFolderId" signature="(Ljava/lang/String;)Ljava/lang/String;" line-rate="1.0" branch-rate="1.0">
							<lines>
								<line number="193" hits="104" branch="false"/>
							</lines>
						</method>
						<method name="getGadgetSpec" signature="(Ljava/lang/String;)Lorg/opensocial/explorer/specserver/api/GadgetSpec;" line-rate="0.0" branch-rate="1.0">
							<lines>
								<line number="201" hits="0" branch="false"/>
							</lines>
						</method>
						<method name="getSpecRegistryContents" signature="()Ljava/lang/Iterable;" line-rate="1.0" branch-rate="1.0">
							<lines>
								<line number="124" hits="16" branch="false"/>
								<line number="125" hits="16" branch="false"/>
								<line number="127" hits="16" branch="true" condition-coverage="100% (2/2)">
									<conditions>
										<condition number="0" type="jump" coverage="100%"/>
									</conditions>
								</line>
								<line number="128" hits="4" branch="false"/>
								<line number="129" hits="4" branch="false"/>
								<line number="130" hits="10" branch="true" condition-coverage="100% (2/2)">
									<conditions>
										<condition number="0" type="jump" coverage="100%"/>
									</conditions>
								</line>
								<line number="132" hits="6" branch="false"/>
								<line number="133" hits="3" branch="false"/>
								<line number="134" hits="3" branch="false"/>
								<line number="135" hits="3" branch="false"/>
								<line number="136" hits="3" branch="false"/>
								<line number="137" hits="3" branch="false"/>
								<line number="139" hits="4" branch="false"/>
								<line number="140" hits="4" branch="false"/>
								<line number="141" hits="4" branch="false"/>
								<line number="143" hits="12" branch="false"/>
							</lines>
						</method>
						<method name="getSpecTree" signature="()Lorg/apache/wink/json4j/JSONArray;" line-rate="1.0" branch-rate="1.0">
							<lines>
								<line number="120" hits="16" branch="false"/>
							</lines>
						</method>
						<method name="isNodeExisting" signature="(Ljava/lang/String;Lorg/apache/wink/json4j/JSONArray;)Z" line-rate="1.0" branch-rate="1.0">
							<lines>
								<line number="182" hits="187" branch="true" condition-coverage="100% (2/2)">
									<conditions>
										<condition number="0" type="jump" coverage="100%"/>
									</conditions>
								</line>
								<line number="183" hits="129" branch="false"/>
								<line number="184" hits="129" branch="false"/>
								<line number="185" hits="129" branch="true" condition-coverage="100% (2/2)">
									<conditions>
										<condition number="0" type="jump" coverage="100%"/>
									</conditions>
								</line>
								<line number="186" hits="17" branch="false"/>
								<line number="189" hits="58" branch="false"/>
							</lines>
						</method>
						<method name="loadSpecs" signature="()V" line-rate="0.8666666666666667" branch-rate="1.0">
							<lines>
								<line number="96" hits="16" branch="false"/>
								<line number="102" hits="16" branch="true" condition-coverage="100% (2/2)">
									<conditions>
										<condition number="0" type="jump" coverage="100%"/>
									</conditions>
								</line>
								<line number="103" hits="32" branch="false"/>
								<line number="104" hits="32" branch="true" condition-coverage="100% (2/2)">
									<conditions>
										<condition number="0" type="jump" coverage="100%"/>
									</conditions>
								</line>
								<line number="105" hits="3" branch="false"/>
								<line number="106" hits="3" branch="false"/>
								<line number="108" hits="29" branch="false"/>
								<line number="109" hits="29" branch="true" condition-coverage="100% (2/2)">
									<conditions>
										<condition number="0" type="jump" coverage="100%"/>
									</conditions>
								</line>
								<line number="110" hits="10" branch="false"/>
								<line number="112" hits="29" branch="false"/>
								<line number="113" hits="29" branch="false"/>
								<line number="114" hits="0" branch="false"/>
								<line number="115" hits="0" branch="false"/>
								<line number="116" hits="16" branch="false"/>
								<line number="117" hits="16" branch="false"/>
							</lines>
						</method>
						<method name="setJsonTree" signature="(Ljava/util/List;Lorg/apache/wink/json4j/JSONArray;Lorg/opensocial/explorer/specserver/api/GadgetSpec;)V" line-rate="1.0" branch-rate="1.0">
							<lines>
								<line number="156" hits="29" branch="false"/>
								<line number="157" hits="104" branch="true" condition-coverage="100% (2/2)">
									<conditions>
										<condition number="0" type="jump" coverage="100%"/>
									</conditions>
								</line>
								<line number="158" hits="75" branch="false"/>
								<line number="159" hits="75" branch="true" condition-coverage="100% (2/2)">
									<conditions>
										<condition number="0" type="jump" coverage="100%"/>
									</conditions>
								</line>
								<line number="161" hits="58" branch="true" condition-coverage="100% (2/2)">
									<conditions>
										<condition number="0" type="jump" coverage="100%"/>
									</conditions>
								</line>
								<line number="162" hits="29" branch="false"/>
								<line number="163" hits="29" branch="false"/>
								<line number="164" hits="29" branch="false"/>
								<line number="165" hits="29" branch="false"/>
								<line number="169" hits="29" branch="false"/>
								<line number="170" hits="29" branch="false"/>
								<line number="171" hits="29" branch="false"/>
								<line number="172" hits="29" branch="false"/>
								<line number="174" hits="58" branch="false"/>
								<line number="175" hits="58" branch="false"/>
								<line number="177" hits="75" branch="false"/>
								<line number="179" hits="29" branch="false"/>
							</lines>
						</method>
					</methods>
					<lines>
						<line number="57" hits="1" branch="false"/>
						<line number="58" hits="1" branch="false"/>
						<line number="60" hits="1" branch="false"/>
						<line number="74" hits="4" branch="false"/>
						<line number="75" hits="4" branch="false"/>
						<line number="79" hits="12" branch="true" condition-coverage="50% (1/2)">
							<conditions>
								<condition number="0" type="jump" coverage="50%"/>
							</conditions>
						</line>
						<line number="80" hits="12" branch="false"/>
						<line number="84" hits="16" branch="false"/>
						<line number="85" hits="16" branch="false"/>
						<line number="86" hits="16" branch="false"/>
						<line number="87" hits="16" branch="false"/>
						<line number="88" hits="16" branch="false"/>
						<line number="89" hits="16" branch="false"/>
						<line number="90" hits="16" branch="true" condition-coverage="100% (2/2)">
							<conditions>
								<condition number="0" type="jump" coverage="100%"/>
							</conditions>
						</line>
						<line number="92" hits="16" branch="false"/>
						<line number="93" hits="16" branch="false"/>
						<line number="96" hits="16" branch="false"/>
						<line number="102" hits="16" branch="true" condition-coverage="100% (2/2)">
							<conditions>
								<condition number="0" type="jump" coverage="100%"/>
							</conditions>
						</line>
						<line number="103" hits="32" branch="false"/>
						<line number="104" hits="32" branch="true" condition-coverage="100% (2/2)">
							<conditions>
								<condition number="0" type="jump" coverage="100%"/>
							</conditions>
						</line>
						<line number="105" hits="3" branch="false"/>
						<line number="106" hits="3" branch="false"/>
						<line number="108" hits="29" branch="false"/>
						<line number="109" hits="29" branch="true" condition-coverage="100% (2/2)">
							<conditions>
								<condition number="0" type="jump" coverage="100%"/>
							</conditions>
						</line>
						<line number="110" hits="10" branch="false"/>
						<line number="112" hits="29" branch="false"/>
						<line number="113" hits="29" branch="false"/>
						<line number="114" hits="0" branch="false"/>
						<line number="115" hits="0" branch="false"/>
						<line number="116" hits="16" branch="false"/>
						<line number="117" hits="16" branch="false"/>
						<line number="120" hits="16" branch="false"/>
						<line number="124" hits="16" branch="false"/>
						<line number="125" hits="16" branch="false"/>
						<line number="127" hits="16" branch="true" condition-coverage="100% (2/2)">
							<conditions>
								<condition number="0" type="jump" coverage="100%"/>
							</conditions>
						</line>
						<line number="128" hits="4" branch="false"/>
						<line number="129" hits="4" branch="false"/>
						<line number="130" hits="10" branch="true" condition-coverage="100% (2/2)">
							<conditions>
								<condition number="0" type="jump" coverage="100%"/>
							</conditions>
						</line>
						<line number="132" hits="6" branch="false"/>
						<line number="133" hits="3" branch="false"/>
						<line number="134" hits="3" branch="false"/>
						<line number="135" hits="3" branch="false"/>
						<line number="136" hits="3" branch="false"/>
						<line number="137" hits="3" branch="false"/>
						<line number="139" hits="4" branch="false"/>
						<line number="140" hits="4" branch="false"/>
						<line number="141" hits="4" branch="false"/>
						<line number="143" hits="12" branch="false"/>
						<line number="147" hits="29" branch="false"/>
						<line number="148" hits="29" branch="false"/>
						<line number="149" hits="29" branch="false"/>
						<line number="150" hits="29" branch="false"/>
						<line number="151" hits="29" branch="false"/>
						<line number="152" hits="29" branch="false"/>
						<line number="153" hits="29" branch="false"/>
						<line number="156" hits="29" branch="false"/>
						<line number="157" hits="104" branch="true" condition-coverage="100% (2/2)">
							<conditions>
								<condition number="0" type="jump" coverage="100%"/>
							</conditions>
						</line>
						<line number="158" hits="75" branch="false"/>
						<line number="159" hits="75" branch="true" condition-coverage="100% (2/2)">
							<conditions>
								<condition number="0" type="jump" coverage="100%"/>
							</conditions>
						</line>
						<line number="161" hits="58" branch="true" condition-coverage="100% (2/2)">
							<conditions>
								<condition number="0" type="jump" coverage="100%"/>
							</conditions>
						</line>
						<line number="162" hits="29" branch="false"/>
						<line number="163" hits="29" branch="false"/>
						<line number="164" hits="29" branch="false"/>
						<line number="165" hits="29" branch="false"/>
						<line number="169" hits="29" branch="false"/>
						<line number="170" hits="29" branch="false"/>
						<line number="171" hits="29" branch="false"/>
						<line number="172" hits="29" branch="false"/>
						<line number="174" hits="58" branch="false"/>
						<line number="175" hits="58" branch="false"/>
						<line number="177" hits="75" branch="false"/>
						<line number="179" hits="29" branch="false"/>
						<line number="182" hits="187" branch="true" condition-coverage="100% (2/2)">
							<conditions>
								<condition number="0" type="jump" coverage="100%"/>
							</conditions>
						</line>
						<line number="183" hits="129" branch="false"/>
						<line number="184" hits="129" branch="false"/>
						<line number="185" hits="129" branch="true" condition-coverage="100% (2/2)">
							<conditions>
								<condition number="0" type="jump" coverage="100%"/>
							</conditions>
						</line>
						<line number="186" hits="17" branch="false"/>
						<line number="189" hits="58" branch="false"/>
						<line number="193" hits="104" branch="false"/>
						<line number="197" hits="0" branch="false"/>
						<line number="201" hits="0" branch="false"/>
					</lines>
				</class>
				<class name="org.opensocial.explorer.specserver.DefaultGadgetResource" filename="org/opensocial/explorer/specserver/DefaultGadgetResource.java" line-rate="0.8823529411764706" branch-rate="1.0" complexity="1.0">
					<methods>
						<method name="&lt;init&gt;" signature="(Ljava/lang/String;)V" line-rate="1.0" branch-rate="1.0">
							<lines>
								<line number="47" hits="61" branch="false"/>
								<line number="48" hits="61" branch="false"/>
								<line number="49" hits="61" branch="false"/>
								<line number="50" hits="61" branch="false"/>
								<line number="51" hits="61" branch="false"/>
							</lines>
						</method>
						<method name="&lt;init&gt;" signature="(Ljava/lang/String;Ljava/lang/String;)V" line-rate="1.0" branch-rate="1.0">
							<lines>
								<line number="42" hits="57" branch="false"/>
								<line number="43" hits="57" branch="false"/>
								<line number="44" hits="57" branch="false"/>
								<line number="45" hits="56" branch="false"/>
							</lines>
						</method>
						<method name="getContent" signature="()Ljava/lang/String;" line-rate="1.0" branch-rate="1.0">
							<lines>
								<line number="62" hits="14" branch="false"/>
							</lines>
						</method>
						<method name="getContentType" signature="()Ljava/lang/String;" line-rate="0.0" branch-rate="1.0">
							<lines>
								<line number="73" hits="0" branch="false"/>
							</lines>
						</method>
						<method name="getName" signature="()Ljava/lang/String;" line-rate="1.0" branch-rate="1.0">
							<lines>
								<line number="54" hits="9" branch="false"/>
							</lines>
						</method>
						<method name="getPath" signature="()Ljava/lang/String;" line-rate="0.0" branch-rate="1.0">
							<lines>
								<line number="58" hits="0" branch="false"/>
							</lines>
						</method>
						<method name="toJSON" signature="()Lorg/apache/wink/json4j/JSONObject;" line-rate="1.0" branch-rate="1.0">
							<lines>
								<line number="66" hits="9" branch="false"/>
								<line number="67" hits="9" branch="false"/>
								<line number="68" hits="9" branch="false"/>
								<line number="69" hits="9" branch="false"/>
							</lines>
						</method>
					</methods>
					<lines>
						<line number="42" hits="57" branch="false"/>
						<line number="43" hits="57" branch="false"/>
						<line number="44" hits="57" branch="false"/>
						<line number="45" hits="56" branch="false"/>
						<line number="47" hits="61" branch="false"/>
						<line number="48" hits="61" branch="false"/>
						<line number="49" hits="61" branch="false"/>
						<line number="50" hits="61" branch="false"/>
						<line number="51" hits="61" branch="false"/>
						<line number="54" hits="9" branch="false"/>
						<line number="58" hits="0" branch="false"/>
						<line number="62" hits="14" branch="false"/>
						<line number="66" hits="9" branch="false"/>
						<line number="67" hits="9" branch="false"/>
						<line number="68" hits="9" branch="false"/>
						<line number="69" hits="9" branch="false"/>
						<line number="73" hits="0" branch="false"/>
					</lines>
				</class>
				<class name="org.opensocial.explorer.specserver.DefaultGadgetSpec" filename="org/opensocial/explorer/specserver/DefaultGadgetSpec.java" line-rate="0.9705882352941176" branch-rate="1.0" complexity="2.0">
					<methods>
						<method name="&lt;init&gt;" signature="(Ljava/lang/String;)V" line-rate="1.0" branch-rate="1.0">
							<lines>
								<line number="47" hits="21" branch="false"/>
								<line number="48" hits="21" branch="false"/>
								<line number="49" hits="21" branch="false"/>
								<line number="50" hits="13" branch="false"/>
							</lines>
						</method>
						<method name="&lt;init&gt;" signature="(Lorg/opensocial/explorer/specserver/api/GadgetResource;Ljava/util/Map;Ljava/util/Map;Ljava/util/Map;)V" line-rate="1.0" branch-rate="1.0">
							<lines>
								<line number="54" hits="1" branch="false"/>
								<line number="55" hits="1" branch="false"/>
								<line number="56" hits="1" branch="false"/>
								<line number="57" hits="1" branch="false"/>
								<line number="58" hits="1" branch="false"/>
								<line number="59" hits="1" branch="false"/>
							</lines>
						</method>
						<method name="createResources" signature="(Lorg/apache/wink/json4j/JSONArray;Ljava/lang/String;)Ljava/util/Map;" line-rate="1.0" branch-rate="1.0">
							<lines>
								<line number="119" hits="18" branch="false"/>
								<line number="120" hits="18" branch="false"/>
								<line number="122" hits="54" branch="true" condition-coverage="100% (2/2)">
									<conditions>
										<condition number="0" type="jump" coverage="100%"/>
									</conditions>
								</line>
								<line number="123" hits="36" branch="false"/>
								<line number="124" hits="36" branch="false"/>
								<line number="126" hits="18" branch="false"/>
							</lines>
						</method>
						<method name="getCssResources" signature="()Ljava/util/Map;" line-rate="1.0" branch-rate="1.0">
							<lines>
								<line number="143" hits="5" branch="false"/>
							</lines>
						</method>
						<method name="getEEResource" signature="()Lorg/opensocial/explorer/specserver/api/GadgetResource;" line-rate="1.0" branch-rate="1.0">
							<lines>
								<line number="139" hits="5" branch="false"/>
							</lines>
						</method>
						<method name="getGadgetResource" signature="()Lorg/opensocial/explorer/specserver/api/GadgetResource;" line-rate="1.0" branch-rate="1.0">
							<lines>
								<line number="135" hits="6" branch="false"/>
							</lines>
						</method>
						<method name="getHtmlResources" signature="()Ljava/util/Map;" line-rate="1.0" branch-rate="1.0">
							<lines>
								<line number="147" hits="5" branch="false"/>
							</lines>
						</method>
						<method name="getId" signature="()Ljava/lang/String;" line-rate="1.0" branch-rate="1.0">
							<lines>
								<line number="187" hits="15" branch="false"/>
							</lines>
						</method>
						<method name="getJsResources" signature="()Ljava/util/Map;" line-rate="1.0" branch-rate="1.0">
							<lines>
								<line number="151" hits="5" branch="false"/>
							</lines>
						</method>
						<method name="getPathToSpec" signature="()Ljava/lang/String;" line-rate="1.0" branch-rate="1.0">
							<lines>
								<line number="110" hits="7" branch="false"/>
							</lines>
						</method>
						<method name="getTitle" signature="()Ljava/lang/String;" line-rate="1.0" branch-rate="1.0">
							<lines>
								<line number="106" hits="10" branch="false"/>
							</lines>
						</method>
						<method name="isDefault" signature="()Z" line-rate="1.0" branch-rate="1.0">
							<lines>
								<line number="114" hits="15" branch="false"/>
							</lines>
						</method>
						<method name="loadSpec" signature="(Ljava/lang/String;)V" line-rate="1.0" branch-rate="1.0">
							<lines>
								<line number="62" hits="21" branch="false"/>
								<line number="63" hits="18" branch="true" condition-coverage="100% (2/2)">
									<conditions>
										<condition number="0" type="jump" coverage="100%"/>
									</conditions>
								</line>
								<line number="64" hits="2" branch="false"/>
								<line number="69" hits="16" branch="false"/>
								<line number="70" hits="16" branch="false"/>
								<line number="71" hits="16" branch="true" condition-coverage="100% (2/2)">
									<conditions>
										<condition number="0" type="jump" coverage="100%"/>
									</conditions>
								</line>
								<line number="72" hits="1" branch="false"/>
								<line number="74" hits="15" branch="false"/>
								<line number="77" hits="14" branch="true" condition-coverage="100% (2/2)">
									<conditions>
										<condition number="0" type="jump" coverage="100%"/>
									</conditions>
								</line>
								<line number="78" hits="1" branch="false"/>
								<line number="80" hits="13" branch="false"/>
								<line number="82" hits="13" branch="true" condition-coverage="100% (2/2)">
									<conditions>
										<condition number="0" type="jump" coverage="100%"/>
									</conditions>
								</line>
								<line number="83" hits="6" branch="false"/>
								<line number="86" hits="13" branch="true" condition-coverage="100% (2/2)">
									<conditions>
										<condition number="0" type="jump" coverage="100%"/>
									</conditions>
								</line>
								<line number="87" hits="6" branch="false"/>
								<line number="90" hits="13" branch="true" condition-coverage="100% (2/2)">
									<conditions>
										<condition number="0" type="jump" coverage="100%"/>
									</conditions>
								</line>
								<line number="91" hits="6" branch="false"/>
								<line number="94" hits="13" branch="true" condition-coverage="100% (2/2)">
									<conditions>
										<condition number="0" type="jump" coverage="100%"/>
									</conditions>
								</line>
								<line number="95" hits="12" branch="false"/>
								<line number="98" hits="13" branch="true" condition-coverage="100% (2/2)">
									<conditions>
										<condition number="0" type="jump" coverage="100%"/>
									</conditions>
								</line>
								<line number="99" hits="6" branch="false"/>
								<line number="103" hits="13" branch="false"/>
							</lines>
						</method>
						<method name="mapToJSONArray" signature="(Ljava/util/Map;)Lorg/apache/wink/json4j/JSONArray;" line-rate="1.0" branch-rate="1.0">
							<lines>
								<line number="179" hits="3" branch="false"/>
								<line number="180" hits="3" branch="true" condition-coverage="100% (2/2)">
									<conditions>
										<condition number="0" type="jump" coverage="100%"/>
									</conditions>
								</line>
								<line number="181" hits="6" branch="false"/>
								<line number="182" hits="6" branch="false"/>
								<line number="183" hits="3" branch="false"/>
							</lines>
						</method>
						<method name="setDefault" signature="(Z)V" line-rate="0.0" branch-rate="1.0">
							<lines>
								<line number="155" hits="0" branch="false"/>
								<line number="156" hits="0" branch="false"/>
							</lines>
						</method>
						<method name="toJSON" signature="()Lorg/apache/wink/json4j/JSONObject;" line-rate="1.0" branch-rate="1.0">
							<lines>
								<line number="159" hits="2" branch="false"/>
								<line number="160" hits="2" branch="false"/>
								<line number="161" hits="2" branch="false"/>
								<line number="162" hits="2" branch="false"/>
								<line number="163" hits="2" branch="true" condition-coverage="100% (2/2)">
									<conditions>
										<condition number="0" type="jump" coverage="100%"/>
									</conditions>
								</line>
								<line number="164" hits="1" branch="false"/>
								<line number="166" hits="2" branch="true" condition-coverage="100% (2/2)">
									<conditions>
										<condition number="0" type="jump" coverage="100%"/>
									</conditions>
								</line>
								<line number="167" hits="1" branch="false"/>
								<line number="169" hits="2" branch="true" condition-coverage="100% (2/2)">
									<conditions>
										<condition number="0" type="jump" coverage="100%"/>
									</conditions>
								</line>
								<line number="170" hits="1" branch="false"/>
								<line number="172" hits="2" branch="true" condition-coverage="100% (2/2)">
									<conditions>
										<condition number="0" type="jump" coverage="100%"/>
									</conditions>
								</line>
								<line number="173" hits="1" branch="false"/>
								<line number="175" hits="2" branch="false"/>
							</lines>
						</method>
						<method name="toString" signature="()Ljava/lang/String;" line-rate="1.0" branch-rate="1.0">
							<lines>
								<line number="131" hits="1" branch="false"/>
							</lines>
						</method>
					</methods>
					<lines>
						<line number="47" hits="21" branch="false"/>
						<line number="48" hits="21" branch="false"/>
						<line number="49" hits="21" branch="false"/>
						<line number="50" hits="13" branch="false"/>
						<line number="54" hits="1" branch="false"/>
						<line number="55" hits="1" branch="false"/>
						<line number="56" hits="1" branch="false"/>
						<line number="57" hits="1" branch="false"/>
						<line number="58" hits="1" branch="false"/>
						<line number="59" hits="1" branch="false"/>
						<line number="62" hits="21" branch="false"/>
						<line number="63" hits="18" branch="true" condition-coverage="100% (2/2)">
							<conditions>
								<condition number="0" type="jump" coverage="100%"/>
							</conditions>
						</line>
						<line number="64" hits="2" branch="false"/>
						<line number="69" hits="16" branch="false"/>
						<line number="70" hits="16" branch="false"/>
						<line number="71" hits="16" branch="true" condition-coverage="100% (2/2)">
							<conditions>
								<condition number="0" type="jump" coverage="100%"/>
							</conditions>
						</line>
						<line number="72" hits="1" branch="false"/>
						<line number="74" hits="15" branch="false"/>
						<line number="77" hits="14" branch="true" condition-coverage="100% (2/2)">
							<conditions>
								<condition number="0" type="jump" coverage="100%"/>
							</conditions>
						</line>
						<line number="78" hits="1" branch="false"/>
						<line number="80" hits="13" branch="false"/>
						<line number="82" hits="13" branch="true" condition-coverage="100% (2/2)">
							<conditions>
								<condition number="0" type="jump" coverage="100%"/>
							</conditions>
						</line>
						<line number="83" hits="6" branch="false"/>
						<line number="86" hits="13" branch="true" condition-coverage="100% (2/2)">
							<conditions>
								<condition number="0" type="jump" coverage="100%"/>
							</conditions>
						</line>
						<line number="87" hits="6" branch="false"/>
						<line number="90" hits="13" branch="true" condition-coverage="100% (2/2)">
							<conditions>
								<condition number="0" type="jump" coverage="100%"/>
							</conditions>
						</line>
						<line number="91" hits="6" branch="false"/>
						<line number="94" hits="13" branch="true" condition-coverage="100% (2/2)">
							<conditions>
								<condition number="0" type="jump" coverage="100%"/>
							</conditions>
						</line>
						<line number="95" hits="12" branch="false"/>
						<line number="98" hits="13" branch="true" condition-coverage="100% (2/2)">
							<conditions>
								<condition number="0" type="jump" coverage="100%"/>
							</conditions>
						</line>
						<line number="99" hits="6" branch="false"/>
						<line number="103" hits="13" branch="false"/>
						<line number="106" hits="10" branch="false"/>
						<line number="110" hits="7" branch="false"/>
						<line number="114" hits="15" branch="false"/>
						<line number="119" hits="18" branch="false"/>
						<line number="120" hits="18" branch="false"/>
						<line number="122" hits="54" branch="true" condition-coverage="100% (2/2)">
							<conditions>
								<condition number="0" type="jump" coverage="100%"/>
							</conditions>
						</line>
						<line number="123" hits="36" branch="false"/>
						<line number="124" hits="36" branch="false"/>
						<line number="126" hits="18" branch="false"/>
						<line number="131" hits="1" branch="false"/>
						<line number="135" hits="6" branch="false"/>
						<line number="139" hits="5" branch="false"/>
						<line number="143" hits="5" branch="false"/>
						<line number="147" hits="5" branch="false"/>
						<line number="151" hits="5" branch="false"/>
						<line number="155" hits="0" branch="false"/>
						<line number="156" hits="0" branch="false"/>
						<line number="159" hits="2" branch="false"/>
						<line number="160" hits="2" branch="false"/>
						<line number="161" hits="2" branch="false"/>
						<line number="162" hits="2" branch="false"/>
						<line number="163" hits="2" branch="true" condition-coverage="100% (2/2)">
							<conditions>
								<condition number="0" type="jump" coverage="100%"/>
							</conditions>
						</line>
						<line number="164" hits="1" branch="false"/>
						<line number="166" hits="2" branch="true" condition-coverage="100% (2/2)">
							<conditions>
								<condition number="0" type="jump" coverage="100%"/>
							</conditions>
						</line>
						<line number="167" hits="1" branch="false"/>
						<line number="169" hits="2" branch="true" condition-coverage="100% (2/2)">
							<conditions>
								<condition number="0" type="jump" coverage="100%"/>
							</conditions>
						</line>
						<line number="170" hits="1" branch="false"/>
						<line number="172" hits="2" branch="true" condition-coverage="100% (2/2)">
							<conditions>
								<condition number="0" type="jump" coverage="100%"/>
							</conditions>
						</line>
						<line number="173" hits="1" branch="false"/>
						<line number="175" hits="2" branch="false"/>
						<line number="179" hits="3" branch="false"/>
						<line number="180" hits="3" branch="true" condition-coverage="100% (2/2)">
							<conditions>
								<condition number="0" type="jump" coverage="100%"/>
							</conditions>
						</line>
						<line number="181" hits="6" branch="false"/>
						<line number="182" hits="6" branch="false"/>
						<line number="183" hits="3" branch="false"/>
						<line number="187" hits="15" branch="false"/>
					</lines>
				</class>
				<class name="org.opensocial.explorer.specserver.DefaultGadgetSpecFactory" filename="org/opensocial/explorer/specserver/DefaultGadgetSpecFactory.java" line-rate="1.0" branch-rate="1.0" complexity="2.0">
					<methods>
						<method name="&lt;clinit&gt;" signature="()V" line-rate="1.0" branch-rate="1.0">
							<lines>
								<line number="33" hits="1" branch="false"/>
								<line number="34" hits="1" branch="false"/>
							</lines>
						</method>
						<method name="&lt;init&gt;" signature="()V" line-rate="1.0" branch-rate="1.0">
							<lines>
								<line number="31" hits="6" branch="false"/>
							</lines>
						</method>
						<method name="create" signature="(Ljava/lang/String;)Lorg/opensocial/explorer/specserver/api/GadgetSpec;" line-rate="1.0" branch-rate="1.0">
							<lines>
								<line number="38" hits="11" branch="false"/>
								<line number="40" hits="11" branch="false"/>
								<line number="41" hits="4" branch="false"/>
								<line number="42" hits="4" branch="false"/>
								<line number="43" hits="7" branch="false"/>
								<line number="44" hits="11" branch="false"/>
							</lines>
						</method>
					</methods>
					<lines>
						<line number="31" hits="6" branch="false"/>
						<line number="33" hits="1" branch="false"/>
						<line number="34" hits="1" branch="false"/>
						<line number="38" hits="11" branch="false"/>
						<line number="40" hits="11" branch="false"/>
						<line number="41" hits="4" branch="false"/>
						<line number="42" hits="4" branch="false"/>
						<line number="43" hits="7" branch="false"/>
						<line number="44" hits="11" branch="false"/>
					</lines>
				</class>
				<class name="org.opensocial.explorer.specserver.GadgetSpecLoadingException" filename="org/opensocial/explorer/specserver/GadgetSpecLoadingException.java" line-rate="1.0" branch-rate="1.0" complexity="1.0">
					<methods>
						<method name="&lt;init&gt;" signature="(Ljava/lang/String;)V" line-rate="1.0" branch-rate="1.0">
							<lines>
								<line number="28" hits="2" branch="false"/>
								<line number="29" hits="2" branch="false"/>
							</lines>
						</method>
					</methods>
					<lines>
						<line number="28" hits="2" branch="false"/>
						<line number="29" hits="2" branch="false"/>
					</lines>
				</class>
			</classes>
		</package>
		<package name="org.opensocial.explorer.specserver.api" line-rate="0.9090909090909091" branch-rate="1.0" complexity="1.0">
			<classes>
				<class name="org.opensocial.explorer.specserver.api.GadgetRegistry" filename="org/opensocial/explorer/specserver/api/GadgetRegistry.java" line-rate="1.0" branch-rate="1.0" complexity="1.0">
					<methods>
					</methods>
					<lines>
					</lines>
				</class>
				<class name="org.opensocial.explorer.specserver.api.GadgetResource" filename="org/opensocial/explorer/specserver/api/GadgetResource.java" line-rate="1.0" branch-rate="1.0" complexity="1.0">
					<methods>
					</methods>
					<lines>
					</lines>
				</class>
				<class name="org.opensocial.explorer.specserver.api.GadgetResource$ContentType" filename="org/opensocial/explorer/specserver/api/GadgetResource.java" line-rate="0.9090909090909091" branch-rate="1.0" complexity="1.0">
					<methods>
						<method name="&lt;clinit&gt;" signature="()V" line-rate="1.0" branch-rate="1.0">
							<lines>
								<line number="62" hits="63" branch="false"/>
								<line number="63" hits="1" branch="false"/>
								<line number="64" hits="1" branch="false"/>
								<line number="65" hits="1" branch="false"/>
								<line number="66" hits="1" branch="false"/>
								<line number="67" hits="1" branch="false"/>
								<line number="68" hits="1" branch="false"/>
							</lines>
						</method>
						<method name="&lt;init&gt;" signature="(Ljava/lang/String;ILjava/lang/String;)V" line-rate="1.0" branch-rate="1.0">
							<lines>
								<line number="72" hits="6" branch="false"/>
								<line number="73" hits="6" branch="false"/>
								<line number="74" hits="6" branch="false"/>
							</lines>
						</method>
						<method name="toString" signature="()Ljava/lang/String;" line-rate="0.0" branch-rate="1.0">
							<lines>
								<line number="80" hits="0" branch="false"/>
							</lines>
						</method>
						<method name="valueOf" signature="(Ljava/lang/String;)Lorg/opensocial/explorer/specserver/api/GadgetResource$ContentType;" line-rate="1.0" branch-rate="1.0">
							<lines>
							</lines>
						</method>
						<method name="values" signature="()[Lorg/opensocial/explorer/specserver/api/GadgetResource$ContentType;" line-rate="1.0" branch-rate="1.0">
							<lines>
							</lines>
						</method>
					</methods>
					<lines>
						<line number="62" hits="63" branch="false"/>
						<line number="63" hits="1" branch="false"/>
						<line number="64" hits="1" branch="false"/>
						<line number="65" hits="1" branch="false"/>
						<line number="66" hits="1" branch="false"/>
						<line number="67" hits="1" branch="false"/>
						<line number="68" hits="1" branch="false"/>
						<line number="72" hits="6" branch="false"/>
						<line number="73" hits="6" branch="false"/>
						<line number="74" hits="6" branch="false"/>
						<line number="80" hits="0" branch="false"/>
					</lines>
				</class>
				<class name="org.opensocial.explorer.specserver.api.GadgetSpec" filename="org/opensocial/explorer/specserver/api/GadgetSpec.java" line-rate="1.0" branch-rate="1.0" complexity="1.0">
					<methods>
					</methods>
					<lines>
					</lines>
				</class>
				<class name="org.opensocial.explorer.specserver.api.GadgetSpecFactory" filename="org/opensocial/explorer/specserver/api/GadgetSpecFactory.java" line-rate="1.0" branch-rate="1.0" complexity="1.0">
					<methods>
					</methods>
					<lines>
					</lines>
				</class>
				<class name="org.opensocial.explorer.specserver.api.JSONSerializable" filename="org/opensocial/explorer/specserver/api/JSONSerializable.java" line-rate="1.0" branch-rate="1.0" complexity="1.0">
					<methods>
					</methods>
					<lines>
					</lines>
				</class>
				<class name="org.opensocial.explorer.specserver.api.OnDiskResource" filename="org/opensocial/explorer/specserver/api/OnDiskResource.java" line-rate="1.0" branch-rate="1.0" complexity="1.0">
					<methods>
					</methods>
					<lines>
					</lines>
				</class>
			</classes>
		</package>
		<package name="org.opensocial.explorer.specserver.servlet" line-rate="0.8156028368794326" branch-rate="0.7307692307692307" complexity="4.25">
			<classes>
				<class name="org.opensocial.explorer.specserver.servlet.ExplorerInjectedServlet" filename="org/opensocial/explorer/specserver/servlet/ExplorerInjectedServlet.java" line-rate="0.3939393939393939" branch-rate="0.25" complexity="2.3333333333333335">
					<methods>
						<method name="&lt;clinit&gt;" signature="()V" line-rate="1.0" branch-rate="1.0">
							<lines>
								<line number="47" hits="1" branch="false"/>
							</lines>
						</method>
						<method name="&lt;init&gt;" signature="()V" line-rate="1.0" branch-rate="1.0">
							<lines>
								<line number="50" hits="12" branch="false"/>
								<line number="51" hits="12" branch="false"/>
							</lines>
						</method>
						<method name="getPaths" signature="(Ljavax/servlet/http/HttpServletRequest;)[Ljava/lang/String;" line-rate="0.8" branch-rate="0.5">
							<lines>
								<line number="64" hits="8" branch="false"/>
								<line number="65" hits="8" branch="true" condition-coverage="50% (1/2)">
									<conditions>
										<condition number="0" type="jump" coverage="50%"/>
									</conditions>
								</line>
								<line number="66" hits="0" branch="false"/>
								<line number="68" hits="8" branch="false"/>
								<line number="69" hits="8" branch="false"/>
							</lines>
						</method>
						<method name="getRequestBody" signature="(Ljavax/servlet/http/HttpServletRequest;)Ljava/lang/String;" line-rate="1.0" branch-rate="1.0">
							<lines>
								<line number="54" hits="2" branch="false"/>
								<line number="55" hits="2" branch="false"/>
								<line number="56" hits="2" branch="false"/>
								<line number="57" hits="4" branch="true" condition-coverage="100% (2/2)">
									<conditions>
										<condition number="0" type="jump" coverage="100%"/>
									</conditions>
								</line>
								<line number="58" hits="2" branch="false"/>
								<line number="60" hits="2" branch="false"/>
							</lines>
						</method>
						<method name="parseResponseToJson" signature="(Lorg/apache/shindig/gadgets/http/HttpResponse;)Lorg/apache/wink/json4j/JSONObject;" line-rate="0.0" branch-rate="0.0">
							<lines>
								<line number="73" hits="0" branch="false"/>
								<line number="74" hits="0" branch="false"/>
								<line number="75" hits="0" branch="true" condition-coverage="0% (0/2)">
									<conditions>
										<condition number="0" type="jump" coverage="0%"/>
									</conditions>
								</line>
								<line number="76" hits="0" branch="false"/>
								<line number="79" hits="0" branch="false"/>
							</lines>
						</method>
						<method name="parseResponseToString" signature="(Lorg/apache/shindig/gadgets/http/HttpResponse;)Ljava/lang/String;" line-rate="0.0" branch-rate="0.0">
							<lines>
								<line number="84" hits="0" branch="false"/>
								<line number="85" hits="0" branch="false"/>
								<line number="86" hits="0" branch="true" condition-coverage="0% (0/2)">
									<conditions>
										<condition number="0" type="jump" coverage="0%"/>
									</conditions>
								</line>
								<line number="87" hits="0" branch="false"/>
								<line number="90" hits="0" branch="false"/>
							</lines>
						</method>
						<method name="splitQuery" signature="(Lorg/apache/shindig/gadgets/http/HttpResponse;)Ljava/util/Map;" line-rate="0.0" branch-rate="0.0">
							<lines>
								<line number="94" hits="0" branch="false"/>
								<line number="96" hits="0" branch="false"/>
								<line number="97" hits="0" branch="false"/>
								<line number="98" hits="0" branch="true" condition-coverage="0% (0/2)">
									<conditions>
										<condition number="0" type="jump" coverage="0%"/>
									</conditions>
								</line>
								<line number="99" hits="0" branch="false"/>
								<line number="100" hits="0" branch="true" condition-coverage="0% (0/2)">
									<conditions>
										<condition number="0" type="jump" coverage="0%"/>
									</conditions>
								</line>
								<line number="101" hits="0" branch="false"/>
								<line number="103" hits="0" branch="false"/>
								<line number="105" hits="0" branch="false"/>
							</lines>
						</method>
					</methods>
					<lines>
						<line number="47" hits="1" branch="false"/>
						<line number="50" hits="12" branch="false"/>
						<line number="51" hits="12" branch="false"/>
						<line number="54" hits="2" branch="false"/>
						<line number="55" hits="2" branch="false"/>
						<line number="56" hits="2" branch="false"/>
						<line number="57" hits="4" branch="true" condition-coverage="100% (2/2)">
							<conditions>
								<condition number="0" type="jump" coverage="100%"/>
							</conditions>
						</line>
						<line number="58" hits="2" branch="false"/>
						<line number="60" hits="2" branch="false"/>
						<line number="64" hits="8" branch="false"/>
						<line number="65" hits="8" branch="true" condition-coverage="50% (1/2)">
							<conditions>
								<condition number="0" type="jump" coverage="50%"/>
							</conditions>
						</line>
						<line number="66" hits="0" branch="false"/>
						<line number="68" hits="8" branch="false"/>
						<line number="69" hits="8" branch="false"/>
						<line number="73" hits="0" branch="false"/>
						<line number="74" hits="0" branch="false"/>
						<line number="75" hits="0" branch="true" condition-coverage="0% (0/2)">
							<conditions>
								<condition number="0" type="jump" coverage="0%"/>
							</conditions>
						</line>
						<line number="76" hits="0" branch="false"/>
						<line number="79" hits="0" branch="false"/>
						<line number="84" hits="0" branch="false"/>
						<line number="85" hits="0" branch="false"/>
						<line number="86" hits="0" branch="true" condition-coverage="0% (0/2)">
							<conditions>
								<condition number="0" type="jump" coverage="0%"/>
							</conditions>
						</line>
						<line number="87" hits="0" branch="false"/>
						<line number="90" hits="0" branch="false"/>
						<line number="94" hits="0" branch="false"/>
						<line number="96" hits="0" branch="false"/>
						<line number="97" hits="0" branch="false"/>
						<line number="98" hits="0" branch="true" condition-coverage="0% (0/2)">
							<conditions>
								<condition number="0" type="jump" coverage="0%"/>
							</conditions>
						</line>
						<line number="99" hits="0" branch="false"/>
						<line number="100" hits="0" branch="true" condition-coverage="0% (0/2)">
							<conditions>
								<condition number="0" type="jump" coverage="0%"/>
							</conditions>
						</line>
						<line number="101" hits="0" branch="false"/>
						<line number="103" hits="0" branch="false"/>
						<line number="105" hits="0" branch="false"/>
					</lines>
				</class>
				<class name="org.opensocial.explorer.specserver.servlet.GadgetSpecServlet" filename="org/opensocial/explorer/specserver/servlet/GadgetSpecServlet.java" line-rate="0.9444444444444444" branch-rate="0.875" complexity="6.166666666666667">
					<methods>
						<method name="&lt;clinit&gt;" signature="()V" line-rate="1.0" branch-rate="1.0">
							<lines>
								<line number="72" hits="1" branch="false"/>
								<line number="73" hits="1" branch="false"/>
							</lines>
						</method>
						<method name="&lt;init&gt;" signature="()V" line-rate="1.0" branch-rate="1.0">
							<lines>
								<line number="70" hits="12" branch="false"/>
								<line number="75" hits="12" branch="false"/>
							</lines>
						</method>
						<method name="doGet" signature="(Ljavax/servlet/http/HttpServletRequest;Ljavax/servlet/http/HttpServletResponse;)V" line-rate="0.9142857142857143" branch-rate="0.875">
							<lines>
								<line number="86" hits="8" branch="false"/>
								<line number="89" hits="8" branch="false"/>
								<line number="90" hits="8" branch="true" condition-coverage="100% (2/2)">
									<conditions>
										<condition number="0" type="jump" coverage="100%"/>
									</conditions>
								</line>
								<line number="91" hits="1" branch="false"/>
								<line number="92" hits="1" branch="false"/>
								<line number="94" hits="7" branch="false"/>
								<line number="96" hits="7" branch="true" condition-coverage="100% (2/2)">
									<conditions>
										<condition number="0" type="jump" coverage="100%"/>
									</conditions>
								</line>
								<line number="97" hits="1" branch="false"/>
								<line number="98" hits="1" branch="false"/>
								<line number="99" hits="1" branch="false"/>
								<line number="101" hits="1" branch="false"/>
								<line number="102" hits="1" branch="false"/>
								<line number="103" hits="1" branch="false"/>
								<line number="104" hits="1" branch="false"/>
								<line number="107" hits="6" branch="true" condition-coverage="100% (2/2)">
									<conditions>
										<condition number="0" type="jump" coverage="100%"/>
									</conditions>
								</line>
								<line number="108" hits="1" branch="false"/>
								<line number="109" hits="1" branch="true" condition-coverage="50% (1/2)">
									<conditions>
										<condition number="0" type="jump" coverage="50%"/>
									</conditions>
								</line>
								<line number="110" hits="0" branch="false"/>
								<line number="112" hits="1" branch="false"/>
								<line number="114" hits="1" branch="false"/>
								<line number="120" hits="5" branch="true" condition-coverage="100% (2/2)">
									<conditions>
										<condition number="0" type="jump" coverage="100%"/>
									</conditions>
								</line>
								<line number="121" hits="1" branch="false"/>
								<line number="123" hits="4" branch="false"/>
								<line number="126" hits="5" branch="true" condition-coverage="50% (1/2)">
									<conditions>
										<condition number="0" type="jump" coverage="50%"/>
									</conditions>
								</line>
								<line number="127" hits="0" branch="false"/>
								<line number="129" hits="0" branch="false"/>
								<line number="133" hits="5" branch="true" condition-coverage="100% (2/2)">
									<conditions>
										<condition number="0" type="jump" coverage="100%"/>
									</conditions>
								</line>
								<line number="134" hits="2" branch="false"/>
								<line number="135" hits="2" branch="false"/>
								<line number="136" hits="2" branch="true" condition-coverage="100% (2/2)">
									<conditions>
										<condition number="0" type="jump" coverage="100%"/>
									</conditions>
								</line>
								<line number="137" hits="1" branch="false"/>
								<line number="140" hits="1" branch="false"/>
								<line number="142" hits="2" branch="false"/>
								<line number="144" hits="3" branch="false"/>
								<line number="146" hits="5" branch="false"/>
							</lines>
						</method>
						<method name="doPost" signature="(Ljavax/servlet/http/HttpServletRequest;Ljavax/servlet/http/HttpServletResponse;)V" line-rate="1.0" branch-rate="1.0">
							<lines>
								<line number="184" hits="3" branch="true" condition-coverage="100% (2/2)">
									<conditions>
										<condition number="0" type="jump" coverage="100%"/>
									</conditions>
								</line>
								<line number="185" hits="1" branch="false"/>
								<line number="187" hits="1" branch="false"/>
								<line number="189" hits="2" branch="false"/>
								<line number="190" hits="2" branch="false"/>
								<line number="192" hits="2" branch="false"/>
								<line number="193" hits="1" branch="false"/>
								<line number="194" hits="1" branch="false"/>
								<line number="195" hits="1" branch="false"/>
								<line number="198" hits="1" branch="false"/>
								<line number="199" hits="1" branch="false"/>
								<line number="201" hits="1" branch="false"/>
								<line number="203" hits="1" branch="false"/>
								<line number="204" hits="1" branch="false"/>
								<line number="205" hits="1" branch="false"/>
								<line number="206" hits="1" branch="false"/>
								<line number="209" hits="2" branch="true" condition-coverage="100% (2/2)">
									<conditions>
										<condition number="0" type="jump" coverage="100%"/>
									</conditions>
								</line>
								<line number="210" hits="1" branch="false"/>
								<line number="213" hits="2" branch="false"/>
							</lines>
						</method>
						<method name="findResource" signature="(Lorg/opensocial/explorer/specserver/api/GadgetSpec;Ljava/lang/String;)Lorg/opensocial/explorer/specserver/api/GadgetResource;" line-rate="1.0" branch-rate="0.875">
							<lines>
								<line number="217" hits="7" branch="false"/>
								<line number="218" hits="7" branch="true" condition-coverage="100% (2/2)">
									<conditions>
										<condition number="0" type="jump" coverage="100%"/>
									</conditions>
								</line>
								<line number="219" hits="1" branch="false"/>
								<line number="220" hits="6" branch="true" condition-coverage="100% (2/2)">
									<conditions>
										<condition number="0" type="jump" coverage="100%"/>
									</conditions>
								</line>
								<line number="221" hits="1" branch="false"/>
								<line number="222" hits="5" branch="true" condition-coverage="100% (2/2)">
									<conditions>
										<condition number="0" type="jump" coverage="100%"/>
									</conditions>
								</line>
								<line number="223" hits="3" branch="false"/>
								<line number="224" hits="2" branch="true" condition-coverage="75% (3/4)">
									<conditions>
										<condition number="0" type="jump" coverage="100%"/>
										<condition number="1" type="jump" coverage="50%"/>
									</conditions>
								</line>
								<line number="227" hits="1" branch="false"/>
								<line number="229" hits="1" branch="false"/>
								<line number="230" hits="1" branch="false"/>
								<line number="233" hits="5" branch="true" condition-coverage="100% (2/2)">
									<conditions>
										<condition number="0" type="jump" coverage="100%"/>
									</conditions>
								</line>
								<line number="235" hits="1" branch="false"/>
								<line number="238" hits="4" branch="false"/>
								<line number="240" hits="4" branch="false"/>
								<line number="241" hits="5" branch="true" condition-coverage="50% (1/2)">
									<conditions>
										<condition number="0" type="jump" coverage="50%"/>
									</conditions>
								</line>
								<line number="242" hits="5" branch="false"/>
								<line number="243" hits="5" branch="false"/>
								<line number="244" hits="5" branch="true" condition-coverage="100% (2/2)">
									<conditions>
										<condition number="0" type="jump" coverage="100%"/>
									</conditions>
								</line>
								<line number="245" hits="4" branch="false"/>
								<line number="248" hits="4" branch="false"/>
							</lines>
						</method>
						<method name="returnJSONResult" signature="(Lorg/opensocial/explorer/specserver/api/JSONSerializable;Ljavax/servlet/http/HttpServletResponse;)V" line-rate="1.0" branch-rate="1.0">
							<lines>
								<line number="252" hits="4" branch="false"/>
								<line number="253" hits="4" branch="false"/>
								<line number="255" hits="4" branch="false"/>
								<line number="256" hits="3" branch="false"/>
								<line number="257" hits="3" branch="false"/>
								<line number="259" hits="3" branch="false"/>
								<line number="260" hits="3" branch="false"/>
								<line number="261" hits="1" branch="false"/>
								<line number="262" hits="1" branch="false"/>
								<line number="263" hits="1" branch="false"/>
								<line number="265" hits="4" branch="true" condition-coverage="100% (2/2)">
									<conditions>
										<condition number="0" type="jump" coverage="100%"/>
									</conditions>
								</line>
								<line number="266" hits="3" branch="false"/>
								<line number="269" hits="4" branch="false"/>
							</lines>
						</method>
						<method name="returnResource" signature="(Lorg/opensocial/explorer/specserver/api/GadgetResource;Ljavax/servlet/http/HttpServletResponse;)V" line-rate="0.7692307692307693" branch-rate="0.5">
							<lines>
								<line number="272" hits="1" branch="false"/>
								<line number="273" hits="1" branch="false"/>
								<line number="276" hits="1" branch="false"/>
								<line number="277" hits="1" branch="false"/>
								<line number="278" hits="1" branch="false"/>
								<line number="280" hits="1" branch="false"/>
								<line number="281" hits="1" branch="false"/>
								<line number="282" hits="0" branch="false"/>
								<line number="283" hits="0" branch="false"/>
								<line number="284" hits="0" branch="false"/>
								<line number="286" hits="1" branch="true" condition-coverage="50% (1/2)">
									<conditions>
										<condition number="0" type="jump" coverage="50%"/>
									</conditions>
								</line>
								<line number="287" hits="1" branch="false"/>
								<line number="290" hits="1" branch="false"/>
							</lines>
						</method>
						<method name="setRegistry" signature="(Lorg/opensocial/explorer/specserver/api/GadgetRegistry;)V" line-rate="1.0" branch-rate="1.0">
							<lines>
								<line number="79" hits="12" branch="false"/>
								<line number="80" hits="12" branch="false"/>
								<line number="81" hits="12" branch="false"/>
							</lines>
						</method>
					</methods>
					<lines>
						<line number="70" hits="12" branch="false"/>
						<line number="72" hits="1" branch="false"/>
						<line number="73" hits="1" branch="false"/>
						<line number="75" hits="12" branch="false"/>
						<line number="79" hits="12" branch="false"/>
						<line number="80" hits="12" branch="false"/>
						<line number="81" hits="12" branch="false"/>
						<line number="86" hits="8" branch="false"/>
						<line number="89" hits="8" branch="false"/>
						<line number="90" hits="8" branch="true" condition-coverage="100% (2/2)">
							<conditions>
								<condition number="0" type="jump" coverage="100%"/>
							</conditions>
						</line>
						<line number="91" hits="1" branch="false"/>
						<line number="92" hits="1" branch="false"/>
						<line number="94" hits="7" branch="false"/>
						<line number="96" hits="7" branch="true" condition-coverage="100% (2/2)">
							<conditions>
								<condition number="0" type="jump" coverage="100%"/>
							</conditions>
						</line>
						<line number="97" hits="1" branch="false"/>
						<line number="98" hits="1" branch="false"/>
						<line number="99" hits="1" branch="false"/>
						<line number="101" hits="1" branch="false"/>
						<line number="102" hits="1" branch="false"/>
						<line number="103" hits="1" branch="false"/>
						<line number="104" hits="1" branch="false"/>
						<line number="107" hits="6" branch="true" condition-coverage="100% (2/2)">
							<conditions>
								<condition number="0" type="jump" coverage="100%"/>
							</conditions>
						</line>
						<line number="108" hits="1" branch="false"/>
						<line number="109" hits="1" branch="true" condition-coverage="50% (1/2)">
							<conditions>
								<condition number="0" type="jump" coverage="50%"/>
							</conditions>
						</line>
						<line number="110" hits="0" branch="false"/>
						<line number="112" hits="1" branch="false"/>
						<line number="114" hits="1" branch="false"/>
						<line number="120" hits="5" branch="true" condition-coverage="100% (2/2)">
							<conditions>
								<condition number="0" type="jump" coverage="100%"/>
							</conditions>
						</line>
						<line number="121" hits="1" branch="false"/>
						<line number="123" hits="4" branch="false"/>
						<line number="126" hits="5" branch="true" condition-coverage="50% (1/2)">
							<conditions>
								<condition number="0" type="jump" coverage="50%"/>
							</conditions>
						</line>
						<line number="127" hits="0" branch="false"/>
						<line number="129" hits="0" branch="false"/>
						<line number="133" hits="5" branch="true" condition-coverage="100% (2/2)">
							<conditions>
								<condition number="0" type="jump" coverage="100%"/>
							</conditions>
						</line>
						<line number="134" hits="2" branch="false"/>
						<line number="135" hits="2" branch="false"/>
						<line number="136" hits="2" branch="true" condition-coverage="100% (2/2)">
							<conditions>
								<condition number="0" type="jump" coverage="100%"/>
							</conditions>
						</line>
						<line number="137" hits="1" branch="false"/>
						<line number="140" hits="1" branch="false"/>
						<line number="142" hits="2" branch="false"/>
						<line number="144" hits="3" branch="false"/>
						<line number="146" hits="5" branch="false"/>
						<line number="184" hits="3" branch="true" condition-coverage="100% (2/2)">
							<conditions>
								<condition number="0" type="jump" coverage="100%"/>
							</conditions>
						</line>
						<line number="185" hits="1" branch="false"/>
						<line number="187" hits="1" branch="false"/>
						<line number="189" hits="2" branch="false"/>
						<line number="190" hits="2" branch="false"/>
						<line number="192" hits="2" branch="false"/>
						<line number="193" hits="1" branch="false"/>
						<line number="194" hits="1" branch="false"/>
						<line number="195" hits="1" branch="false"/>
						<line number="198" hits="1" branch="false"/>
						<line number="199" hits="1" branch="false"/>
						<line number="201" hits="1" branch="false"/>
						<line number="203" hits="1" branch="false"/>
						<line number="204" hits="1" branch="false"/>
						<line number="205" hits="1" branch="false"/>
						<line number="206" hits="1" branch="false"/>
						<line number="209" hits="2" branch="true" condition-coverage="100% (2/2)">
							<conditions>
								<condition number="0" type="jump" coverage="100%"/>
							</conditions>
						</line>
						<line number="210" hits="1" branch="false"/>
						<line number="213" hits="2" branch="false"/>
						<line number="217" hits="7" branch="false"/>
						<line number="218" hits="7" branch="true" condition-coverage="100% (2/2)">
							<conditions>
								<condition number="0" type="jump" coverage="100%"/>
							</conditions>
						</line>
						<line number="219" hits="1" branch="false"/>
						<line number="220" hits="6" branch="true" condition-coverage="100% (2/2)">
							<conditions>
								<condition number="0" type="jump" coverage="100%"/>
							</conditions>
						</line>
						<line number="221" hits="1" branch="false"/>
						<line number="222" hits="5" branch="true" condition-coverage="100% (2/2)">
							<conditions>
								<condition number="0" type="jump" coverage="100%"/>
							</conditions>
						</line>
						<line number="223" hits="3" branch="false"/>
						<line number="224" hits="2" branch="true" condition-coverage="75% (3/4)">
							<conditions>
								<condition number="0" type="jump" coverage="100%"/>
								<condition number="1" type="jump" coverage="50%"/>
							</conditions>
						</line>
						<line number="227" hits="1" branch="false"/>
						<line number="229" hits="1" branch="false"/>
						<line number="230" hits="1" branch="false"/>
						<line number="233" hits="5" branch="true" condition-coverage="100% (2/2)">
							<conditions>
								<condition number="0" type="jump" coverage="100%"/>
							</conditions>
						</line>
						<line number="235" hits="1" branch="false"/>
						<line number="238" hits="4" branch="false"/>
						<line number="240" hits="4" branch="false"/>
						<line number="241" hits="5" branch="true" condition-coverage="50% (1/2)">
							<conditions>
								<condition number="0" type="jump" coverage="50%"/>
							</conditions>
						</line>
						<line number="242" hits="5" branch="false"/>
						<line number="243" hits="5" branch="false"/>
						<line number="244" hits="5" branch="true" condition-coverage="100% (2/2)">
							<conditions>
								<condition number="0" type="jump" coverage="100%"/>
							</conditions>
						</line>
						<line number="245" hits="4" branch="false"/>
						<line number="248" hits="4" branch="false"/>
						<line number="252" hits="4" branch="false"/>
						<line number="253" hits="4" branch="false"/>
						<line number="255" hits="4" branch="false"/>
						<line number="256" hits="3" branch="false"/>
						<line number="257" hits="3" branch="false"/>
						<line number="259" hits="3" branch="false"/>
						<line number="260" hits="3" branch="false"/>
						<line number="261" hits="1" branch="false"/>
						<line number="262" hits="1" branch="false"/>
						<line number="263" hits="1" branch="false"/>
						<line number="265" hits="4" branch="true" condition-coverage="100% (2/2)">
							<conditions>
								<condition number="0" type="jump" coverage="100%"/>
							</conditions>
						</line>
						<line number="266" hits="3" branch="false"/>
						<line number="269" hits="4" branch="false"/>
						<line number="272" hits="1" branch="false"/>
						<line number="273" hits="1" branch="false"/>
						<line number="276" hits="1" branch="false"/>
						<line number="277" hits="1" branch="false"/>
						<line number="278" hits="1" branch="false"/>
						<line number="280" hits="1" branch="false"/>
						<line number="281" hits="1" branch="false"/>
						<line number="282" hits="0" branch="false"/>
						<line number="283" hits="0" branch="false"/>
						<line number="284" hits="0" branch="false"/>
						<line number="286" hits="1" branch="true" condition-coverage="50% (1/2)">
							<conditions>
								<condition number="0" type="jump" coverage="50%"/>
							</conditions>
						</line>
						<line number="287" hits="1" branch="false"/>
						<line number="290" hits="1" branch="false"/>
					</lines>
				</class>
			</classes>
		</package>
		<package name="org.opensocial.explorer.specserver.temp" line-rate="0.717948717948718" branch-rate="0.6666666666666666" complexity="1.7">
			<classes>
				<class name="org.opensocial.explorer.specserver.temp.TempGadgetResource" filename="org/opensocial/explorer/specserver/temp/TempGadgetResource.java" line-rate="0.9333333333333333" branch-rate="0.75" complexity="1.75">
					<methods>
						<method name="&lt;init&gt;" signature="(Ljava/lang/String;Ljava/lang/String;)V" line-rate="1.0" branch-rate="1.0">
							<lines>
								<line number="43" hits="4" branch="false"/>
								<line number="44" hits="4" branch="false"/>
								<line number="45" hits="4" branch="false"/>
							</lines>
						</method>
						<method name="getPath" signature="()Ljava/lang/String;" line-rate="0.0" branch-rate="1.0">
							<lines>
								<line number="76" hits="0" branch="false"/>
							</lines>
						</method>
						<method name="parse" signature="(Lorg/apache/wink/json4j/JSONArray;)Ljava/util/Map;" line-rate="1.0" branch-rate="0.75">
							<lines>
								<line number="54" hits="3" branch="false"/>
								<line number="55" hits="3" branch="false"/>
								<line number="58" hits="6" branch="true" condition-coverage="100% (2/2)">
									<conditions>
										<condition number="0" type="jump" coverage="100%"/>
									</conditions>
								</line>
								<line number="59" hits="3" branch="false"/>
								<line number="60" hits="3" branch="true" condition-coverage="50% (1/2)">
									<conditions>
										<condition number="0" type="jump" coverage="50%"/>
									</conditions>
								</line>
								<line number="61" hits="3" branch="false"/>
								<line number="62" hits="3" branch="false"/>
								<line number="65" hits="3" branch="false"/>
							</lines>
						</method>
						<method name="parse" signature="(Lorg/apache/wink/json4j/JSONObject;)Lorg/opensocial/explorer/specserver/api/GadgetResource;" line-rate="1.0" branch-rate="1.0">
							<lines>
								<line number="48" hits="4" branch="false"/>
								<line number="49" hits="4" branch="false"/>
								<line number="50" hits="4" branch="false"/>
							</lines>
						</method>
					</methods>
					<lines>
						<line number="43" hits="4" branch="false"/>
						<line number="44" hits="4" branch="false"/>
						<line number="45" hits="4" branch="false"/>
						<line number="48" hits="4" branch="false"/>
						<line number="49" hits="4" branch="false"/>
						<line number="50" hits="4" branch="false"/>
						<line number="54" hits="3" branch="false"/>
						<line number="55" hits="3" branch="false"/>
						<line number="58" hits="6" branch="true" condition-coverage="100% (2/2)">
							<conditions>
								<condition number="0" type="jump" coverage="100%"/>
							</conditions>
						</line>
						<line number="59" hits="3" branch="false"/>
						<line number="60" hits="3" branch="true" condition-coverage="50% (1/2)">
							<conditions>
								<condition number="0" type="jump" coverage="50%"/>
							</conditions>
						</line>
						<line number="61" hits="3" branch="false"/>
						<line number="62" hits="3" branch="false"/>
						<line number="65" hits="3" branch="false"/>
						<line number="76" hits="0" branch="false"/>
					</lines>
				</class>
				<class name="org.opensocial.explorer.specserver.temp.TempGadgetSpec" filename="org/opensocial/explorer/specserver/temp/TempGadgetSpec.java" line-rate="0.5833333333333334" branch-rate="0.5" complexity="1.6666666666666667">
					<methods>
						<method name="&lt;init&gt;" signature="(Ljava/lang/String;Lorg/opensocial/explorer/specserver/api/GadgetResource;Ljava/util/Map;Ljava/util/Map;Ljava/util/Map;)V" line-rate="1.0" branch-rate="1.0">
							<lines>
								<line number="44" hits="1" branch="false"/>
								<line number="45" hits="1" branch="false"/>
								<line number="46" hits="1" branch="false"/>
							</lines>
						</method>
						<method name="&lt;init&gt;" signature="(Ljava/lang/String;Lorg/opensocial/explorer/specserver/api/GadgetResource;Ljava/util/Map;Ljava/util/Map;Ljava/util/Map;Lorg/opensocial/explorer/specserver/api/GadgetResource;)V" line-rate="0.0" branch-rate="1.0">
							<lines>
								<line number="50" hits="0" branch="false"/>
								<line number="51" hits="0" branch="false"/>
								<line number="52" hits="0" branch="false"/>
								<line number="53" hits="0" branch="false"/>
							</lines>
						</method>
						<method name="getPathToSpec" signature="()Ljava/lang/String;" line-rate="0.0" branch-rate="1.0">
							<lines>
								<line number="85" hits="0" branch="false"/>
							</lines>
						</method>
						<method name="isDefault" signature="()Z" line-rate="0.0" branch-rate="1.0">
							<lines>
								<line number="89" hits="0" branch="false"/>
							</lines>
						</method>
						<method name="parse" signature="(Lorg/apache/wink/json4j/JSONObject;)Lorg/opensocial/explorer/specserver/api/GadgetSpec;" line-rate="0.7857142857142857" branch-rate="0.5">
							<lines>
								<line number="58" hits="1" branch="false"/>
								<line number="60" hits="1" branch="false"/>
								<line number="61" hits="1" branch="false"/>
								<line number="63" hits="1" branch="false"/>
								<line number="64" hits="1" branch="false"/>
								<line number="66" hits="1" branch="false"/>
								<line number="67" hits="1" branch="false"/>
								<line number="69" hits="1" branch="false"/>
								<line number="70" hits="1" branch="false"/>
								<line number="72" hits="1" branch="true" condition-coverage="50% (1/2)">
									<conditions>
										<condition number="0" type="jump" coverage="50%"/>
									</conditions>
								</line>
								<line number="73" hits="0" branch="false"/>
								<line number="74" hits="0" branch="false"/>
								<line number="75" hits="0" branch="false"/>
								<line number="77" hits="1" branch="false"/>
							</lines>
						</method>
						<method name="setDefault" signature="(Z)V" line-rate="0.0" branch-rate="1.0">
							<lines>
								<line number="96" hits="0" branch="false"/>
							</lines>
						</method>
					</methods>
					<lines>
						<line number="44" hits="1" branch="false"/>
						<line number="45" hits="1" branch="false"/>
						<line number="46" hits="1" branch="false"/>
						<line number="50" hits="0" branch="false"/>
						<line number="51" hits="0" branch="false"/>
						<line number="52" hits="0" branch="false"/>
						<line number="53" hits="0" branch="false"/>
						<line number="58" hits="1" branch="false"/>
						<line number="60" hits="1" branch="false"/>
						<line number="61" hits="1" branch="false"/>
						<line number="63" hits="1" branch="false"/>
						<line number="64" hits="1" branch="false"/>
						<line number="66" hits="1" branch="false"/>
						<line number="67" hits="1" branch="false"/>
						<line number="69" hits="1" branch="false"/>
						<line number="70" hits="1" branch="false"/>
						<line number="72" hits="1" branch="true" condition-coverage="50% (1/2)">
							<conditions>
								<condition number="0" type="jump" coverage="50%"/>
							</conditions>
						</line>
						<line number="73" hits="0" branch="false"/>
						<line number="74" hits="0" branch="false"/>
						<line number="75" hits="0" branch="false"/>
						<line number="77" hits="1" branch="false"/>
						<line number="85" hits="0" branch="false"/>
						<line number="89" hits="0" branch="false"/>
						<line number="96" hits="0" branch="false"/>
					</lines>
				</class>
			</classes>
		</package>
	</packages>
</coverage>
