<?xml version="1.0"?>
<!DOCTYPE coverage SYSTEM "http://cobertura.sourceforge.net/xml/coverage-04.dtd">

<coverage line-rate="0.0" branch-rate="0.0" lines-covered="0" lines-valid="74" branches-covered="0" branches-valid="18" complexity="3.8333333333333335" version="1.9.4.1" timestamp="1364247651603">
	<sources>
		<source>--source</source>
		<source>/Users/ryanjbaxter/git-repos/opensocial/explorer/java/server/src/main/java</source>
	</sources>
	<packages>
		<package name="org.opensocial.explorer.server.openid" line-rate="0.0" branch-rate="0.0" complexity="3.8333333333333335">
			<classes>
				<class name="org.opensocial.explorer.server.openid.OpenIDConsumer" filename="org/opensocial/explorer/server/openid/OpenIDConsumer.java" line-rate="0.0" branch-rate="0.0" complexity="4.666666666666667">
					<methods>
						<method name="&lt;init&gt;" signature="(Ljava/lang/String;Lorg/openid4java/consumer/ConsumerManager;Lorg/apache/shindig/common/servlet/Authority;)V" line-rate="0.0" branch-rate="1.0">
							<lines>
								<line number="63" hits="0" branch="false"/>
								<line number="64" hits="0" branch="false"/>
								<line number="67" hits="0" branch="false"/>
								<line number="68" hits="0" branch="false"/>
							</lines>
						</method>
						<method name="authRequest" signature="(Ljava/lang/String;Ljavax/servlet/http/HttpServletRequest;Ljavax/servlet/http/HttpServletResponse;)Z" line-rate="0.0" branch-rate="1.0">
							<lines>
								<line number="86" hits="0" branch="false"/>
								<line number="90" hits="0" branch="false"/>
								<line number="93" hits="0" branch="false"/>
								<line number="96" hits="0" branch="false"/>
								<line number="99" hits="0" branch="false"/>
								<line number="100" hits="0" branch="false"/>
								<line number="104" hits="0" branch="false"/>
								<line number="107" hits="0" branch="false"/>
								<line number="108" hits="0" branch="false"/>
								<line number="109" hits="0" branch="false"/>
								<line number="115" hits="0" branch="false"/>
								<line number="116" hits="0" branch="false"/>
								<line number="126" hits="0" branch="false"/>
								<line number="128" hits="0" branch="false"/>
							</lines>
						</method>
						<method name="verifyResponse" signature="(Ljavax/servlet/http/HttpServletRequest;)Lorg/openid4java/discovery/Identifier;" line-rate="0.0" branch-rate="0.0">
							<lines>
								<line number="137" hits="0" branch="false"/>
								<line number="140" hits="0" branch="false"/>
								<line number="144" hits="0" branch="false"/>
								<line number="145" hits="0" branch="false"/>
								<line number="146" hits="0" branch="true" condition-coverage="0% (0/4)">
									<conditions>
										<condition number="0" type="jump" coverage="0%"/>
										<condition number="1" type="jump" coverage="0%"/>
									</conditions>
								</line>
								<line number="147" hits="0" branch="false"/>
								<line number="151" hits="0" branch="false"/>
								<line number="155" hits="0" branch="false"/>
								<line number="156" hits="0" branch="true" condition-coverage="0% (0/2)">
									<conditions>
										<condition number="0" type="jump" coverage="0%"/>
									</conditions>
								</line>
								<line number="157" hits="0" branch="false"/>
								<line number="159" hits="0" branch="false"/>
								<line number="160" hits="0" branch="false"/>
								<line number="162" hits="0" branch="true" condition-coverage="0% (0/2)">
									<conditions>
										<condition number="0" type="jump" coverage="0%"/>
									</conditions>
								</line>
								<line number="163" hits="0" branch="false"/>
								<line number="165" hits="0" branch="false"/>
								<line number="167" hits="0" branch="true" condition-coverage="0% (0/2)">
									<conditions>
										<condition number="0" type="jump" coverage="0%"/>
									</conditions>
								</line>
								<line number="168" hits="0" branch="false"/>
								<line number="170" hits="0" branch="false"/>
								<line number="172" hits="0" branch="false"/>
								<line number="174" hits="0" branch="false"/>
								<line number="176" hits="0" branch="false"/>
								<line number="177" hits="0" branch="false"/>
								<line number="179" hits="0" branch="false"/>
							</lines>
						</method>
					</methods>
					<lines>
						<line number="63" hits="0" branch="false"/>
						<line number="64" hits="0" branch="false"/>
						<line number="67" hits="0" branch="false"/>
						<line number="68" hits="0" branch="false"/>
						<line number="86" hits="0" branch="false"/>
						<line number="90" hits="0" branch="false"/>
						<line number="93" hits="0" branch="false"/>
						<line number="96" hits="0" branch="false"/>
						<line number="99" hits="0" branch="false"/>
						<line number="100" hits="0" branch="false"/>
						<line number="104" hits="0" branch="false"/>
						<line number="107" hits="0" branch="false"/>
						<line number="108" hits="0" branch="false"/>
						<line number="109" hits="0" branch="false"/>
						<line number="115" hits="0" branch="false"/>
						<line number="116" hits="0" branch="false"/>
						<line number="126" hits="0" branch="false"/>
						<line number="128" hits="0" branch="false"/>
						<line number="137" hits="0" branch="false"/>
						<line number="140" hits="0" branch="false"/>
						<line number="144" hits="0" branch="false"/>
						<line number="145" hits="0" branch="false"/>
						<line number="146" hits="0" branch="true" condition-coverage="0% (0/4)">
							<conditions>
								<condition number="0" type="jump" coverage="0%"/>
								<condition number="1" type="jump" coverage="0%"/>
							</conditions>
						</line>
						<line number="147" hits="0" branch="false"/>
						<line number="151" hits="0" branch="false"/>
						<line number="155" hits="0" branch="false"/>
						<line number="156" hits="0" branch="true" condition-coverage="0% (0/2)">
							<conditions>
								<condition number="0" type="jump" coverage="0%"/>
							</conditions>
						</line>
						<line number="157" hits="0" branch="false"/>
						<line number="159" hits="0" branch="false"/>
						<line number="160" hits="0" branch="false"/>
						<line number="162" hits="0" branch="true" condition-coverage="0% (0/2)">
							<conditions>
								<condition number="0" type="jump" coverage="0%"/>
							</conditions>
						</line>
						<line number="163" hits="0" branch="false"/>
						<line number="165" hits="0" branch="false"/>
						<line number="167" hits="0" branch="true" condition-coverage="0% (0/2)">
							<conditions>
								<condition number="0" type="jump" coverage="0%"/>
							</conditions>
						</line>
						<line number="168" hits="0" branch="false"/>
						<line number="170" hits="0" branch="false"/>
						<line number="172" hits="0" branch="false"/>
						<line number="174" hits="0" branch="false"/>
						<line number="176" hits="0" branch="false"/>
						<line number="177" hits="0" branch="false"/>
						<line number="179" hits="0" branch="false"/>
					</lines>
				</class>
				<class name="org.opensocial.explorer.server.openid.OpenIDServlet" filename="org/opensocial/explorer/server/openid/OpenIDServlet.java" line-rate="0.0" branch-rate="0.0" complexity="3.0">
					<methods>
						<method name="&lt;clinit&gt;" signature="()V" line-rate="0.0" branch-rate="1.0">
							<lines>
								<line number="54" hits="0" branch="false"/>
								<line number="55" hits="0" branch="false"/>
							</lines>
						</method>
						<method name="&lt;init&gt;" signature="()V" line-rate="0.0" branch-rate="1.0">
							<lines>
								<line number="51" hits="0" branch="false"/>
							</lines>
						</method>
						<method name="doGet" signature="(Ljavax/servlet/http/HttpServletRequest;Ljavax/servlet/http/HttpServletResponse;)V" line-rate="0.0" branch-rate="0.0">
							<lines>
								<line number="68" hits="0" branch="false"/>
								<line number="69" hits="0" branch="true" condition-coverage="0% (0/2)">
									<conditions>
										<condition number="0" type="jump" coverage="0%"/>
									</conditions>
								</line>
								<line number="70" hits="0" branch="false"/>
								<line number="74" hits="0" branch="true" condition-coverage="0% (0/2)">
									<conditions>
										<condition number="0" type="jump" coverage="0%"/>
									</conditions>
								</line>
								<line number="76" hits="0" branch="false"/>
								<line number="77" hits="0" branch="false"/>
								<line number="78" hits="0" branch="false"/>
								<line number="81" hits="0" branch="true" condition-coverage="0% (0/2)">
									<conditions>
										<condition number="0" type="jump" coverage="0%"/>
									</conditions>
								</line>
								<line number="83" hits="0" branch="false"/>
								<line number="84" hits="0" branch="false"/>
								<line number="85" hits="0" branch="false"/>
								<line number="87" hits="0" branch="false"/>
							</lines>
						</method>
						<method name="returnIdentifier" signature="(Lorg/openid4java/discovery/Identifier;Ljavax/servlet/http/HttpServletResponse;)V" line-rate="0.0" branch-rate="0.0">
							<lines>
								<line number="90" hits="0" branch="false"/>
								<line number="91" hits="0" branch="false"/>
								<line number="94" hits="0" branch="false"/>
								<line number="95" hits="0" branch="false"/>
								<line number="96" hits="0" branch="false"/>
								<line number="97" hits="0" branch="false"/>
								<line number="98" hits="0" branch="false"/>
								<line number="100" hits="0" branch="false"/>
								<line number="101" hits="0" branch="false"/>
								<line number="102" hits="0" branch="false"/>
								<line number="103" hits="0" branch="false"/>
								<line number="104" hits="0" branch="false"/>
								<line number="106" hits="0" branch="true" condition-coverage="0% (0/2)">
									<conditions>
										<condition number="0" type="jump" coverage="0%"/>
									</conditions>
								</line>
								<line number="107" hits="0" branch="false"/>
								<line number="110" hits="0" branch="false"/>
							</lines>
						</method>
						<method name="setOpenIDConsumer" signature="(Lorg/opensocial/explorer/server/openid/OpenIDConsumer;)V" line-rate="0.0" branch-rate="1.0">
							<lines>
								<line number="60" hits="0" branch="false"/>
								<line number="61" hits="0" branch="false"/>
								<line number="62" hits="0" branch="false"/>
							</lines>
						</method>
					</methods>
					<lines>
						<line number="51" hits="0" branch="false"/>
						<line number="54" hits="0" branch="false"/>
						<line number="55" hits="0" branch="false"/>
						<line number="60" hits="0" branch="false"/>
						<line number="61" hits="0" branch="false"/>
						<line number="62" hits="0" branch="false"/>
						<line number="68" hits="0" branch="false"/>
						<line number="69" hits="0" branch="true" condition-coverage="0% (0/2)">
							<conditions>
								<condition number="0" type="jump" coverage="0%"/>
							</conditions>
						</line>
						<line number="70" hits="0" branch="false"/>
						<line number="74" hits="0" branch="true" condition-coverage="0% (0/2)">
							<conditions>
								<condition number="0" type="jump" coverage="0%"/>
							</conditions>
						</line>
						<line number="76" hits="0" branch="false"/>
						<line number="77" hits="0" branch="false"/>
						<line number="78" hits="0" branch="false"/>
						<line number="81" hits="0" branch="true" condition-coverage="0% (0/2)">
							<conditions>
								<condition number="0" type="jump" coverage="0%"/>
							</conditions>
						</line>
						<line number="83" hits="0" branch="false"/>
						<line number="84" hits="0" branch="false"/>
						<line number="85" hits="0" branch="false"/>
						<line number="87" hits="0" branch="false"/>
						<line number="90" hits="0" branch="false"/>
						<line number="91" hits="0" branch="false"/>
						<line number="94" hits="0" branch="false"/>
						<line number="95" hits="0" branch="false"/>
						<line number="96" hits="0" branch="false"/>
						<line number="97" hits="0" branch="false"/>
						<line number="98" hits="0" branch="false"/>
						<line number="100" hits="0" branch="false"/>
						<line number="101" hits="0" branch="false"/>
						<line number="102" hits="0" branch="false"/>
						<line number="103" hits="0" branch="false"/>
						<line number="104" hits="0" branch="false"/>
						<line number="106" hits="0" branch="true" condition-coverage="0% (0/2)">
							<conditions>
								<condition number="0" type="jump" coverage="0%"/>
							</conditions>
						</line>
						<line number="107" hits="0" branch="false"/>
						<line number="110" hits="0" branch="false"/>
					</lines>
				</class>
			</classes>
		</package>
	</packages>
</coverage>
