<?xml version="1.0"?>
<!DOCTYPE coverage SYSTEM "http://cobertura.sourceforge.net/xml/coverage-04.dtd">

<coverage line-rate="0.6580547112462006" branch-rate="0.6144578313253012" lines-covered="433" lines-valid="658" branches-covered="102" branches-valid="166" complexity="2.4123711340206184" version="1.9.4.1" timestamp="1383596318739">
	<sources>
		<source>--source</source>
		<source>/Users/ryanjbaxter/git-repos/opensocial/explorer/java/server/src/main/java</source>
	</sources>
	<packages>
		<package name="org.opensocial.explorer.server.config" line-rate="0.9090909090909091" branch-rate="0.75" complexity="2.0">
			<classes>
				<class name="org.opensocial.explorer.server.config.OSEContainerConfig" filename="org/opensocial/explorer/server/config/OSEContainerConfig.java" line-rate="0.9090909090909091" branch-rate="0.75" complexity="2.0">
					<methods>
						<method name="&lt;init&gt;" signature="(Ljava/lang/String;Ljava/lang/String;Ljava/lang/String;Ljava/lang/String;Lorg/apache/shindig/expressions/Expressions;)V" line-rate="1.0" branch-rate="1.0">
							<lines>
								<line number="48" hits="1" branch="false"/>
								<line number="49" hits="1" branch="false"/>
								<line number="50" hits="1" branch="false"/>
							</lines>
						</method>
						<method name="getEncryptionKey" signature="(Ljava/lang/String;)Ljava/lang/String;" line-rate="1.0" branch-rate="1.0">
							<lines>
								<line number="64" hits="3" branch="false"/>
								<line number="65" hits="3" branch="true" condition-coverage="100% (2/2)">
									<conditions>
										<condition number="0" type="jump" coverage="100%"/>
									</conditions>
								</line>
								<line number="66" hits="2" branch="false"/>
								<line number="67" hits="2" branch="false"/>
								<line number="69" hits="3" branch="false"/>
							</lines>
						</method>
						<method name="getProperty" signature="(Ljava/lang/String;Ljava/lang/String;)Ljava/lang/Object;" line-rate="0.6666666666666666" branch-rate="0.5">
							<lines>
								<line number="57" hits="3" branch="true" condition-coverage="50% (1/2)">
									<conditions>
										<condition number="0" type="jump" coverage="50%"/>
									</conditions>
								</line>
								<line number="58" hits="3" branch="false"/>
								<line number="60" hits="0" branch="false"/>
							</lines>
						</method>
					</methods>
					<lines>
						<line number="48" hits="1" branch="false"/>
						<line number="49" hits="1" branch="false"/>
						<line number="50" hits="1" branch="false"/>
						<line number="57" hits="3" branch="true" condition-coverage="50% (1/2)">
							<conditions>
								<condition number="0" type="jump" coverage="50%"/>
							</conditions>
						</line>
						<line number="58" hits="3" branch="false"/>
						<line number="60" hits="0" branch="false"/>
						<line number="64" hits="3" branch="false"/>
						<line number="65" hits="3" branch="true" condition-coverage="100% (2/2)">
							<conditions>
								<condition number="0" type="jump" coverage="100%"/>
							</conditions>
						</line>
						<line number="66" hits="2" branch="false"/>
						<line number="67" hits="2" branch="false"/>
						<line number="69" hits="3" branch="false"/>
					</lines>
				</class>
			</classes>
		</package>
		<package name="org.opensocial.explorer.server.login" line-rate="0.9708029197080292" branch-rate="0.8333333333333334" complexity="3.5833333333333335">
			<classes>
				<class name="org.opensocial.explorer.server.login.FacebookLoginServlet" filename="org/opensocial/explorer/server/login/FacebookLoginServlet.java" line-rate="0.9516129032258065" branch-rate="0.8125" complexity="4.4">
					<methods>
						<method name="&lt;init&gt;" signature="()V" line-rate="1.0" branch-rate="1.0">
							<lines>
								<line number="68" hits="10" branch="false"/>
							</lines>
						</method>
						<method name="doGet" signature="(Ljavax/servlet/http/HttpServletRequest;Ljavax/servlet/http/HttpServletResponse;)V" line-rate="0.9512195121951219" branch-rate="0.8333333333333334">
							<lines>
								<line number="87" hits="10" branch="false"/>
								<line number="89" hits="10" branch="true" condition-coverage="100% (2/2)">
									<conditions>
										<condition number="0" type="jump" coverage="100%"/>
									</conditions>
								</line>
								<line number="90" hits="1" branch="false"/>
								<line number="92" hits="1" branch="false"/>
								<line number="96" hits="9" branch="true" condition-coverage="100% (2/2)">
									<conditions>
										<condition number="0" type="jump" coverage="100%"/>
									</conditions>
								</line>
								<line number="97" hits="1" branch="false"/>
								<line number="102" hits="1" branch="false"/>
								<line number="106" hits="9" branch="true" condition-coverage="100% (2/2)">
									<conditions>
										<condition number="0" type="jump" coverage="100%"/>
									</conditions>
								</line>
								<line number="108" hits="8" branch="true" condition-coverage="100% (2/2)">
									<conditions>
										<condition number="0" type="jump" coverage="100%"/>
									</conditions>
								</line>
								<line number="109" hits="1" branch="false"/>
								<line number="112" hits="7" branch="false"/>
								<line number="113" hits="6" branch="false"/>
								<line number="114" hits="6" branch="false"/>
								<line number="116" hits="6" branch="false"/>
								<line number="117" hits="6" branch="false"/>
								<line number="118" hits="3" branch="false"/>
								<line number="119" hits="3" branch="false"/>
								<line number="121" hits="2" branch="true" condition-coverage="50% (1/2)">
									<conditions>
										<condition number="0" type="jump" coverage="50%"/>
									</conditions>
								</line>
								<line number="122" hits="2" branch="false"/>
								<line number="123" hits="2" branch="true" condition-coverage="50% (1/2)">
									<conditions>
										<condition number="0" type="jump" coverage="50%"/>
									</conditions>
								</line>
								<line number="124" hits="2" branch="false"/>
								<line number="125" hits="2" branch="false"/>
								<line number="126" hits="2" branch="false"/>
								<line number="127" hits="1" branch="false"/>
								<line number="128" hits="0" branch="false"/>
								<line number="130" hits="1" branch="false"/>
								<line number="131" hits="0" branch="false"/>
								<line number="135" hits="1" branch="false"/>
								<line number="136" hits="1" branch="false"/>
								<line number="137" hits="1" branch="false"/>
								<line number="138" hits="1" branch="false"/>
								<line number="139" hits="1" branch="false"/>
								<line number="140" hits="1" branch="false"/>
								<line number="141" hits="1" branch="false"/>
								<line number="142" hits="1" branch="false"/>
								<line number="143" hits="1" branch="false"/>
								<line number="144" hits="1" branch="false"/>
								<line number="145" hits="1" branch="false"/>
								<line number="146" hits="1" branch="false"/>
								<line number="147" hits="8" branch="false"/>
								<line number="148" hits="9" branch="false"/>
							</lines>
						</method>
						<method name="injectDependencies" signature="(Ljava/lang/String;Ljava/lang/String;Ljava/lang/String;Lorg/apache/shindig/common/servlet/Authority;)V" line-rate="1.0" branch-rate="1.0">
							<lines>
								<line number="78" hits="10" branch="false"/>
								<line number="79" hits="10" branch="false"/>
								<line number="80" hits="10" branch="false"/>
								<line number="82" hits="10" branch="false"/>
							</lines>
						</method>
						<method name="inspectToken" signature="(Ljava/lang/String;Ljava/lang/String;)Lorg/apache/wink/json4j/JSONObject;" line-rate="1.0" branch-rate="1.0">
							<lines>
								<line number="192" hits="3" branch="false"/>
								<line number="200" hits="3" branch="false"/>
								<line number="201" hits="3" branch="false"/>
								<line number="202" hits="2" branch="false"/>
							</lines>
						</method>
						<method name="requestAppToken" signature="()Ljava/lang/String;" line-rate="0.8333333333333334" branch-rate="0.5">
							<lines>
								<line number="172" hits="3" branch="false"/>
								<line number="181" hits="3" branch="false"/>
								<line number="183" hits="3" branch="false"/>
								<line number="184" hits="3" branch="true" condition-coverage="50% (1/2)">
									<conditions>
										<condition number="0" type="jump" coverage="50%"/>
									</conditions>
								</line>
								<line number="185" hits="0" branch="false"/>
								<line number="187" hits="3" branch="false"/>
							</lines>
						</method>
						<method name="requestToken" signature="(Ljava/lang/String;)Ljava/lang/String;" line-rate="1.0" branch-rate="1.0">
							<lines>
								<line number="151" hits="6" branch="false"/>
								<line number="161" hits="6" branch="false"/>
								<line number="162" hits="5" branch="false"/>
								<line number="164" hits="4" branch="true" condition-coverage="100% (2/2)">
									<conditions>
										<condition number="0" type="jump" coverage="100%"/>
									</conditions>
								</line>
								<line number="165" hits="1" branch="false"/>
								<line number="167" hits="3" branch="false"/>
							</lines>
						</method>
					</methods>
					<lines>
						<line number="68" hits="10" branch="false"/>
						<line number="78" hits="10" branch="false"/>
						<line number="79" hits="10" branch="false"/>
						<line number="80" hits="10" branch="false"/>
						<line number="82" hits="10" branch="false"/>
						<line number="87" hits="10" branch="false"/>
						<line number="89" hits="10" branch="true" condition-coverage="100% (2/2)">
							<conditions>
								<condition number="0" type="jump" coverage="100%"/>
							</conditions>
						</line>
						<line number="90" hits="1" branch="false"/>
						<line number="92" hits="1" branch="false"/>
						<line number="96" hits="9" branch="true" condition-coverage="100% (2/2)">
							<conditions>
								<condition number="0" type="jump" coverage="100%"/>
							</conditions>
						</line>
						<line number="97" hits="1" branch="false"/>
						<line number="102" hits="1" branch="false"/>
						<line number="106" hits="9" branch="true" condition-coverage="100% (2/2)">
							<conditions>
								<condition number="0" type="jump" coverage="100%"/>
							</conditions>
						</line>
						<line number="108" hits="8" branch="true" condition-coverage="100% (2/2)">
							<conditions>
								<condition number="0" type="jump" coverage="100%"/>
							</conditions>
						</line>
						<line number="109" hits="1" branch="false"/>
						<line number="112" hits="7" branch="false"/>
						<line number="113" hits="6" branch="false"/>
						<line number="114" hits="6" branch="false"/>
						<line number="116" hits="6" branch="false"/>
						<line number="117" hits="6" branch="false"/>
						<line number="118" hits="3" branch="false"/>
						<line number="119" hits="3" branch="false"/>
						<line number="121" hits="2" branch="true" condition-coverage="50% (1/2)">
							<conditions>
								<condition number="0" type="jump" coverage="50%"/>
							</conditions>
						</line>
						<line number="122" hits="2" branch="false"/>
						<line number="123" hits="2" branch="true" condition-coverage="50% (1/2)">
							<conditions>
								<condition number="0" type="jump" coverage="50%"/>
							</conditions>
						</line>
						<line number="124" hits="2" branch="false"/>
						<line number="125" hits="2" branch="false"/>
						<line number="126" hits="2" branch="false"/>
						<line number="127" hits="1" branch="false"/>
						<line number="128" hits="0" branch="false"/>
						<line number="130" hits="1" branch="false"/>
						<line number="131" hits="0" branch="false"/>
						<line number="135" hits="1" branch="false"/>
						<line number="136" hits="1" branch="false"/>
						<line number="137" hits="1" branch="false"/>
						<line number="138" hits="1" branch="false"/>
						<line number="139" hits="1" branch="false"/>
						<line number="140" hits="1" branch="false"/>
						<line number="141" hits="1" branch="false"/>
						<line number="142" hits="1" branch="false"/>
						<line number="143" hits="1" branch="false"/>
						<line number="144" hits="1" branch="false"/>
						<line number="145" hits="1" branch="false"/>
						<line number="146" hits="1" branch="false"/>
						<line number="147" hits="8" branch="false"/>
						<line number="148" hits="9" branch="false"/>
						<line number="151" hits="6" branch="false"/>
						<line number="161" hits="6" branch="false"/>
						<line number="162" hits="5" branch="false"/>
						<line number="164" hits="4" branch="true" condition-coverage="100% (2/2)">
							<conditions>
								<condition number="0" type="jump" coverage="100%"/>
							</conditions>
						</line>
						<line number="165" hits="1" branch="false"/>
						<line number="167" hits="3" branch="false"/>
						<line number="172" hits="3" branch="false"/>
						<line number="181" hits="3" branch="false"/>
						<line number="183" hits="3" branch="false"/>
						<line number="184" hits="3" branch="true" condition-coverage="50% (1/2)">
							<conditions>
								<condition number="0" type="jump" coverage="50%"/>
							</conditions>
						</line>
						<line number="185" hits="0" branch="false"/>
						<line number="187" hits="3" branch="false"/>
						<line number="192" hits="3" branch="false"/>
						<line number="200" hits="3" branch="false"/>
						<line number="201" hits="3" branch="false"/>
						<line number="202" hits="2" branch="false"/>
					</lines>
				</class>
				<class name="org.opensocial.explorer.server.login.GoogleLoginServlet" filename="org/opensocial/explorer/server/login/GoogleLoginServlet.java" line-rate="0.9814814814814815" branch-rate="0.8571428571428571" complexity="5.666666666666667">
					<methods>
						<method name="&lt;init&gt;" signature="()V" line-rate="1.0" branch-rate="1.0">
							<lines>
								<line number="72" hits="9" branch="false"/>
							</lines>
						</method>
						<method name="constructGooglePostRequest" signature="(Ljavax/servlet/http/HttpServletRequest;)Lorg/apache/shindig/gadgets/http/HttpRequest;" line-rate="1.0" branch-rate="1.0">
							<lines>
								<line number="156" hits="5" branch="false"/>
								<line number="158" hits="5" branch="false"/>
								<line number="164" hits="5" branch="false"/>
								<line number="165" hits="5" branch="false"/>
								<line number="166" hits="5" branch="false"/>
								<line number="167" hits="5" branch="false"/>
								<line number="168" hits="5" branch="false"/>
								<line number="169" hits="5" branch="false"/>
								<line number="171" hits="5" branch="false"/>
								<line number="172" hits="5" branch="false"/>
								<line number="173" hits="5" branch="false"/>
								<line number="175" hits="5" branch="false"/>
							</lines>
						</method>
						<method name="doGet" signature="(Ljavax/servlet/http/HttpServletRequest;Ljavax/servlet/http/HttpServletResponse;)V" line-rate="0.972972972972973" branch-rate="0.8571428571428571">
							<lines>
								<line number="91" hits="9" branch="false"/>
								<line number="93" hits="9" branch="true" condition-coverage="100% (2/2)">
									<conditions>
										<condition number="0" type="jump" coverage="100%"/>
									</conditions>
								</line>
								<line number="94" hits="1" branch="false"/>
								<line number="96" hits="1" branch="false"/>
								<line number="100" hits="8" branch="true" condition-coverage="100% (2/2)">
									<conditions>
										<condition number="0" type="jump" coverage="100%"/>
									</conditions>
								</line>
								<line number="101" hits="1" branch="false"/>
								<line number="108" hits="1" branch="false"/>
								<line number="112" hits="8" branch="true" condition-coverage="100% (2/2)">
									<conditions>
										<condition number="0" type="jump" coverage="100%"/>
									</conditions>
								</line>
								<line number="114" hits="7" branch="true" condition-coverage="100% (2/2)">
									<conditions>
										<condition number="0" type="jump" coverage="100%"/>
									</conditions>
								</line>
								<line number="115" hits="1" branch="false"/>
								<line number="118" hits="6" branch="false"/>
								<line number="119" hits="5" branch="false"/>
								<line number="120" hits="5" branch="false"/>
								<line number="122" hits="5" branch="false"/>
								<line number="123" hits="5" branch="false"/>
								<line number="124" hits="4" branch="false"/>
								<line number="125" hits="3" branch="true" condition-coverage="100% (2/2)">
									<conditions>
										<condition number="0" type="jump" coverage="100%"/>
									</conditions>
								</line>
								<line number="126" hits="1" branch="false"/>
								<line number="129" hits="2" branch="false"/>
								<line number="130" hits="2" branch="false"/>
								<line number="131" hits="2" branch="false"/>
								<line number="132" hits="2" branch="false"/>
								<line number="134" hits="2" branch="true" condition-coverage="50% (2/4)">
									<conditions>
										<condition number="0" type="jump" coverage="50%"/>
										<condition number="1" type="jump" coverage="50%"/>
									</conditions>
								</line>
								<line number="136" hits="2" branch="false"/>
								<line number="138" hits="0" branch="false"/>
								<line number="142" hits="1" branch="false"/>
								<line number="143" hits="1" branch="false"/>
								<line number="144" hits="1" branch="false"/>
								<line number="145" hits="1" branch="false"/>
								<line number="146" hits="1" branch="false"/>
								<line number="147" hits="1" branch="false"/>
								<line number="148" hits="1" branch="false"/>
								<line number="149" hits="1" branch="false"/>
								<line number="150" hits="1" branch="false"/>
								<line number="151" hits="1" branch="false"/>
								<line number="152" hits="7" branch="false"/>
								<line number="153" hits="8" branch="false"/>
							</lines>
						</method>
						<method name="injectDependencies" signature="(Ljava/lang/String;Ljava/lang/String;Ljava/lang/String;Lorg/apache/shindig/common/servlet/Authority;)V" line-rate="1.0" branch-rate="1.0">
							<lines>
								<line number="82" hits="9" branch="false"/>
								<line number="83" hits="9" branch="false"/>
								<line number="84" hits="9" branch="false"/>
								<line number="86" hits="9" branch="false"/>
							</lines>
						</method>
					</methods>
					<lines>
						<line number="72" hits="9" branch="false"/>
						<line number="82" hits="9" branch="false"/>
						<line number="83" hits="9" branch="false"/>
						<line number="84" hits="9" branch="false"/>
						<line number="86" hits="9" branch="false"/>
						<line number="91" hits="9" branch="false"/>
						<line number="93" hits="9" branch="true" condition-coverage="100% (2/2)">
							<conditions>
								<condition number="0" type="jump" coverage="100%"/>
							</conditions>
						</line>
						<line number="94" hits="1" branch="false"/>
						<line number="96" hits="1" branch="false"/>
						<line number="100" hits="8" branch="true" condition-coverage="100% (2/2)">
							<conditions>
								<condition number="0" type="jump" coverage="100%"/>
							</conditions>
						</line>
						<line number="101" hits="1" branch="false"/>
						<line number="108" hits="1" branch="false"/>
						<line number="112" hits="8" branch="true" condition-coverage="100% (2/2)">
							<conditions>
								<condition number="0" type="jump" coverage="100%"/>
							</conditions>
						</line>
						<line number="114" hits="7" branch="true" condition-coverage="100% (2/2)">
							<conditions>
								<condition number="0" type="jump" coverage="100%"/>
							</conditions>
						</line>
						<line number="115" hits="1" branch="false"/>
						<line number="118" hits="6" branch="false"/>
						<line number="119" hits="5" branch="false"/>
						<line number="120" hits="5" branch="false"/>
						<line number="122" hits="5" branch="false"/>
						<line number="123" hits="5" branch="false"/>
						<line number="124" hits="4" branch="false"/>
						<line number="125" hits="3" branch="true" condition-coverage="100% (2/2)">
							<conditions>
								<condition number="0" type="jump" coverage="100%"/>
							</conditions>
						</line>
						<line number="126" hits="1" branch="false"/>
						<line number="129" hits="2" branch="false"/>
						<line number="130" hits="2" branch="false"/>
						<line number="131" hits="2" branch="false"/>
						<line number="132" hits="2" branch="false"/>
						<line number="134" hits="2" branch="true" condition-coverage="50% (2/4)">
							<conditions>
								<condition number="0" type="jump" coverage="50%"/>
								<condition number="1" type="jump" coverage="50%"/>
							</conditions>
						</line>
						<line number="136" hits="2" branch="false"/>
						<line number="138" hits="0" branch="false"/>
						<line number="142" hits="1" branch="false"/>
						<line number="143" hits="1" branch="false"/>
						<line number="144" hits="1" branch="false"/>
						<line number="145" hits="1" branch="false"/>
						<line number="146" hits="1" branch="false"/>
						<line number="147" hits="1" branch="false"/>
						<line number="148" hits="1" branch="false"/>
						<line number="149" hits="1" branch="false"/>
						<line number="150" hits="1" branch="false"/>
						<line number="151" hits="1" branch="false"/>
						<line number="152" hits="7" branch="false"/>
						<line number="153" hits="8" branch="false"/>
						<line number="156" hits="5" branch="false"/>
						<line number="158" hits="5" branch="false"/>
						<line number="164" hits="5" branch="false"/>
						<line number="165" hits="5" branch="false"/>
						<line number="166" hits="5" branch="false"/>
						<line number="167" hits="5" branch="false"/>
						<line number="168" hits="5" branch="false"/>
						<line number="169" hits="5" branch="false"/>
						<line number="171" hits="5" branch="false"/>
						<line number="172" hits="5" branch="false"/>
						<line number="173" hits="5" branch="false"/>
						<line number="175" hits="5" branch="false"/>
					</lines>
				</class>
				<class name="org.opensocial.explorer.server.login.LoginServlet" filename="org/opensocial/explorer/server/login/LoginServlet.java" line-rate="1.0" branch-rate="1.0" complexity="1.0">
					<methods>
						<method name="&lt;clinit&gt;" signature="()V" line-rate="1.0" branch-rate="1.0">
							<lines>
								<line number="43" hits="2" branch="false"/>
								<line number="44" hits="2" branch="false"/>
							</lines>
						</method>
						<method name="&lt;init&gt;" signature="()V" line-rate="1.0" branch-rate="1.0">
							<lines>
								<line number="54" hits="19" branch="false"/>
								<line number="55" hits="19" branch="false"/>
							</lines>
						</method>
						<method name="closePopup" signature="(Ljavax/servlet/http/HttpServletResponse;)V" line-rate="1.0" branch-rate="1.0">
							<lines>
								<line number="68" hits="2" branch="false"/>
								<line number="69" hits="2" branch="false"/>
								<line number="70" hits="2" branch="false"/>
								<line number="77" hits="2" branch="false"/>
							</lines>
						</method>
						<method name="injectDependencies" signature="(Lorg/apache/shindig/gadgets/http/HttpFetcher;Lorg/apache/shindig/auth/SecurityTokenCodec;Ljava/lang/String;)V" line-rate="1.0" branch-rate="1.0">
							<lines>
								<line number="61" hits="19" branch="false"/>
								<line number="62" hits="19" branch="false"/>
								<line number="63" hits="19" branch="false"/>
								<line number="64" hits="19" branch="false"/>
								<line number="65" hits="19" branch="false"/>
							</lines>
						</method>
						<method name="returnSecurityToken" signature="(Ljava/lang/String;Ljavax/servlet/http/HttpServletResponse;)V" line-rate="1.0" branch-rate="1.0">
							<lines>
								<line number="80" hits="4" branch="false"/>
								<line number="81" hits="4" branch="false"/>
								<line number="82" hits="4" branch="false"/>
								<line number="83" hits="2" branch="false"/>
								<line number="84" hits="2" branch="false"/>
								<line number="85" hits="2" branch="false"/>
								<line number="86" hits="2" branch="false"/>
								<line number="98" hits="2" branch="false"/>
							</lines>
						</method>
					</methods>
					<lines>
						<line number="43" hits="2" branch="false"/>
						<line number="44" hits="2" branch="false"/>
						<line number="54" hits="19" branch="false"/>
						<line number="55" hits="19" branch="false"/>
						<line number="61" hits="19" branch="false"/>
						<line number="62" hits="19" branch="false"/>
						<line number="63" hits="19" branch="false"/>
						<line number="64" hits="19" branch="false"/>
						<line number="65" hits="19" branch="false"/>
						<line number="68" hits="2" branch="false"/>
						<line number="69" hits="2" branch="false"/>
						<line number="70" hits="2" branch="false"/>
						<line number="77" hits="2" branch="false"/>
						<line number="80" hits="4" branch="false"/>
						<line number="81" hits="4" branch="false"/>
						<line number="82" hits="4" branch="false"/>
						<line number="83" hits="2" branch="false"/>
						<line number="84" hits="2" branch="false"/>
						<line number="85" hits="2" branch="false"/>
						<line number="86" hits="2" branch="false"/>
						<line number="98" hits="2" branch="false"/>
					</lines>
				</class>
			</classes>
		</package>
		<package name="org.opensocial.explorer.server.oauth" line-rate="0.7395833333333334" branch-rate="0.8181818181818182" complexity="1.8823529411764706">
			<classes>
				<class name="org.opensocial.explorer.server.oauth.OSEOAuthStore" filename="org/opensocial/explorer/server/oauth/OSEOAuthStore.java" line-rate="0.9508196721311475" branch-rate="0.8888888888888888" complexity="2.0">
					<methods>
						<method name="&lt;clinit&gt;" signature="()V" line-rate="1.0" branch-rate="1.0">
							<lines>
								<line number="54" hits="1" branch="false"/>
							</lines>
						</method>
						<method name="&lt;init&gt;" signature="()V" line-rate="1.0" branch-rate="1.0">
							<lines>
								<line number="60" hits="7" branch="false"/>
								<line number="115" hits="7" branch="false"/>
								<line number="116" hits="7" branch="false"/>
								<line number="117" hits="7" branch="false"/>
								<line number="118" hits="7" branch="false"/>
							</lines>
						</method>
						<method name="getConsumerKeyAndSecret" signature="(Lorg/apache/shindig/auth/SecurityToken;Ljava/lang/String;Lnet/oauth/OAuthServiceProvider;)Lorg/apache/shindig/gadgets/oauth/OAuthStore$ConsumerInfo;" line-rate="1.0" branch-rate="0.9">
							<lines>
								<line number="176" hits="8" branch="false"/>
								<line number="177" hits="8" branch="true" condition-coverage="100% (2/2)">
									<conditions>
										<condition number="0" type="jump" coverage="100%"/>
									</conditions>
								</line>
								<line number="178" hits="1" branch="false"/>
								<line number="183" hits="7" branch="false"/>
								<line number="184" hits="7" branch="true" condition-coverage="100% (2/2)">
									<conditions>
										<condition number="0" type="jump" coverage="100%"/>
									</conditions>
								</line>
								<line number="185" hits="2" branch="false"/>
								<line number="189" hits="2" branch="false"/>
								<line number="190" hits="2" branch="false"/>
								<line number="191" hits="5" branch="true" condition-coverage="100% (2/2)">
									<conditions>
										<condition number="0" type="jump" coverage="100%"/>
									</conditions>
								</line>
								<line number="192" hits="1" branch="false"/>
								<line number="193" hits="1" branch="false"/>
								<line number="195" hits="4" branch="false"/>
								<line number="196" hits="4" branch="false"/>
								<line number="198" hits="7" branch="true" condition-coverage="100% (2/2)">
									<conditions>
										<condition number="0" type="jump" coverage="100%"/>
									</conditions>
								</line>
								<line number="200" hits="7" branch="true" condition-coverage="50% (1/2)">
									<conditions>
										<condition number="0" type="jump" coverage="50%"/>
									</conditions>
								</line>
								<line number="201" hits="7" branch="false"/>
								<line number="204" hits="7" branch="false"/>
							</lines>
						</method>
						<method name="getTokenInfo" signature="(Lorg/apache/shindig/auth/SecurityToken;Lorg/apache/shindig/gadgets/oauth/OAuthStore$ConsumerInfo;Ljava/lang/String;Ljava/lang/String;)Lorg/apache/shindig/gadgets/oauth/OAuthStore$TokenInfo;" line-rate="1.0" branch-rate="1.0">
							<lines>
								<line number="210" hits="4" branch="false"/>
								<line number="211" hits="4" branch="false"/>
							</lines>
						</method>
						<method name="init" signature="(Ljava/lang/String;)V" line-rate="0.8846153846153846" branch-rate="0.875">
							<lines>
								<line number="137" hits="5" branch="false"/>
								<line number="139" hits="5" branch="false"/>
								<line number="140" hits="5" branch="false"/>
								<line number="141" hits="5" branch="true" condition-coverage="100% (2/2)">
									<conditions>
										<condition number="0" type="jump" coverage="100%"/>
									</conditions>
								</line>
								<line number="142" hits="25" branch="false"/>
								<line number="145" hits="25" branch="false"/>
								<line number="146" hits="25" branch="false"/>
								<line number="147" hits="25" branch="false"/>
								<line number="148" hits="25" branch="false"/>
								<line number="149" hits="25" branch="false"/>
								<line number="150" hits="25" branch="false"/>
								<line number="151" hits="25" branch="true" condition-coverage="50% (1/2)">
									<conditions>
										<condition number="0" type="jump" coverage="50%"/>
									</conditions>
								</line>
								<line number="152" hits="0" branch="false"/>
								<line number="154" hits="25" branch="false"/>
								<line number="156" hits="25" branch="true" condition-coverage="100% (2/2)">
									<conditions>
										<condition number="0" type="jump" coverage="100%"/>
									</conditions>
								</line>
								<line number="157" hits="5" branch="false"/>
								<line number="158" hits="5" branch="false"/>
								<line number="159" hits="20" branch="true" condition-coverage="100% (2/2)">
									<conditions>
										<condition number="0" type="jump" coverage="100%"/>
									</conditions>
								</line>
								<line number="160" hits="5" branch="false"/>
								<line number="163" hits="25" branch="false"/>
								<line number="167" hits="25" branch="false"/>
								<line number="168" hits="25" branch="false"/>
								<line number="169" hits="0" branch="false"/>
								<line number="170" hits="0" branch="false"/>
								<line number="171" hits="5" branch="false"/>
								<line number="172" hits="5" branch="false"/>
							</lines>
						</method>
						<method name="removeToken" signature="(Lorg/apache/shindig/auth/SecurityToken;Lorg/apache/shindig/gadgets/oauth/OAuthStore$ConsumerInfo;Ljava/lang/String;Ljava/lang/String;)V" line-rate="1.0" branch-rate="1.0">
							<lines>
								<line number="222" hits="1" branch="false"/>
								<line number="223" hits="1" branch="false"/>
								<line number="224" hits="1" branch="false"/>
							</lines>
						</method>
						<method name="setAuthority" signature="(Lorg/apache/shindig/common/servlet/Authority;)V" line-rate="1.0" branch-rate="1.0">
							<lines>
								<line number="239" hits="7" branch="false"/>
								<line number="240" hits="7" branch="false"/>
							</lines>
						</method>
						<method name="setDefaultCallbackUrl" signature="(Ljava/lang/String;)V" line-rate="1.0" branch-rate="1.0">
							<lines>
								<line number="231" hits="7" branch="false"/>
								<line number="232" hits="7" branch="false"/>
							</lines>
						</method>
						<method name="setTokenInfo" signature="(Lorg/apache/shindig/auth/SecurityToken;Lorg/apache/shindig/gadgets/oauth/OAuthStore$ConsumerInfo;Ljava/lang/String;Ljava/lang/String;Lorg/apache/shindig/gadgets/oauth/OAuthStore$TokenInfo;)V" line-rate="1.0" branch-rate="1.0">
							<lines>
								<line number="216" hits="2" branch="false"/>
								<line number="217" hits="2" branch="false"/>
								<line number="218" hits="2" branch="false"/>
							</lines>
						</method>
					</methods>
					<lines>
						<line number="54" hits="1" branch="false"/>
						<line number="60" hits="7" branch="false"/>
						<line number="115" hits="7" branch="false"/>
						<line number="116" hits="7" branch="false"/>
						<line number="117" hits="7" branch="false"/>
						<line number="118" hits="7" branch="false"/>
						<line number="137" hits="5" branch="false"/>
						<line number="139" hits="5" branch="false"/>
						<line number="140" hits="5" branch="false"/>
						<line number="141" hits="5" branch="true" condition-coverage="100% (2/2)">
							<conditions>
								<condition number="0" type="jump" coverage="100%"/>
							</conditions>
						</line>
						<line number="142" hits="25" branch="false"/>
						<line number="145" hits="25" branch="false"/>
						<line number="146" hits="25" branch="false"/>
						<line number="147" hits="25" branch="false"/>
						<line number="148" hits="25" branch="false"/>
						<line number="149" hits="25" branch="false"/>
						<line number="150" hits="25" branch="false"/>
						<line number="151" hits="25" branch="true" condition-coverage="50% (1/2)">
							<conditions>
								<condition number="0" type="jump" coverage="50%"/>
							</conditions>
						</line>
						<line number="152" hits="0" branch="false"/>
						<line number="154" hits="25" branch="false"/>
						<line number="156" hits="25" branch="true" condition-coverage="100% (2/2)">
							<conditions>
								<condition number="0" type="jump" coverage="100%"/>
							</conditions>
						</line>
						<line number="157" hits="5" branch="false"/>
						<line number="158" hits="5" branch="false"/>
						<line number="159" hits="20" branch="true" condition-coverage="100% (2/2)">
							<conditions>
								<condition number="0" type="jump" coverage="100%"/>
							</conditions>
						</line>
						<line number="160" hits="5" branch="false"/>
						<line number="163" hits="25" branch="false"/>
						<line number="167" hits="25" branch="false"/>
						<line number="168" hits="25" branch="false"/>
						<line number="169" hits="0" branch="false"/>
						<line number="170" hits="0" branch="false"/>
						<line number="171" hits="5" branch="false"/>
						<line number="172" hits="5" branch="false"/>
						<line number="176" hits="8" branch="false"/>
						<line number="177" hits="8" branch="true" condition-coverage="100% (2/2)">
							<conditions>
								<condition number="0" type="jump" coverage="100%"/>
							</conditions>
						</line>
						<line number="178" hits="1" branch="false"/>
						<line number="183" hits="7" branch="false"/>
						<line number="184" hits="7" branch="true" condition-coverage="100% (2/2)">
							<conditions>
								<condition number="0" type="jump" coverage="100%"/>
							</conditions>
						</line>
						<line number="185" hits="2" branch="false"/>
						<line number="189" hits="2" branch="false"/>
						<line number="190" hits="2" branch="false"/>
						<line number="191" hits="5" branch="true" condition-coverage="100% (2/2)">
							<conditions>
								<condition number="0" type="jump" coverage="100%"/>
							</conditions>
						</line>
						<line number="192" hits="1" branch="false"/>
						<line number="193" hits="1" branch="false"/>
						<line number="195" hits="4" branch="false"/>
						<line number="196" hits="4" branch="false"/>
						<line number="198" hits="7" branch="true" condition-coverage="100% (2/2)">
							<conditions>
								<condition number="0" type="jump" coverage="100%"/>
							</conditions>
						</line>
						<line number="200" hits="7" branch="true" condition-coverage="50% (1/2)">
							<conditions>
								<condition number="0" type="jump" coverage="50%"/>
							</conditions>
						</line>
						<line number="201" hits="7" branch="false"/>
						<line number="204" hits="7" branch="false"/>
						<line number="210" hits="4" branch="false"/>
						<line number="211" hits="4" branch="false"/>
						<line number="216" hits="2" branch="false"/>
						<line number="217" hits="2" branch="false"/>
						<line number="218" hits="2" branch="false"/>
						<line number="222" hits="1" branch="false"/>
						<line number="223" hits="1" branch="false"/>
						<line number="224" hits="1" branch="false"/>
						<line number="231" hits="7" branch="false"/>
						<line number="232" hits="7" branch="false"/>
						<line number="239" hits="7" branch="false"/>
						<line number="240" hits="7" branch="false"/>
					</lines>
				</class>
				<class name="org.opensocial.explorer.server.oauth.OSEOAuthStore$TokenInfoIndex" filename="org/opensocial/explorer/server/oauth/OSEOAuthStore.java" line-rate="0.7647058823529411" branch-rate="0.5" complexity="2.0">
					<methods>
						<method name="&lt;init&gt;" signature="(Ljava/lang/String;Ljava/lang/String;Ljava/lang/String;)V" line-rate="1.0" branch-rate="1.0">
							<lines>
								<line number="75" hits="7" branch="false"/>
								<line number="76" hits="7" branch="false"/>
								<line number="77" hits="7" branch="false"/>
								<line number="78" hits="7" branch="false"/>
								<line number="79" hits="7" branch="false"/>
							</lines>
						</method>
						<method name="equals" signature="(Ljava/lang/Object;)Z" line-rate="0.875" branch-rate="0.5">
							<lines>
								<line number="95" hits="3" branch="true" condition-coverage="50% (2/4)">
									<conditions>
										<condition number="0" type="jump" coverage="50%"/>
										<condition number="1" type="jump" coverage="50%"/>
									</conditions>
								</line>
								<line number="96" hits="3" branch="false"/>
								<line number="97" hits="3" branch="false"/>
								<line number="98" hits="3" branch="false"/>
								<line number="99" hits="3" branch="false"/>
								<line number="100" hits="3" branch="false"/>
								<line number="101" hits="3" branch="false"/>
								<line number="103" hits="0" branch="false"/>
							</lines>
						</method>
						<method name="getServiceName" signature="()Ljava/lang/String;" line-rate="0.0" branch-rate="1.0">
							<lines>
								<line number="82" hits="0" branch="false"/>
							</lines>
						</method>
						<method name="getTokenName" signature="()Ljava/lang/String;" line-rate="0.0" branch-rate="1.0">
							<lines>
								<line number="86" hits="0" branch="false"/>
							</lines>
						</method>
						<method name="getUserId" signature="()Ljava/lang/String;" line-rate="0.0" branch-rate="1.0">
							<lines>
								<line number="90" hits="0" branch="false"/>
							</lines>
						</method>
						<method name="hashCode" signature="()I" line-rate="1.0" branch-rate="1.0">
							<lines>
								<line number="108" hits="7" branch="false"/>
							</lines>
						</method>
					</methods>
					<lines>
						<line number="75" hits="7" branch="false"/>
						<line number="76" hits="7" branch="false"/>
						<line number="77" hits="7" branch="false"/>
						<line number="78" hits="7" branch="false"/>
						<line number="79" hits="7" branch="false"/>
						<line number="82" hits="0" branch="false"/>
						<line number="86" hits="0" branch="false"/>
						<line number="90" hits="0" branch="false"/>
						<line number="95" hits="3" branch="true" condition-coverage="50% (2/4)">
							<conditions>
								<condition number="0" type="jump" coverage="50%"/>
								<condition number="1" type="jump" coverage="50%"/>
							</conditions>
						</line>
						<line number="96" hits="3" branch="false"/>
						<line number="97" hits="3" branch="false"/>
						<line number="98" hits="3" branch="false"/>
						<line number="99" hits="3" branch="false"/>
						<line number="100" hits="3" branch="false"/>
						<line number="101" hits="3" branch="false"/>
						<line number="103" hits="0" branch="false"/>
						<line number="108" hits="7" branch="false"/>
					</lines>
				</class>
				<class name="org.opensocial.explorer.server.oauth.OSEOAuthStoreProvider" filename="org/opensocial/explorer/server/oauth/OSEOAuthStoreProvider.java" line-rate="0.0" branch-rate="1.0" complexity="1.3333333333333333">
					<methods>
						<method name="&lt;clinit&gt;" signature="()V" line-rate="0.0" branch-rate="1.0">
							<lines>
								<line number="37" hits="0" branch="false"/>
							</lines>
						</method>
						<method name="&lt;init&gt;" signature="(Ljava/lang/String;Lorg/apache/shindig/common/servlet/Authority;Ljava/lang/String;)V" line-rate="0.0" branch-rate="1.0">
							<lines>
								<line number="39" hits="0" branch="false"/>
								<line number="46" hits="0" branch="false"/>
								<line number="47" hits="0" branch="false"/>
								<line number="48" hits="0" branch="false"/>
								<line number="49" hits="0" branch="false"/>
								<line number="50" hits="0" branch="false"/>
								<line number="51" hits="0" branch="false"/>
								<line number="52" hits="0" branch="false"/>
							</lines>
						</method>
						<method name="get" signature="()Ljava/lang/Object;" line-rate="0.0" branch-rate="1.0">
							<lines>
								<line number="35" hits="0" branch="false"/>
							</lines>
						</method>
						<method name="get" signature="()Lorg/opensocial/explorer/server/oauth/OSEOAuthStore;" line-rate="0.0" branch-rate="1.0">
							<lines>
								<line number="65" hits="0" branch="false"/>
							</lines>
						</method>
						<method name="loadServices" signature="()V" line-rate="0.0" branch-rate="1.0">
							<lines>
								<line number="55" hits="0" branch="false"/>
								<line number="57" hits="0" branch="false"/>
								<line number="58" hits="0" branch="false"/>
								<line number="59" hits="0" branch="false"/>
								<line number="60" hits="0" branch="false"/>
								<line number="61" hits="0" branch="false"/>
								<line number="62" hits="0" branch="false"/>
							</lines>
						</method>
					</methods>
					<lines>
						<line number="35" hits="0" branch="false"/>
						<line number="37" hits="0" branch="false"/>
						<line number="39" hits="0" branch="false"/>
						<line number="46" hits="0" branch="false"/>
						<line number="47" hits="0" branch="false"/>
						<line number="48" hits="0" branch="false"/>
						<line number="49" hits="0" branch="false"/>
						<line number="50" hits="0" branch="false"/>
						<line number="51" hits="0" branch="false"/>
						<line number="52" hits="0" branch="false"/>
						<line number="55" hits="0" branch="false"/>
						<line number="57" hits="0" branch="false"/>
						<line number="58" hits="0" branch="false"/>
						<line number="59" hits="0" branch="false"/>
						<line number="60" hits="0" branch="false"/>
						<line number="61" hits="0" branch="false"/>
						<line number="62" hits="0" branch="false"/>
						<line number="65" hits="0" branch="false"/>
					</lines>
				</class>
			</classes>
		</package>
		<package name="org.opensocial.explorer.server.oauth2" line-rate="0.25" branch-rate="0.30434782608695654" complexity="3.1176470588235294">
			<classes>
				<class name="org.opensocial.explorer.server.oauth2.OSEInMemoryCache" filename="org/opensocial/explorer/server/oauth2/OSEInMemoryCache.java" line-rate="0.8461538461538461" branch-rate="1.0" complexity="2.6">
					<methods>
						<method name="&lt;init&gt;" signature="()V" line-rate="1.0" branch-rate="1.0">
							<lines>
								<line number="32" hits="3" branch="false"/>
							</lines>
						</method>
						<method name="getAccessorKey" signature="(Ljava/lang/String;Ljava/lang/String;Ljava/lang/String;Ljava/lang/String;)Ljava/lang/String;" line-rate="1.0" branch-rate="1.0">
							<lines>
								<line number="67" hits="4" branch="true" condition-coverage="100% (4/4)">
									<conditions>
										<condition number="0" type="jump" coverage="100%"/>
										<condition number="1" type="jump" coverage="100%"/>
									</conditions>
								</line>
								<line number="68" hits="2" branch="false"/>
								<line number="70" hits="2" branch="true" condition-coverage="100% (2/2)">
									<conditions>
										<condition number="0" type="jump" coverage="100%"/>
									</conditions>
								</line>
								<line number="71" hits="2" branch="false"/>
							</lines>
						</method>
						<method name="getAccessorKey" signature="(Lorg/apache/shindig/gadgets/oauth2/OAuth2Accessor;)Ljava/lang/String;" line-rate="0.0" branch-rate="1.0">
							<lines>
								<line number="61" hits="0" branch="false"/>
							</lines>
						</method>
						<method name="getAccessorKey" signature="(Lorg/apache/shindig/gadgets/oauth2/OAuth2CallbackState;)Ljava/lang/String;" line-rate="0.0" branch-rate="1.0">
							<lines>
								<line number="54" hits="0" branch="false"/>
							</lines>
						</method>
						<method name="getClientKey" signature="(Ljava/lang/String;Ljava/lang/String;)Ljava/lang/String;" line-rate="1.0" branch-rate="1.0">
							<lines>
								<line number="37" hits="3" branch="false"/>
							</lines>
						</method>
						<method name="getTokenKey" signature="(Ljava/lang/String;Ljava/lang/String;Ljava/lang/String;Ljava/lang/String;Lorg/apache/shindig/gadgets/oauth2/OAuth2Token$Type;)Ljava/lang/String;" line-rate="1.0" branch-rate="1.0">
							<lines>
								<line number="43" hits="5" branch="true" condition-coverage="100% (4/4)">
									<conditions>
										<condition number="0" type="jump" coverage="100%"/>
										<condition number="1" type="jump" coverage="100%"/>
									</conditions>
								</line>
								<line number="44" hits="2" branch="false"/>
								<line number="46" hits="3" branch="true" condition-coverage="100% (2/2)">
									<conditions>
										<condition number="0" type="jump" coverage="100%"/>
									</conditions>
								</line>
								<line number="47" hits="3" branch="false"/>
								<line number="48" hits="3" branch="false"/>
							</lines>
						</method>
					</methods>
					<lines>
						<line number="32" hits="3" branch="false"/>
						<line number="37" hits="3" branch="false"/>
						<line number="43" hits="5" branch="true" condition-coverage="100% (4/4)">
							<conditions>
								<condition number="0" type="jump" coverage="100%"/>
								<condition number="1" type="jump" coverage="100%"/>
							</conditions>
						</line>
						<line number="44" hits="2" branch="false"/>
						<line number="46" hits="3" branch="true" condition-coverage="100% (2/2)">
							<conditions>
								<condition number="0" type="jump" coverage="100%"/>
							</conditions>
						</line>
						<line number="47" hits="3" branch="false"/>
						<line number="48" hits="3" branch="false"/>
						<line number="54" hits="0" branch="false"/>
						<line number="61" hits="0" branch="false"/>
						<line number="67" hits="4" branch="true" condition-coverage="100% (4/4)">
							<conditions>
								<condition number="0" type="jump" coverage="100%"/>
								<condition number="1" type="jump" coverage="100%"/>
							</conditions>
						</line>
						<line number="68" hits="2" branch="false"/>
						<line number="70" hits="2" branch="true" condition-coverage="100% (2/2)">
							<conditions>
								<condition number="0" type="jump" coverage="100%"/>
							</conditions>
						</line>
						<line number="71" hits="2" branch="false"/>
					</lines>
				</class>
				<class name="org.opensocial.explorer.server.oauth2.OSEOAuth2Persister" filename="org/opensocial/explorer/server/oauth2/OSEOAuth2Persister.java" line-rate="0.19727891156462585" branch-rate="0.058823529411764705" complexity="3.3333333333333335">
					<methods>
						<method name="&lt;clinit&gt;" signature="()V" line-rate="1.0" branch-rate="1.0">
							<lines>
								<line number="61" hits="1" branch="false"/>
								<line number="62" hits="1" branch="false"/>
							</lines>
						</method>
						<method name="&lt;init&gt;" signature="(Lorg/apache/shindig/gadgets/oauth2/persistence/OAuth2Encrypter;Lorg/apache/shindig/common/servlet/Authority;Ljava/lang/String;Ljava/lang/String;Ljava/lang/String;)V" line-rate="1.0" branch-rate="1.0">
							<lines>
								<line number="90" hits="1" branch="false"/>
								<line number="91" hits="1" branch="false"/>
								<line number="92" hits="1" branch="false"/>
								<line number="93" hits="1" branch="false"/>
								<line number="94" hits="1" branch="false"/>
								<line number="95" hits="1" branch="false"/>
								<line number="96" hits="1" branch="false"/>
								<line number="97" hits="1" branch="false"/>
							</lines>
						</method>
						<method name="findClient" signature="(Ljava/lang/String;Ljava/lang/String;)Lorg/apache/shindig/gadgets/oauth2/persistence/OAuth2Client;" line-rate="0.0" branch-rate="1.0">
							<lines>
								<line number="110" hits="0" branch="false"/>
							</lines>
						</method>
						<method name="findToken" signature="(Ljava/lang/String;Ljava/lang/String;Ljava/lang/String;Ljava/lang/String;Lorg/apache/shindig/gadgets/oauth2/OAuth2Token$Type;)Lorg/apache/shindig/gadgets/oauth2/OAuth2Token;" line-rate="0.0" branch-rate="1.0">
							<lines>
								<line number="115" hits="0" branch="false"/>
							</lines>
						</method>
						<method name="insertToken" signature="(Lorg/apache/shindig/gadgets/oauth2/OAuth2Token;)V" line-rate="0.0" branch-rate="1.0">
							<lines>
								<line number="119" hits="0" branch="false"/>
							</lines>
						</method>
						<method name="loadClients" signature="()Ljava/util/Set;" line-rate="0.0" branch-rate="0.0">
							<lines>
								<line number="125" hits="0" branch="false"/>
								<line number="126" hits="0" branch="false"/>
								<line number="127" hits="0" branch="false"/>
								<line number="129" hits="0" branch="false"/>
								<line number="132" hits="0" branch="false"/>
								<line number="133" hits="0" branch="true" condition-coverage="0% (0/2)">
									<conditions>
										<condition number="0" type="jump" coverage="0%"/>
									</conditions>
								</line>
								<line number="134" hits="0" branch="false"/>
								<line number="135" hits="0" branch="false"/>
								<line number="137" hits="0" branch="false"/>
								<line number="139" hits="0" branch="false"/>
								<line number="140" hits="0" branch="false"/>
								<line number="141" hits="0" branch="false"/>
								<line number="142" hits="0" branch="false"/>
								<line number="143" hits="0" branch="false"/>
								<line number="144" hits="0" branch="false"/>
								<line number="145" hits="0" branch="false"/>
								<line number="147" hits="0" branch="false"/>
								<line number="148" hits="0" branch="true" condition-coverage="0% (0/2)">
									<conditions>
										<condition number="0" type="jump" coverage="0%"/>
									</conditions>
								</line>
								<line number="149" hits="0" branch="false"/>
								<line number="151" hits="0" branch="false"/>
								<line number="152" hits="0" branch="false"/>
								<line number="153" hits="0" branch="false"/>
								<line number="154" hits="0" branch="false"/>
								<line number="155" hits="0" branch="false"/>
								<line number="156" hits="0" branch="true" condition-coverage="0% (0/2)">
									<conditions>
										<condition number="0" type="jump" coverage="0%"/>
									</conditions>
								</line>
								<line number="157" hits="0" branch="false"/>
								<line number="161" hits="0" branch="false"/>
								<line number="162" hits="0" branch="false"/>
								<line number="163" hits="0" branch="false"/>
								<line number="164" hits="0" branch="false"/>
								<line number="166" hits="0" branch="false"/>
								<line number="168" hits="0" branch="true" condition-coverage="0% (0/2)">
									<conditions>
										<condition number="0" type="jump" coverage="0%"/>
									</conditions>
								</line>
								<line number="169" hits="0" branch="false"/>
								<line number="170" hits="0" branch="false"/>
								<line number="171" hits="0" branch="false"/>
								<line number="172" hits="0" branch="false"/>
								<line number="174" hits="0" branch="false"/>
								<line number="176" hits="0" branch="true" condition-coverage="0% (0/4)">
									<conditions>
										<condition number="0" type="jump" coverage="0%"/>
										<condition number="1" type="jump" coverage="0%"/>
									</conditions>
								</line>
								<line number="177" hits="0" branch="false"/>
								<line number="180" hits="0" branch="false"/>
								<line number="182" hits="0" branch="false"/>
								<line number="183" hits="0" branch="true" condition-coverage="0% (0/2)">
									<conditions>
										<condition number="0" type="jump" coverage="0%"/>
									</conditions>
								</line>
								<line number="184" hits="0" branch="false"/>
								<line number="185" hits="0" branch="true" condition-coverage="0% (0/2)">
									<conditions>
										<condition number="0" type="jump" coverage="0%"/>
									</conditions>
								</line>
								<line number="186" hits="0" branch="false"/>
								<line number="188" hits="0" branch="false"/>
								<line number="190" hits="0" branch="false"/>
								<line number="191" hits="0" branch="true" condition-coverage="0% (0/2)">
									<conditions>
										<condition number="0" type="jump" coverage="0%"/>
									</conditions>
								</line>
								<line number="192" hits="0" branch="false"/>
								<line number="193" hits="0" branch="true" condition-coverage="0% (0/2)">
									<conditions>
										<condition number="0" type="jump" coverage="0%"/>
									</conditions>
								</line>
								<line number="194" hits="0" branch="false"/>
								<line number="196" hits="0" branch="false"/>
								<line number="199" hits="0" branch="false"/>
								<line number="200" hits="0" branch="false"/>
								<line number="201" hits="0" branch="false"/>
								<line number="202" hits="0" branch="false"/>
								<line number="203" hits="0" branch="false"/>
								<line number="204" hits="0" branch="false"/>
								<line number="205" hits="0" branch="false"/>
								<line number="206" hits="0" branch="false"/>
								<line number="208" hits="0" branch="false"/>
								<line number="209" hits="0" branch="true" condition-coverage="0% (0/2)">
									<conditions>
										<condition number="0" type="jump" coverage="0%"/>
									</conditions>
								</line>
								<line number="210" hits="0" branch="false"/>
								<line number="211" hits="0" branch="false"/>
								<line number="212" hits="0" branch="false"/>
								<line number="213" hits="0" branch="false"/>
								<line number="214" hits="0" branch="false"/>
								<line number="215" hits="0" branch="false"/>
								<line number="216" hits="0" branch="false"/>
								<line number="217" hits="0" branch="false"/>
								<line number="219" hits="0" branch="false"/>
							</lines>
						</method>
						<method name="loadConfig" signature="()V" line-rate="0.6666666666666666" branch-rate="1.0">
							<lines>
								<line number="100" hits="1" branch="false"/>
								<line number="102" hits="1" branch="false"/>
								<line number="103" hits="0" branch="false"/>
								<line number="104" hits="0" branch="false"/>
								<line number="105" hits="1" branch="false"/>
								<line number="106" hits="1" branch="false"/>
							</lines>
						</method>
						<method name="loadGadgetBindings" signature="()Ljava/util/Map;" line-rate="0.8125" branch-rate="1.0">
							<lines>
								<line number="236" hits="1" branch="false"/>
								<line number="237" hits="1" branch="false"/>
								<line number="240" hits="1" branch="false"/>
								<line number="241" hits="1" branch="true" condition-coverage="100% (2/2)">
									<conditions>
										<condition number="0" type="jump" coverage="100%"/>
									</conditions>
								</line>
								<line number="242" hits="2" branch="false"/>
								<line number="243" hits="2" branch="false"/>
								<line number="244" hits="2" branch="false"/>
								<line number="245" hits="2" branch="false"/>
								<line number="247" hits="2" branch="false"/>
								<line number="250" hits="2" branch="false"/>
								<line number="251" hits="2" branch="false"/>
								<line number="254" hits="0" branch="false"/>
								<line number="255" hits="0" branch="false"/>
								<line number="256" hits="0" branch="false"/>
								<line number="257" hits="1" branch="false"/>
								<line number="259" hits="1" branch="false"/>
							</lines>
						</method>
						<method name="loadProviders" signature="()Ljava/util/Map;" line-rate="0.0" branch-rate="0.0">
							<lines>
								<line number="266" hits="0" branch="false"/>
								<line number="267" hits="0" branch="false"/>
								<line number="270" hits="0" branch="false"/>
								<line number="271" hits="0" branch="true" condition-coverage="0% (0/2)">
									<conditions>
										<condition number="0" type="jump" coverage="0%"/>
									</conditions>
								</line>
								<line number="272" hits="0" branch="false"/>
								<line number="273" hits="0" branch="false"/>
								<line number="274" hits="0" branch="false"/>
								<line number="276" hits="0" branch="false"/>
								<line number="279" hits="0" branch="false"/>
								<line number="281" hits="0" branch="false"/>
								<line number="283" hits="0" branch="false"/>
								<line number="285" hits="0" branch="true" condition-coverage="0% (0/4)">
									<conditions>
										<condition number="0" type="jump" coverage="0%"/>
										<condition number="1" type="jump" coverage="0%"/>
									</conditions>
								</line>
								<line number="286" hits="0" branch="false"/>
								<line number="287" hits="0" branch="false"/>
								<line number="288" hits="0" branch="false"/>
								<line number="289" hits="0" branch="false"/>
								<line number="292" hits="0" branch="false"/>
								<line number="293" hits="0" branch="true" condition-coverage="0% (0/4)">
									<conditions>
										<condition number="0" type="jump" coverage="0%"/>
										<condition number="1" type="jump" coverage="0%"/>
									</conditions>
								</line>
								<line number="294" hits="0" branch="false"/>
								<line number="295" hits="0" branch="false"/>
								<line number="296" hits="0" branch="false"/>
								<line number="297" hits="0" branch="false"/>
								<line number="300" hits="0" branch="false"/>
								<line number="302" hits="0" branch="false"/>
								<line number="303" hits="0" branch="false"/>
								<line number="304" hits="0" branch="false"/>
								<line number="305" hits="0" branch="false"/>
								<line number="306" hits="0" branch="false"/>
								<line number="307" hits="0" branch="false"/>
								<line number="309" hits="0" branch="false"/>
								<line number="310" hits="0" branch="false"/>
								<line number="311" hits="0" branch="false"/>
								<line number="312" hits="0" branch="false"/>
								<line number="313" hits="0" branch="false"/>
								<line number="314" hits="0" branch="false"/>
								<line number="316" hits="0" branch="false"/>
							</lines>
						</method>
						<method name="loadTokens" signature="()Ljava/util/Set;" line-rate="0.0" branch-rate="1.0">
							<lines>
								<line number="223" hits="0" branch="false"/>
							</lines>
						</method>
						<method name="removeToken" signature="(Ljava/lang/String;Ljava/lang/String;Ljava/lang/String;Ljava/lang/String;Lorg/apache/shindig/gadgets/oauth2/OAuth2Token$Type;)Z" line-rate="0.0" branch-rate="1.0">
							<lines>
								<line number="228" hits="0" branch="false"/>
							</lines>
						</method>
						<method name="setConfig" signature="(Lorg/apache/wink/json4j/JSONObject;)V" line-rate="1.0" branch-rate="1.0">
							<lines>
								<line number="320" hits="1" branch="false"/>
								<line number="321" hits="1" branch="false"/>
							</lines>
						</method>
						<method name="updateToken" signature="(Lorg/apache/shindig/gadgets/oauth2/OAuth2Token;)V" line-rate="0.0" branch-rate="1.0">
							<lines>
								<line number="232" hits="0" branch="false"/>
							</lines>
						</method>
					</methods>
					<lines>
						<line number="61" hits="1" branch="false"/>
						<line number="62" hits="1" branch="false"/>
						<line number="90" hits="1" branch="false"/>
						<line number="91" hits="1" branch="false"/>
						<line number="92" hits="1" branch="false"/>
						<line number="93" hits="1" branch="false"/>
						<line number="94" hits="1" branch="false"/>
						<line number="95" hits="1" branch="false"/>
						<line number="96" hits="1" branch="false"/>
						<line number="97" hits="1" branch="false"/>
						<line number="100" hits="1" branch="false"/>
						<line number="102" hits="1" branch="false"/>
						<line number="103" hits="0" branch="false"/>
						<line number="104" hits="0" branch="false"/>
						<line number="105" hits="1" branch="false"/>
						<line number="106" hits="1" branch="false"/>
						<line number="110" hits="0" branch="false"/>
						<line number="115" hits="0" branch="false"/>
						<line number="119" hits="0" branch="false"/>
						<line number="125" hits="0" branch="false"/>
						<line number="126" hits="0" branch="false"/>
						<line number="127" hits="0" branch="false"/>
						<line number="129" hits="0" branch="false"/>
						<line number="132" hits="0" branch="false"/>
						<line number="133" hits="0" branch="true" condition-coverage="0% (0/2)">
							<conditions>
								<condition number="0" type="jump" coverage="0%"/>
							</conditions>
						</line>
						<line number="134" hits="0" branch="false"/>
						<line number="135" hits="0" branch="false"/>
						<line number="137" hits="0" branch="false"/>
						<line number="139" hits="0" branch="false"/>
						<line number="140" hits="0" branch="false"/>
						<line number="141" hits="0" branch="false"/>
						<line number="142" hits="0" branch="false"/>
						<line number="143" hits="0" branch="false"/>
						<line number="144" hits="0" branch="false"/>
						<line number="145" hits="0" branch="false"/>
						<line number="147" hits="0" branch="false"/>
						<line number="148" hits="0" branch="true" condition-coverage="0% (0/2)">
							<conditions>
								<condition number="0" type="jump" coverage="0%"/>
							</conditions>
						</line>
						<line number="149" hits="0" branch="false"/>
						<line number="151" hits="0" branch="false"/>
						<line number="152" hits="0" branch="false"/>
						<line number="153" hits="0" branch="false"/>
						<line number="154" hits="0" branch="false"/>
						<line number="155" hits="0" branch="false"/>
						<line number="156" hits="0" branch="true" condition-coverage="0% (0/2)">
							<conditions>
								<condition number="0" type="jump" coverage="0%"/>
							</conditions>
						</line>
						<line number="157" hits="0" branch="false"/>
						<line number="161" hits="0" branch="false"/>
						<line number="162" hits="0" branch="false"/>
						<line number="163" hits="0" branch="false"/>
						<line number="164" hits="0" branch="false"/>
						<line number="166" hits="0" branch="false"/>
						<line number="168" hits="0" branch="true" condition-coverage="0% (0/2)">
							<conditions>
								<condition number="0" type="jump" coverage="0%"/>
							</conditions>
						</line>
						<line number="169" hits="0" branch="false"/>
						<line number="170" hits="0" branch="false"/>
						<line number="171" hits="0" branch="false"/>
						<line number="172" hits="0" branch="false"/>
						<line number="174" hits="0" branch="false"/>
						<line number="176" hits="0" branch="true" condition-coverage="0% (0/4)">
							<conditions>
								<condition number="0" type="jump" coverage="0%"/>
								<condition number="1" type="jump" coverage="0%"/>
							</conditions>
						</line>
						<line number="177" hits="0" branch="false"/>
						<line number="180" hits="0" branch="false"/>
						<line number="182" hits="0" branch="false"/>
						<line number="183" hits="0" branch="true" condition-coverage="0% (0/2)">
							<conditions>
								<condition number="0" type="jump" coverage="0%"/>
							</conditions>
						</line>
						<line number="184" hits="0" branch="false"/>
						<line number="185" hits="0" branch="true" condition-coverage="0% (0/2)">
							<conditions>
								<condition number="0" type="jump" coverage="0%"/>
							</conditions>
						</line>
						<line number="186" hits="0" branch="false"/>
						<line number="188" hits="0" branch="false"/>
						<line number="190" hits="0" branch="false"/>
						<line number="191" hits="0" branch="true" condition-coverage="0% (0/2)">
							<conditions>
								<condition number="0" type="jump" coverage="0%"/>
							</conditions>
						</line>
						<line number="192" hits="0" branch="false"/>
						<line number="193" hits="0" branch="true" condition-coverage="0% (0/2)">
							<conditions>
								<condition number="0" type="jump" coverage="0%"/>
							</conditions>
						</line>
						<line number="194" hits="0" branch="false"/>
						<line number="196" hits="0" branch="false"/>
						<line number="199" hits="0" branch="false"/>
						<line number="200" hits="0" branch="false"/>
						<line number="201" hits="0" branch="false"/>
						<line number="202" hits="0" branch="false"/>
						<line number="203" hits="0" branch="false"/>
						<line number="204" hits="0" branch="false"/>
						<line number="205" hits="0" branch="false"/>
						<line number="206" hits="0" branch="false"/>
						<line number="208" hits="0" branch="false"/>
						<line number="209" hits="0" branch="true" condition-coverage="0% (0/2)">
							<conditions>
								<condition number="0" type="jump" coverage="0%"/>
							</conditions>
						</line>
						<line number="210" hits="0" branch="false"/>
						<line number="211" hits="0" branch="false"/>
						<line number="212" hits="0" branch="false"/>
						<line number="213" hits="0" branch="false"/>
						<line number="214" hits="0" branch="false"/>
						<line number="215" hits="0" branch="false"/>
						<line number="216" hits="0" branch="false"/>
						<line number="217" hits="0" branch="false"/>
						<line number="219" hits="0" branch="false"/>
						<line number="223" hits="0" branch="false"/>
						<line number="228" hits="0" branch="false"/>
						<line number="232" hits="0" branch="false"/>
						<line number="236" hits="1" branch="false"/>
						<line number="237" hits="1" branch="false"/>
						<line number="240" hits="1" branch="false"/>
						<line number="241" hits="1" branch="true" condition-coverage="100% (2/2)">
							<conditions>
								<condition number="0" type="jump" coverage="100%"/>
							</conditions>
						</line>
						<line number="242" hits="2" branch="false"/>
						<line number="243" hits="2" branch="false"/>
						<line number="244" hits="2" branch="false"/>
						<line number="245" hits="2" branch="false"/>
						<line number="247" hits="2" branch="false"/>
						<line number="250" hits="2" branch="false"/>
						<line number="251" hits="2" branch="false"/>
						<line number="254" hits="0" branch="false"/>
						<line number="255" hits="0" branch="false"/>
						<line number="256" hits="0" branch="false"/>
						<line number="257" hits="1" branch="false"/>
						<line number="259" hits="1" branch="false"/>
						<line number="266" hits="0" branch="false"/>
						<line number="267" hits="0" branch="false"/>
						<line number="270" hits="0" branch="false"/>
						<line number="271" hits="0" branch="true" condition-coverage="0% (0/2)">
							<conditions>
								<condition number="0" type="jump" coverage="0%"/>
							</conditions>
						</line>
						<line number="272" hits="0" branch="false"/>
						<line number="273" hits="0" branch="false"/>
						<line number="274" hits="0" branch="false"/>
						<line number="276" hits="0" branch="false"/>
						<line number="279" hits="0" branch="false"/>
						<line number="281" hits="0" branch="false"/>
						<line number="283" hits="0" branch="false"/>
						<line number="285" hits="0" branch="true" condition-coverage="0% (0/4)">
							<conditions>
								<condition number="0" type="jump" coverage="0%"/>
								<condition number="1" type="jump" coverage="0%"/>
							</conditions>
						</line>
						<line number="286" hits="0" branch="false"/>
						<line number="287" hits="0" branch="false"/>
						<line number="288" hits="0" branch="false"/>
						<line number="289" hits="0" branch="false"/>
						<line number="292" hits="0" branch="false"/>
						<line number="293" hits="0" branch="true" condition-coverage="0% (0/4)">
							<conditions>
								<condition number="0" type="jump" coverage="0%"/>
								<condition number="1" type="jump" coverage="0%"/>
							</conditions>
						</line>
						<line number="294" hits="0" branch="false"/>
						<line number="295" hits="0" branch="false"/>
						<line number="296" hits="0" branch="false"/>
						<line number="297" hits="0" branch="false"/>
						<line number="300" hits="0" branch="false"/>
						<line number="302" hits="0" branch="false"/>
						<line number="303" hits="0" branch="false"/>
						<line number="304" hits="0" branch="false"/>
						<line number="305" hits="0" branch="false"/>
						<line number="306" hits="0" branch="false"/>
						<line number="307" hits="0" branch="false"/>
						<line number="309" hits="0" branch="false"/>
						<line number="310" hits="0" branch="false"/>
						<line number="311" hits="0" branch="false"/>
						<line number="312" hits="0" branch="false"/>
						<line number="313" hits="0" branch="false"/>
						<line number="314" hits="0" branch="false"/>
						<line number="316" hits="0" branch="false"/>
						<line number="320" hits="1" branch="false"/>
						<line number="321" hits="1" branch="false"/>
					</lines>
				</class>
			</classes>
		</package>
		<package name="org.opensocial.explorer.server.openid" line-rate="0.6586538461538461" branch-rate="0.5652173913043478" complexity="2.0">
			<classes>
				<class name="org.opensocial.explorer.server.openid.BasicOpenIDProviderStore" filename="org/opensocial/explorer/server/openid/BasicOpenIDProviderStore.java" line-rate="0.6888888888888889" branch-rate="0.9" complexity="1.875">
					<methods>
						<method name="&lt;clinit&gt;" signature="()V" line-rate="1.0" branch-rate="1.0">
							<lines>
								<line number="37" hits="1" branch="false"/>
								<line number="38" hits="1" branch="false"/>
							</lines>
						</method>
						<method name="&lt;init&gt;" signature="()V" line-rate="0.0" branch-rate="1.0">
							<lines>
								<line number="44" hits="0" branch="false"/>
								<line number="45" hits="0" branch="false"/>
								<line number="46" hits="0" branch="false"/>
								<line number="48" hits="0" branch="false"/>
								<line number="49" hits="0" branch="false"/>
								<line number="50" hits="0" branch="false"/>
								<line number="51" hits="0" branch="false"/>
								<line number="52" hits="0" branch="false"/>
								<line number="53" hits="0" branch="false"/>
								<line number="54" hits="0" branch="false"/>
							</lines>
						</method>
						<method name="&lt;init&gt;" signature="(Lorg/apache/wink/json4j/JSONObject;)V" line-rate="1.0" branch-rate="1.0">
							<lines>
								<line number="74" hits="9" branch="false"/>
								<line number="75" hits="9" branch="false"/>
								<line number="76" hits="9" branch="false"/>
								<line number="77" hits="9" branch="false"/>
							</lines>
						</method>
						<method name="addJsonProvider" signature="(Ljava/lang/String;Lorg/apache/wink/json4j/JSONObject;)V" line-rate="0.8" branch-rate="1.0">
							<lines>
								<line number="106" hits="8" branch="false"/>
								<line number="107" hits="8" branch="true" condition-coverage="100% (2/2)">
									<conditions>
										<condition number="0" type="jump" coverage="100%"/>
									</conditions>
								</line>
								<line number="109" hits="6" branch="false"/>
								<line number="110" hits="6" branch="false"/>
								<line number="111" hits="6" branch="false"/>
								<line number="112" hits="6" branch="false"/>
								<line number="113" hits="0" branch="false"/>
								<line number="114" hits="0" branch="false"/>
								<line number="115" hits="6" branch="false"/>
								<line number="117" hits="8" branch="false"/>
							</lines>
						</method>
						<method name="addProvider" signature="(Lorg/opensocial/explorer/server/openid/OpenIDProvider;)V" line-rate="1.0" branch-rate="1.0">
							<lines>
								<line number="133" hits="2" branch="false"/>
								<line number="134" hits="2" branch="false"/>
							</lines>
						</method>
						<method name="getProviders" signature="()Ljava/util/Set;" line-rate="1.0" branch-rate="1.0">
							<lines>
								<line number="137" hits="6" branch="false"/>
							</lines>
						</method>
						<method name="loadProviders" signature="(Lorg/apache/wink/json4j/JSONObject;)V" line-rate="0.8461538461538461" branch-rate="1.0">
							<lines>
								<line number="84" hits="9" branch="false"/>
								<line number="86" hits="9" branch="true" condition-coverage="100% (2/2)">
									<conditions>
										<condition number="0" type="jump" coverage="100%"/>
									</conditions>
								</line>
								<line number="87" hits="5" branch="false"/>
								<line number="88" hits="5" branch="false"/>
								<line number="89" hits="13" branch="true" condition-coverage="100% (2/2)">
									<conditions>
										<condition number="0" type="jump" coverage="100%"/>
									</conditions>
								</line>
								<line number="90" hits="8" branch="false"/>
								<line number="91" hits="8" branch="false"/>
								<line number="92" hits="8" branch="false"/>
								<line number="93" hits="8" branch="false"/>
								<line number="95" hits="0" branch="false"/>
								<line number="96" hits="0" branch="false"/>
								<line number="97" hits="9" branch="false"/>
								<line number="98" hits="9" branch="false"/>
							</lines>
						</method>
						<method name="removeProvider" signature="(Lorg/opensocial/explorer/server/openid/OpenIDProvider;)V" line-rate="1.0" branch-rate="1.0">
							<lines>
								<line number="129" hits="2" branch="false"/>
								<line number="130" hits="2" branch="false"/>
							</lines>
						</method>
						<method name="validateProvider" signature="(Lorg/apache/wink/json4j/JSONObject;)Z" line-rate="1.0" branch-rate="0.75">
							<lines>
								<line number="125" hits="8" branch="true" condition-coverage="75% (3/4)">
									<conditions>
										<condition number="0" type="jump" coverage="100%"/>
										<condition number="1" type="jump" coverage="50%"/>
									</conditions>
								</line>
							</lines>
						</method>
					</methods>
					<lines>
						<line number="37" hits="1" branch="false"/>
						<line number="38" hits="1" branch="false"/>
						<line number="44" hits="0" branch="false"/>
						<line number="45" hits="0" branch="false"/>
						<line number="46" hits="0" branch="false"/>
						<line number="48" hits="0" branch="false"/>
						<line number="49" hits="0" branch="false"/>
						<line number="50" hits="0" branch="false"/>
						<line number="51" hits="0" branch="false"/>
						<line number="52" hits="0" branch="false"/>
						<line number="53" hits="0" branch="false"/>
						<line number="54" hits="0" branch="false"/>
						<line number="74" hits="9" branch="false"/>
						<line number="75" hits="9" branch="false"/>
						<line number="76" hits="9" branch="false"/>
						<line number="77" hits="9" branch="false"/>
						<line number="84" hits="9" branch="false"/>
						<line number="86" hits="9" branch="true" condition-coverage="100% (2/2)">
							<conditions>
								<condition number="0" type="jump" coverage="100%"/>
							</conditions>
						</line>
						<line number="87" hits="5" branch="false"/>
						<line number="88" hits="5" branch="false"/>
						<line number="89" hits="13" branch="true" condition-coverage="100% (2/2)">
							<conditions>
								<condition number="0" type="jump" coverage="100%"/>
							</conditions>
						</line>
						<line number="90" hits="8" branch="false"/>
						<line number="91" hits="8" branch="false"/>
						<line number="92" hits="8" branch="false"/>
						<line number="93" hits="8" branch="false"/>
						<line number="95" hits="0" branch="false"/>
						<line number="96" hits="0" branch="false"/>
						<line number="97" hits="9" branch="false"/>
						<line number="98" hits="9" branch="false"/>
						<line number="106" hits="8" branch="false"/>
						<line number="107" hits="8" branch="true" condition-coverage="100% (2/2)">
							<conditions>
								<condition number="0" type="jump" coverage="100%"/>
							</conditions>
						</line>
						<line number="109" hits="6" branch="false"/>
						<line number="110" hits="6" branch="false"/>
						<line number="111" hits="6" branch="false"/>
						<line number="112" hits="6" branch="false"/>
						<line number="113" hits="0" branch="false"/>
						<line number="114" hits="0" branch="false"/>
						<line number="115" hits="6" branch="false"/>
						<line number="117" hits="8" branch="false"/>
						<line number="125" hits="8" branch="true" condition-coverage="75% (3/4)">
							<conditions>
								<condition number="0" type="jump" coverage="100%"/>
								<condition number="1" type="jump" coverage="50%"/>
							</conditions>
						</line>
						<line number="129" hits="2" branch="false"/>
						<line number="130" hits="2" branch="false"/>
						<line number="133" hits="2" branch="false"/>
						<line number="134" hits="2" branch="false"/>
						<line number="137" hits="6" branch="false"/>
					</lines>
				</class>
				<class name="org.opensocial.explorer.server.openid.OpenIDConsumer" filename="org/opensocial/explorer/server/openid/OpenIDConsumer.java" line-rate="0.9024390243902439" branch-rate="0.8" complexity="4.666666666666667">
					<methods>
						<method name="&lt;init&gt;" signature="(Ljava/lang/String;Lorg/openid4java/consumer/ConsumerManager;Ljava/lang/String;Lorg/apache/shindig/common/servlet/Authority;)V" line-rate="1.0" branch-rate="1.0">
							<lines>
								<line number="64" hits="4" branch="false"/>
								<line number="65" hits="4" branch="false"/>
								<line number="67" hits="4" branch="false"/>
								<line number="68" hits="4" branch="false"/>
							</lines>
						</method>
						<method name="authRequest" signature="(Ljava/lang/String;Ljavax/servlet/http/HttpServletRequest;Ljavax/servlet/http/HttpServletResponse;)Z" line-rate="0.8571428571428571" branch-rate="1.0">
							<lines>
								<line number="86" hits="1" branch="false"/>
								<line number="90" hits="1" branch="false"/>
								<line number="93" hits="1" branch="false"/>
								<line number="96" hits="1" branch="false"/>
								<line number="99" hits="1" branch="false"/>
								<line number="100" hits="1" branch="false"/>
								<line number="104" hits="1" branch="false"/>
								<line number="107" hits="1" branch="false"/>
								<line number="108" hits="1" branch="false"/>
								<line number="109" hits="1" branch="false"/>
								<line number="115" hits="1" branch="false"/>
								<line number="116" hits="1" branch="false"/>
								<line number="126" hits="0" branch="false"/>
								<line number="128" hits="0" branch="false"/>
							</lines>
						</method>
[...]
						<line number="77" hits="4" branch="false"/>
						<line number="78" hits="4" branch="false"/>
						<line number="79" hits="4" branch="false"/>
						<line number="81" hits="4" branch="false"/>
						<line number="82" hits="4" branch="false"/>
						<line number="85" hits="1" branch="false"/>
						<line number="89" hits="1" branch="false"/>
						<line number="93" hits="1" branch="false"/>
						<line number="98" hits="12" branch="false"/>
					</lines>
				</class>
				<class name="org.opensocial.explorer.server.openid.OpenIDServlet" filename="org/opensocial/explorer/server/openid/OpenIDServlet.java" line-rate="0.0" branch-rate="0.0" complexity="3.75">
					<methods>
						<method name="&lt;clinit&gt;" signature="()V" line-rate="0.0" branch-rate="1.0">
							<lines>
								<line number="63" hits="0" branch="false"/>
								<line number="64" hits="0" branch="false"/>
							</lines>
						</method>
						<method name="&lt;init&gt;" signature="()V" line-rate="0.0" branch-rate="1.0">
							<lines>
								<line number="60" hits="0" branch="false"/>
							</lines>
						</method>
						<method name="doGet" signature="(Ljavax/servlet/http/HttpServletRequest;Ljavax/servlet/http/HttpServletResponse;)V" line-rate="0.0" branch-rate="0.0">
							<lines>
								<line number="81" hits="0" branch="false"/>
								<line number="82" hits="0" branch="true" condition-coverage="0% (0/2)">
									<conditions>
										<condition number="0" type="jump" coverage="0%"/>
									</conditions>
								</line>
								<line number="83" hits="0" branch="false"/>
								<line number="87" hits="0" branch="true" condition-coverage="0% (0/2)">
									<conditions>
										<condition number="0" type="jump" coverage="0%"/>
									</conditions>
								</line>
								<line number="89" hits="0" branch="false"/>
								<line number="90" hits="0" branch="false"/>
								<line number="91" hits="0" branch="false"/>
								<line number="94" hits="0" branch="true" condition-coverage="0% (0/2)">
									<conditions>
										<condition number="0" type="jump" coverage="0%"/>
									</conditions>
								</line>
								<line number="96" hits="0" branch="false"/>
								<line number="97" hits="0" branch="false"/>
								<line number="98" hits="0" branch="false"/>
								<line number="101" hits="0" branch="true" condition-coverage="0% (0/2)">
									<conditions>
										<condition number="0" type="jump" coverage="0%"/>
									</conditions>
								</line>
								<line number="102" hits="0" branch="false"/>
								<line number="103" hits="0" branch="false"/>
								<line number="105" hits="0" branch="false"/>
							</lines>
						</method>
						<method name="injectDependencies" signature="(Lorg/opensocial/explorer/server/openid/OpenIDConsumer;Lorg/apache/shindig/auth/SecurityTokenCodec;Lorg/opensocial/explorer/server/openid/OpenIDProviderStore;Lorg/apache/shindig/config/ContainerConfig;)V" line-rate="0.0" branch-rate="1.0">
							<lines>
								<line number="72" hits="0" branch="false"/>
								<line number="73" hits="0" branch="false"/>
								<line number="74" hits="0" branch="false"/>
								<line number="75" hits="0" branch="false"/>
								<line number="76" hits="0" branch="false"/>
							</lines>
						</method>
						<method name="returnIdentifier" signature="(Lorg/openid4java/discovery/Identifier;Ljavax/servlet/http/HttpServletResponse;)V" line-rate="0.0" branch-rate="0.0">
							<lines>
								<line number="129" hits="0" branch="false"/>
								<line number="130" hits="0" branch="false"/>
								<line number="132" hits="0" branch="false"/>
								<line number="135" hits="0" branch="false"/>
								<line number="136" hits="0" branch="false"/>
								<line number="137" hits="0" branch="false"/>
								<line number="138" hits="0" branch="false"/>
								<line number="140" hits="0" branch="false"/>
								<line number="141" hits="0" branch="false"/>
								<line number="153" hits="0" branch="false"/>
								<line number="154" hits="0" branch="false"/>
								<line number="155" hits="0" branch="false"/>
								<line number="157" hits="0" branch="true" condition-coverage="0% (0/2)">
									<conditions>
										<condition number="0" type="jump" coverage="0%"/>
									</conditions>
								</line>
								<line number="158" hits="0" branch="false"/>
								<line number="161" hits="0" branch="false"/>
							</lines>
						</method>
						<method name="returnProviders" signature="(Ljavax/servlet/http/HttpServletResponse;)V" line-rate="0.0" branch-rate="0.0">
							<lines>
								<line number="108" hits="0" branch="false"/>
								<line number="109" hits="0" branch="false"/>
								<line number="110" hits="0" branch="false"/>
								<line number="111" hits="0" branch="false"/>
								<line number="113" hits="0" branch="true" condition-coverage="0% (0/2)">
									<conditions>
										<condition number="0" type="jump" coverage="0%"/>
									</conditions>
								</line>
								<line number="114" hits="0" branch="false"/>
								<line number="115" hits="0" branch="false"/>
								<line number="116" hits="0" branch="false"/>
								<line number="117" hits="0" branch="false"/>
								<line number="118" hits="0" branch="false"/>
								<line number="119" hits="0" branch="false"/>
								<line number="120" hits="0" branch="false"/>
								<line number="122" hits="0" branch="true" condition-coverage="0% (0/2)">
									<conditions>
										<condition number="0" type="jump" coverage="0%"/>
									</conditions>
								</line>
								<line number="123" hits="0" branch="false"/>
								<line number="126" hits="0" branch="false"/>
							</lines>
						</method>
					</methods>
					<lines>
						<line number="60" hits="0" branch="false"/>
						<line number="63" hits="0" branch="false"/>
						<line number="64" hits="0" branch="false"/>
						<line number="72" hits="0" branch="false"/>
						<line number="73" hits="0" branch="false"/>
						<line number="74" hits="0" branch="false"/>
						<line number="75" hits="0" branch="false"/>
						<line number="76" hits="0" branch="false"/>
						<line number="81" hits="0" branch="false"/>
						<line number="82" hits="0" branch="true" condition-coverage="0% (0/2)">
							<conditions>
								<condition number="0" type="jump" coverage="0%"/>
							</conditions>
						</line>
						<line number="83" hits="0" branch="false"/>
						<line number="87" hits="0" branch="true" condition-coverage="0% (0/2)">
							<conditions>
								<condition number="0" type="jump" coverage="0%"/>
							</conditions>
						</line>
						<line number="89" hits="0" branch="false"/>
						<line number="90" hits="0" branch="false"/>
						<line number="91" hits="0" branch="false"/>
						<line number="94" hits="0" branch="true" condition-coverage="0% (0/2)">
							<conditions>
								<condition number="0" type="jump" coverage="0%"/>
							</conditions>
						</line>
						<line number="96" hits="0" branch="false"/>
						<line number="97" hits="0" branch="false"/>
						<line number="98" hits="0" branch="false"/>
						<line number="101" hits="0" branch="true" condition-coverage="0% (0/2)">
							<conditions>
								<condition number="0" type="jump" coverage="0%"/>
							</conditions>
						</line>
						<line number="102" hits="0" branch="false"/>
						<line number="103" hits="0" branch="false"/>
						<line number="105" hits="0" branch="false"/>
						<line number="108" hits="0" branch="false"/>
						<line number="109" hits="0" branch="false"/>
						<line number="110" hits="0" branch="false"/>
						<line number="111" hits="0" branch="false"/>
						<line number="113" hits="0" branch="true" condition-coverage="0% (0/2)">
							<conditions>
								<condition number="0" type="jump" coverage="0%"/>
							</conditions>
						</line>
						<line number="114" hits="0" branch="false"/>
						<line number="115" hits="0" branch="false"/>
						<line number="116" hits="0" branch="false"/>
						<line number="117" hits="0" branch="false"/>
						<line number="118" hits="0" branch="false"/>
						<line number="119" hits="0" branch="false"/>
						<line number="120" hits="0" branch="false"/>
						<line number="122" hits="0" branch="true" condition-coverage="0% (0/2)">
							<conditions>
								<condition number="0" type="jump" coverage="0%"/>
							</conditions>
						</line>
						<line number="123" hits="0" branch="false"/>
						<line number="126" hits="0" branch="false"/>
						<line number="129" hits="0" branch="false"/>
						<line number="130" hits="0" branch="false"/>
						<line number="132" hits="0" branch="false"/>
						<line number="135" hits="0" branch="false"/>
						<line number="136" hits="0" branch="false"/>
						<line number="137" hits="0" branch="false"/>
						<line number="138" hits="0" branch="false"/>
						<line number="140" hits="0" branch="false"/>
						<line number="141" hits="0" branch="false"/>
						<line number="153" hits="0" branch="false"/>
						<line number="154" hits="0" branch="false"/>
						<line number="155" hits="0" branch="false"/>
						<line number="157" hits="0" branch="true" condition-coverage="0% (0/2)">
							<conditions>
								<condition number="0" type="jump" coverage="0%"/>
							</conditions>
						</line>
						<line number="158" hits="0" branch="false"/>
						<line number="161" hits="0" branch="false"/>
					</lines>
				</class>
			</classes>
		</package>
		<package name="org.opensocial.explorer.server.security" line-rate="0.9130434782608695" branch-rate="0.8888888888888888" complexity="2.3333333333333335">
			<classes>
				<class name="org.opensocial.explorer.server.security.OSEAuthConfigContributor" filename="org/opensocial/explorer/server/security/OSEAuthConfigContributor.java" line-rate="1.0" branch-rate="1.0" complexity="1.25">
					<methods>
						<method name="&lt;init&gt;" signature="(Lorg/apache/shindig/auth/SecurityTokenCodec;)V" line-rate="1.0" branch-rate="1.0">
							<lines>
								<line number="39" hits="4" branch="false"/>
								<line number="40" hits="4" branch="false"/>
								<line number="41" hits="4" branch="false"/>
							</lines>
						</method>
						<method name="contribute" signature="(Ljava/util/Map;Ljava/lang/String;Ljava/lang/String;)V" line-rate="1.0" branch-rate="1.0">
							<lines>
								<line number="49" hits="2" branch="false"/>
								<line number="51" hits="2" branch="false"/>
								<line number="53" hits="2" branch="false"/>
								<line number="54" hits="2" branch="false"/>
								<line number="55" hits="1" branch="false"/>
								<line number="57" hits="1" branch="false"/>
								<line number="58" hits="2" branch="false"/>
							</lines>
						</method>
					</methods>
					<lines>
						<line number="39" hits="4" branch="false"/>
						<line number="40" hits="4" branch="false"/>
						<line number="41" hits="4" branch="false"/>
						<line number="49" hits="2" branch="false"/>
						<line number="51" hits="2" branch="false"/>
						<line number="53" hits="2" branch="false"/>
						<line number="54" hits="2" branch="false"/>
						<line number="55" hits="1" branch="false"/>
						<line number="57" hits="1" branch="false"/>
						<line number="58" hits="2" branch="false"/>
					</lines>
				</class>
				<class name="org.opensocial.explorer.server.security.OSEAuthConfigContributor$ContainerAnonymousSecurityToken" filename="org/opensocial/explorer/server/security/OSEAuthConfigContributor.java" line-rate="0.6666666666666666" branch-rate="1.0" complexity="1.25">
					<methods>
						<method name="&lt;init&gt;" signature="(Ljava/lang/String;JLjava/lang/String;)V" line-rate="1.0" branch-rate="1.0">
							<lines>
								<line number="62" hits="2" branch="false"/>
								<line number="63" hits="2" branch="false"/>
							</lines>
						</method>
						<method name="getAuthenticationMode" signature="()Ljava/lang/String;" line-rate="0.0" branch-rate="1.0">
							<lines>
								<line number="67" hits="0" branch="false"/>
							</lines>
						</method>
					</methods>
					<lines>
						<line number="62" hits="2" branch="false"/>
						<line number="63" hits="2" branch="false"/>
						<line number="67" hits="0" branch="false"/>
					</lines>
				</class>
				<class name="org.opensocial.explorer.server.security.OSESecurityTokenCodec" filename="org/opensocial/explorer/server/security/OSESecurityTokenCodec.java" line-rate="0.9090909090909091" branch-rate="0.8888888888888888" complexity="2.875">
					<methods>
						<method name="&lt;init&gt;" signature="(Lorg/apache/shindig/config/ContainerConfig;)V" line-rate="1.0" branch-rate="1.0">
							<lines>
								<line number="46" hits="9" branch="false"/>
								<line number="47" hits="9" branch="false"/>
								<line number="48" hits="9" branch="false"/>
								<line number="49" hits="9" branch="false"/>
								<line number="50" hits="9" branch="false"/>
							</lines>
						</method>
						<method name="createToken" signature="(Ljava/util/Map;)Lorg/apache/shindig/auth/SecurityToken;" line-rate="0.875" branch-rate="0.6666666666666666">
							<lines>
								<line number="63" hits="3" branch="false"/>
								<line number="64" hits="3" branch="true" condition-coverage="50% (2/4)">
									<conditions>
										<condition number="0" type="jump" coverage="50%"/>
										<condition number="1" type="jump" coverage="50%"/>
									</conditions>
								</line>
								<line number="65" hits="0" branch="false"/>
								<line number="68" hits="3" branch="false"/>
								<line number="70" hits="3" branch="true" condition-coverage="100% (2/2)">
									<conditions>
										<condition number="0" type="jump" coverage="100%"/>
									</conditions>
								</line>
								<line number="72" hits="1" branch="false"/>
								<line number="76" hits="2" branch="false"/>
								<line number="79" hits="3" branch="false"/>
							</lines>
						</method>
						<method name="encodeToken" signature="(Lorg/apache/shindig/auth/SecurityToken;)Ljava/lang/String;" line-rate="1.0" branch-rate="1.0">
							<lines>
								<line number="83" hits="4" branch="true" condition-coverage="100% (2/2)">
									<conditions>
										<condition number="0" type="jump" coverage="100%"/>
									</conditions>
								</line>
								<line number="84" hits="1" branch="false"/>
								<line number="86" hits="3" branch="false"/>
							</lines>
						</method>
						<method name="getCodec" signature="(Ljava/lang/String;)Lorg/apache/shindig/auth/SecurityTokenCodec;" line-rate="1.0" branch-rate="1.0">
							<lines>
								<line number="99" hits="6" branch="false"/>
								<line number="100" hits="6" branch="false"/>
							</lines>
						</method>
						<method name="getCodecByType" signature="(Ljava/lang/String;)Lorg/apache/shindig/auth/SecurityTokenCodec;" line-rate="1.0" branch-rate="1.0">
							<lines>
								<line number="105" hits="11" branch="true" condition-coverage="100% (2/2)">
									<conditions>
										<condition number="0" type="jump" coverage="100%"/>
									</conditions>
								</line>
								<line number="106" hits="4" branch="true" condition-coverage="100% (2/2)">
									<conditions>
										<condition number="0" type="jump" coverage="100%"/>
									</conditions>
								</line>
								<line number="107" hits="3" branch="false"/>
								<line number="109" hits="4" branch="false"/>
								<line number="112" hits="7" branch="true" condition-coverage="100% (2/2)">
									<conditions>
										<condition number="0" type="jump" coverage="100%"/>
									</conditions>
								</line>
								<line number="113" hits="4" branch="true" condition-coverage="100% (2/2)">
									<conditions>
										<condition number="0" type="jump" coverage="100%"/>
									</conditions>
								</line>
								<line number="114" hits="3" branch="false"/>
								<line number="116" hits="4" branch="false"/>
								<line number="119" hits="3" branch="false"/>
							</lines>
						</method>
						<method name="getTokenTimeToLive" signature="()I" line-rate="0.0" branch-rate="1.0">
							<lines>
								<line number="91" hits="0" branch="false"/>
							</lines>
						</method>
						<method name="getTokenTimeToLive" signature="(Ljava/lang/String;)I" line-rate="0.0" branch-rate="1.0">
							<lines>
								<line number="95" hits="0" branch="false"/>
							</lines>
						</method>
						<method name="populateTokenTypes" signature="(Lorg/apache/shindig/config/ContainerConfig;Ljava/util/Collection;Ljava/util/Map;)V" line-rate="1.0" branch-rate="1.0">
							<lines>
								<line number="54" hits="9" branch="true" condition-coverage="100% (2/2)">
									<conditions>
										<condition number="0" type="jump" coverage="100%"/>
									</conditions>
								</line>
								<line number="55" hits="18" branch="false"/>
								<line number="56" hits="18" branch="false"/>
								<line number="57" hits="9" branch="false"/>
							</lines>
						</method>
					</methods>
					<lines>
						<line number="46" hits="9" branch="false"/>
						<line number="47" hits="9" branch="false"/>
						<line number="48" hits="9" branch="false"/>
						<line number="49" hits="9" branch="false"/>
						<line number="50" hits="9" branch="false"/>
						<line number="54" hits="9" branch="true" condition-coverage="100% (2/2)">
							<conditions>
								<condition number="0" type="jump" coverage="100%"/>
							</conditions>
						</line>
						<line number="55" hits="18" branch="false"/>
						<line number="56" hits="18" branch="false"/>
						<line number="57" hits="9" branch="false"/>
						<line number="63" hits="3" branch="false"/>
						<line number="64" hits="3" branch="true" condition-coverage="50% (2/4)">
							<conditions>
								<condition number="0" type="jump" coverage="50%"/>
								<condition number="1" type="jump" coverage="50%"/>
							</conditions>
						</line>
						<line number="65" hits="0" branch="false"/>
						<line number="68" hits="3" branch="false"/>
						<line number="70" hits="3" branch="true" condition-coverage="100% (2/2)">
							<conditions>
								<condition number="0" type="jump" coverage="100%"/>
							</conditions>
						</line>
						<line number="72" hits="1" branch="false"/>
						<line number="76" hits="2" branch="false"/>
						<line number="79" hits="3" branch="false"/>
						<line number="83" hits="4" branch="true" condition-coverage="100% (2/2)">
							<conditions>
								<condition number="0" type="jump" coverage="100%"/>
							</conditions>
						</line>
						<line number="84" hits="1" branch="false"/>
						<line number="86" hits="3" branch="false"/>
						<line number="91" hits="0" branch="false"/>
						<line number="95" hits="0" branch="false"/>
						<line number="99" hits="6" branch="false"/>
						<line number="100" hits="6" branch="false"/>
						<line number="105" hits="11" branch="true" condition-coverage="100% (2/2)">
							<conditions>
								<condition number="0" type="jump" coverage="100%"/>
							</conditions>
						</line>
						<line number="106" hits="4" branch="true" condition-coverage="100% (2/2)">
							<conditions>
								<condition number="0" type="jump" coverage="100%"/>
							</conditions>
						</line>
						<line number="107" hits="3" branch="false"/>
						<line number="109" hits="4" branch="false"/>
						<line number="112" hits="7" branch="true" condition-coverage="100% (2/2)">
							<conditions>
								<condition number="0" type="jump" coverage="100%"/>
							</conditions>
						</line>
						<line number="113" hits="4" branch="true" condition-coverage="100% (2/2)">
							<conditions>
								<condition number="0" type="jump" coverage="100%"/>
							</conditions>
						</line>
						<line number="114" hits="3" branch="false"/>
						<line number="116" hits="4" branch="false"/>
						<line number="119" hits="3" branch="false"/>
					</lines>
				</class>
			</classes>
		</package>
	</packages>
</coverage>
